[2025-02-18T04:31:36.444+0000] {local_task_job_runner.py:123} INFO - ::group::Pre task execution logs
[2025-02-18T04:31:36.459+0000] {taskinstance.py:2614} INFO - Dependencies all met for dep_context=non-requeueable deps ti=<TaskInstance: my_first_dag.hello_task scheduled__2024-05-28T00:00:00+00:00 [queued]>
[2025-02-18T04:31:36.471+0000] {taskinstance.py:2614} INFO - Dependencies all met for dep_context=requeueable deps ti=<TaskInstance: my_first_dag.hello_task scheduled__2024-05-28T00:00:00+00:00 [queued]>
[2025-02-18T04:31:36.472+0000] {taskinstance.py:2867} INFO - Starting attempt 1 of 2
[2025-02-18T04:31:36.481+0000] {taskinstance.py:2890} INFO - Executing <Task(PythonOperator): hello_task> on 2024-05-28 00:00:00+00:00
[2025-02-18T04:31:36.489+0000] {logging_mixin.py:190} WARNING - /home/***/.local/lib/python3.12/site-packages/***/task/task_runner/standard_task_runner.py:70 DeprecationWarning: This process (pid=546) is multi-threaded, use of fork() may lead to deadlocks in the child.
[2025-02-18T04:31:36.491+0000] {standard_task_runner.py:72} INFO - Started process 554 to run task
[2025-02-18T04:31:36.491+0000] {standard_task_runner.py:104} INFO - Running: ['***', 'tasks', 'run', 'my_first_dag', 'hello_task', 'scheduled__2024-05-28T00:00:00+00:00', '--job-id', '103', '--raw', '--subdir', 'DAGS_FOLDER/my-first-dag.py', '--cfg-path', '/tmp/tmplaznmina']
[2025-02-18T04:31:36.494+0000] {standard_task_runner.py:105} INFO - Job 103: Subtask hello_task
[2025-02-18T04:31:36.517+0000] {logging_mixin.py:190} WARNING - /home/***/.local/lib/python3.12/site-packages/***/settings.py:209 DeprecationWarning: The sql_alchemy_conn option in [core] has been moved to the sql_alchemy_conn option in [database] - the old setting has been used, but please update your config.
[2025-02-18T04:31:36.552+0000] {task_command.py:467} INFO - Running <TaskInstance: my_first_dag.hello_task scheduled__2024-05-28T00:00:00+00:00 [running]> on host 3420485c558b
[2025-02-18T04:31:36.553+0000] {logging_mixin.py:190} WARNING - /home/***/.local/lib/python3.12/site-packages/***/settings.py:470 DeprecationWarning: The sql_alchemy_conn option in [core] has been moved to the sql_alchemy_conn option in [database] - the old setting has been used, but please update your config.
[2025-02-18T04:31:36.624+0000] {taskinstance.py:3134} INFO - Exporting env vars: AIRFLOW_CTX_DAG_OWNER='***' AIRFLOW_CTX_DAG_ID='my_first_dag' AIRFLOW_CTX_TASK_ID='hello_task' AIRFLOW_CTX_EXECUTION_DATE='2024-05-28T00:00:00+00:00' AIRFLOW_CTX_TRY_NUMBER='1' AIRFLOW_CTX_DAG_RUN_ID='scheduled__2024-05-28T00:00:00+00:00'
[2025-02-18T04:31:36.628+0000] {taskinstance.py:732} INFO - ::endgroup::
[2025-02-18T04:31:36.640+0000] {logging_mixin.py:190} INFO - Hello, Airflow!
[2025-02-18T04:31:36.641+0000] {python.py:240} INFO - Done. Returned value was: None
[2025-02-18T04:31:36.652+0000] {taskinstance.py:341} INFO - ::group::Post task execution logs
[2025-02-18T04:31:36.653+0000] {taskinstance.py:353} INFO - Marking task as SUCCESS. dag_id=my_first_dag, task_id=hello_task, run_id=scheduled__2024-05-28T00:00:00+00:00, execution_date=20240528T000000, start_date=20250218T043136, end_date=20250218T043136
[2025-02-18T04:31:36.720+0000] {local_task_job_runner.py:266} INFO - Task exited with return code 0
[2025-02-18T04:31:36.736+0000] {taskinstance.py:3901} INFO - 0 downstream tasks scheduled from follow-on schedule check
[2025-02-18T04:31:36.737+0000] {local_task_job_runner.py:245} INFO - ::endgroup::
[2025-02-18T16:34:33.217+0000] {local_task_job_runner.py:123} INFO - ::group::Pre task execution logs
[2025-02-18T16:34:33.240+0000] {taskinstance.py:2614} INFO - Dependencies all met for dep_context=non-requeueable deps ti=<TaskInstance: my_first_dag.hello_task scheduled__2024-05-28T00:00:00+00:00 [queued]>
[2025-02-18T16:34:33.249+0000] {taskinstance.py:2614} INFO - Dependencies all met for dep_context=requeueable deps ti=<TaskInstance: my_first_dag.hello_task scheduled__2024-05-28T00:00:00+00:00 [queued]>
[2025-02-18T16:34:33.249+0000] {taskinstance.py:2867} INFO - Starting attempt 1 of 2
[2025-02-18T16:34:33.268+0000] {taskinstance.py:2890} INFO - Executing <Task(PythonOperator): hello_task> on 2024-05-28 00:00:00+00:00
[2025-02-18T16:34:33.278+0000] {logging_mixin.py:190} WARNING - /home/***/.local/lib/python3.12/site-packages/***/task/task_runner/standard_task_runner.py:70 DeprecationWarning: This process (pid=1829) is multi-threaded, use of fork() may lead to deadlocks in the child.
[2025-02-18T16:34:33.283+0000] {standard_task_runner.py:72} INFO - Started process 1836 to run task
[2025-02-18T16:34:33.279+0000] {standard_task_runner.py:104} INFO - Running: ['***', 'tasks', 'run', 'my_first_dag', 'hello_task', 'scheduled__2024-05-28T00:00:00+00:00', '--job-id', '471', '--raw', '--subdir', 'DAGS_FOLDER/my-first-dag.py', '--cfg-path', '/tmp/tmpg7hnjir1']
[2025-02-18T16:34:33.285+0000] {standard_task_runner.py:105} INFO - Job 471: Subtask hello_task
[2025-02-18T16:34:33.320+0000] {logging_mixin.py:190} WARNING - /home/***/.local/lib/python3.12/site-packages/***/settings.py:209 DeprecationWarning: The sql_alchemy_conn option in [core] has been moved to the sql_alchemy_conn option in [database] - the old setting has been used, but please update your config.
[2025-02-18T16:34:33.434+0000] {task_command.py:467} INFO - Running <TaskInstance: my_first_dag.hello_task scheduled__2024-05-28T00:00:00+00:00 [running]> on host 8720d9c228eb
[2025-02-18T16:34:33.436+0000] {logging_mixin.py:190} WARNING - /home/***/.local/lib/python3.12/site-packages/***/settings.py:470 DeprecationWarning: The sql_alchemy_conn option in [core] has been moved to the sql_alchemy_conn option in [database] - the old setting has been used, but please update your config.
[2025-02-18T16:34:33.619+0000] {taskinstance.py:3134} INFO - Exporting env vars: AIRFLOW_CTX_DAG_OWNER='***' AIRFLOW_CTX_DAG_ID='my_first_dag' AIRFLOW_CTX_TASK_ID='hello_task' AIRFLOW_CTX_EXECUTION_DATE='2024-05-28T00:00:00+00:00' AIRFLOW_CTX_TRY_NUMBER='1' AIRFLOW_CTX_DAG_RUN_ID='scheduled__2024-05-28T00:00:00+00:00'
[2025-02-18T16:34:33.622+0000] {taskinstance.py:732} INFO - ::endgroup::
[2025-02-18T16:34:33.643+0000] {logging_mixin.py:190} INFO - Hello, Airflow!
[2025-02-18T16:34:33.644+0000] {python.py:240} INFO - Done. Returned value was: None
[2025-02-18T16:34:33.659+0000] {taskinstance.py:341} INFO - ::group::Post task execution logs
[2025-02-18T16:34:33.662+0000] {taskinstance.py:353} INFO - Marking task as SUCCESS. dag_id=my_first_dag, task_id=hello_task, run_id=scheduled__2024-05-28T00:00:00+00:00, execution_date=20240528T000000, start_date=20250218T163433, end_date=20250218T163433
[2025-02-18T16:34:33.767+0000] {local_task_job_runner.py:266} INFO - Task exited with return code 0
[2025-02-18T16:34:33.797+0000] {local_task_job_runner.py:245} INFO - ::endgroup::
