[2025-02-17T05:48:44.272+0000] {manager.py:487} INFO - Processing files using up to 2 processes at a time 
[2025-02-17T05:48:44.272+0000] {manager.py:488} INFO - Process each file at most once every 30 seconds
[2025-02-17T05:48:44.272+0000] {manager.py:490} INFO - Checking for new files in /opt/airflow/dags every 300 seconds
[2025-02-17T05:48:44.273+0000] {manager.py:758} INFO - Searching for files in /opt/airflow/dags
[2025-02-17T05:48:44.273+0000] {manager.py:761} INFO - There are 0 files in /opt/airflow/dags
[2025-02-17T05:53:45.246+0000] {manager.py:758} INFO - Searching for files in /opt/airflow/dags
[2025-02-17T05:53:45.257+0000] {manager.py:761} INFO - There are 0 files in /opt/airflow/dags
[2025-02-17T06:03:07.225+0000] {manager.py:758} INFO - Searching for files in /opt/airflow/dags
[2025-02-17T06:03:07.232+0000] {manager.py:761} INFO - There are 0 files in /opt/airflow/dags
[2025-02-17T06:33:21.424+0000] {manager.py:758} INFO - Searching for files in /opt/airflow/dags
[2025-02-17T06:33:21.428+0000] {manager.py:761} INFO - There are 0 files in /opt/airflow/dags
[2025-02-17T06:38:22.335+0000] {manager.py:758} INFO - Searching for files in /opt/airflow/dags
[2025-02-17T06:38:22.380+0000] {manager.py:761} INFO - There are 0 files in /opt/airflow/dags
[2025-02-17T06:43:23.325+0000] {manager.py:758} INFO - Searching for files in /opt/airflow/dags
[2025-02-17T06:43:23.331+0000] {manager.py:761} INFO - There are 0 files in /opt/airflow/dags
[2025-02-17T06:47:46.310+0000] {manager.py:487} INFO - Processing files using up to 2 processes at a time 
[2025-02-17T06:47:46.313+0000] {manager.py:488} INFO - Process each file at most once every 30 seconds
[2025-02-17T06:47:46.313+0000] {manager.py:490} INFO - Checking for new files in /opt/airflow/dags every 300 seconds
[2025-02-17T06:47:46.313+0000] {manager.py:758} INFO - Searching for files in /opt/airflow/dags
[2025-02-17T06:47:46.314+0000] {manager.py:761} INFO - There are 0 files in /opt/airflow/dags
[2025-02-17T06:52:46.375+0000] {manager.py:758} INFO - Searching for files in /opt/airflow/dags
[2025-02-17T06:52:46.383+0000] {manager.py:761} INFO - There are 0 files in /opt/airflow/dags
