[2025-02-18T04:31:03.955+0000] {local_task_job_runner.py:123} INFO - ::group::Pre task execution logs
[2025-02-18T04:31:03.970+0000] {taskinstance.py:2614} INFO - Dependencies all met for dep_context=non-requeueable deps ti=<TaskInstance: my_first_dag.hello_task scheduled__2024-03-24T00:00:00+00:00 [queued]>
[2025-02-18T04:31:03.980+0000] {taskinstance.py:2614} INFO - Dependencies all met for dep_context=requeueable deps ti=<TaskInstance: my_first_dag.hello_task scheduled__2024-03-24T00:00:00+00:00 [queued]>
[2025-02-18T04:31:03.981+0000] {taskinstance.py:2867} INFO - Starting attempt 1 of 2
[2025-02-18T04:31:03.988+0000] {taskinstance.py:2890} INFO - Executing <Task(PythonOperator): hello_task> on 2024-03-24 00:00:00+00:00
[2025-02-18T04:31:03.994+0000] {logging_mixin.py:190} WARNING - /home/***/.local/lib/python3.12/site-packages/***/task/task_runner/standard_task_runner.py:70 DeprecationWarning: This process (pid=345) is multi-threaded, use of fork() may lead to deadlocks in the child.
[2025-02-18T04:31:03.996+0000] {standard_task_runner.py:72} INFO - Started process 353 to run task
[2025-02-18T04:31:04.000+0000] {standard_task_runner.py:104} INFO - Running: ['***', 'tasks', 'run', 'my_first_dag', 'hello_task', 'scheduled__2024-03-24T00:00:00+00:00', '--job-id', '38', '--raw', '--subdir', 'DAGS_FOLDER/my-first-dag.py', '--cfg-path', '/tmp/tmpb2g7svoo']
[2025-02-18T04:31:04.002+0000] {standard_task_runner.py:105} INFO - Job 38: Subtask hello_task
[2025-02-18T04:31:04.013+0000] {logging_mixin.py:190} WARNING - /home/***/.local/lib/python3.12/site-packages/***/settings.py:209 DeprecationWarning: The sql_alchemy_conn option in [core] has been moved to the sql_alchemy_conn option in [database] - the old setting has been used, but please update your config.
[2025-02-18T04:31:04.041+0000] {task_command.py:467} INFO - Running <TaskInstance: my_first_dag.hello_task scheduled__2024-03-24T00:00:00+00:00 [running]> on host 3420485c558b
[2025-02-18T04:31:04.043+0000] {logging_mixin.py:190} WARNING - /home/***/.local/lib/python3.12/site-packages/***/settings.py:470 DeprecationWarning: The sql_alchemy_conn option in [core] has been moved to the sql_alchemy_conn option in [database] - the old setting has been used, but please update your config.
[2025-02-18T04:31:04.104+0000] {taskinstance.py:3134} INFO - Exporting env vars: AIRFLOW_CTX_DAG_OWNER='***' AIRFLOW_CTX_DAG_ID='my_first_dag' AIRFLOW_CTX_TASK_ID='hello_task' AIRFLOW_CTX_EXECUTION_DATE='2024-03-24T00:00:00+00:00' AIRFLOW_CTX_TRY_NUMBER='1' AIRFLOW_CTX_DAG_RUN_ID='scheduled__2024-03-24T00:00:00+00:00'
[2025-02-18T04:31:04.106+0000] {taskinstance.py:732} INFO - ::endgroup::
[2025-02-18T04:31:04.114+0000] {logging_mixin.py:190} INFO - Hello, Airflow!
[2025-02-18T04:31:04.115+0000] {python.py:240} INFO - Done. Returned value was: None
[2025-02-18T04:31:04.119+0000] {taskinstance.py:341} INFO - ::group::Post task execution logs
[2025-02-18T04:31:04.120+0000] {taskinstance.py:353} INFO - Marking task as SUCCESS. dag_id=my_first_dag, task_id=hello_task, run_id=scheduled__2024-03-24T00:00:00+00:00, execution_date=20240324T000000, start_date=20250218T043103, end_date=20250218T043104
[2025-02-18T04:31:04.139+0000] {local_task_job_runner.py:266} INFO - Task exited with return code 0
[2025-02-18T04:31:04.148+0000] {taskinstance.py:3901} INFO - 0 downstream tasks scheduled from follow-on schedule check
[2025-02-18T04:31:04.148+0000] {local_task_job_runner.py:245} INFO - ::endgroup::
[2025-02-18T16:34:06.377+0000] {local_task_job_runner.py:123} INFO - ::group::Pre task execution logs
[2025-02-18T16:34:06.398+0000] {taskinstance.py:2614} INFO - Dependencies all met for dep_context=non-requeueable deps ti=<TaskInstance: my_first_dag.hello_task scheduled__2024-03-24T00:00:00+00:00 [queued]>
[2025-02-18T16:34:06.407+0000] {taskinstance.py:2614} INFO - Dependencies all met for dep_context=requeueable deps ti=<TaskInstance: my_first_dag.hello_task scheduled__2024-03-24T00:00:00+00:00 [queued]>
[2025-02-18T16:34:06.409+0000] {taskinstance.py:2867} INFO - Starting attempt 1 of 2
[2025-02-18T16:34:06.423+0000] {taskinstance.py:2890} INFO - Executing <Task(PythonOperator): hello_task> on 2024-03-24 00:00:00+00:00
[2025-02-18T16:34:06.429+0000] {logging_mixin.py:190} WARNING - /home/***/.local/lib/python3.12/site-packages/***/task/task_runner/standard_task_runner.py:70 DeprecationWarning: This process (pid=1629) is multi-threaded, use of fork() may lead to deadlocks in the child.
[2025-02-18T16:34:06.429+0000] {standard_task_runner.py:104} INFO - Running: ['***', 'tasks', 'run', 'my_first_dag', 'hello_task', 'scheduled__2024-03-24T00:00:00+00:00', '--job-id', '406', '--raw', '--subdir', 'DAGS_FOLDER/my-first-dag.py', '--cfg-path', '/tmp/tmp9r8qq3nh']
[2025-02-18T16:34:06.432+0000] {standard_task_runner.py:105} INFO - Job 406: Subtask hello_task
[2025-02-18T16:34:06.431+0000] {standard_task_runner.py:72} INFO - Started process 1636 to run task
[2025-02-18T16:34:06.445+0000] {logging_mixin.py:190} WARNING - /home/***/.local/lib/python3.12/site-packages/***/settings.py:209 DeprecationWarning: The sql_alchemy_conn option in [core] has been moved to the sql_alchemy_conn option in [database] - the old setting has been used, but please update your config.
[2025-02-18T16:34:06.480+0000] {task_command.py:467} INFO - Running <TaskInstance: my_first_dag.hello_task scheduled__2024-03-24T00:00:00+00:00 [running]> on host 8720d9c228eb
[2025-02-18T16:34:06.481+0000] {logging_mixin.py:190} WARNING - /home/***/.local/lib/python3.12/site-packages/***/settings.py:470 DeprecationWarning: The sql_alchemy_conn option in [core] has been moved to the sql_alchemy_conn option in [database] - the old setting has been used, but please update your config.
[2025-02-18T16:34:06.545+0000] {taskinstance.py:3134} INFO - Exporting env vars: AIRFLOW_CTX_DAG_OWNER='***' AIRFLOW_CTX_DAG_ID='my_first_dag' AIRFLOW_CTX_TASK_ID='hello_task' AIRFLOW_CTX_EXECUTION_DATE='2024-03-24T00:00:00+00:00' AIRFLOW_CTX_TRY_NUMBER='1' AIRFLOW_CTX_DAG_RUN_ID='scheduled__2024-03-24T00:00:00+00:00'
[2025-02-18T16:34:06.546+0000] {taskinstance.py:732} INFO - ::endgroup::
[2025-02-18T16:34:06.554+0000] {logging_mixin.py:190} INFO - Hello, Airflow!
[2025-02-18T16:34:06.554+0000] {python.py:240} INFO - Done. Returned value was: None
[2025-02-18T16:34:06.560+0000] {taskinstance.py:341} INFO - ::group::Post task execution logs
[2025-02-18T16:34:06.560+0000] {taskinstance.py:353} INFO - Marking task as SUCCESS. dag_id=my_first_dag, task_id=hello_task, run_id=scheduled__2024-03-24T00:00:00+00:00, execution_date=20240324T000000, start_date=20250218T163406, end_date=20250218T163406
[2025-02-18T16:34:06.579+0000] {local_task_job_runner.py:266} INFO - Task exited with return code 0
[2025-02-18T16:34:06.588+0000] {taskinstance.py:3901} INFO - 0 downstream tasks scheduled from follow-on schedule check
[2025-02-18T16:34:06.589+0000] {local_task_job_runner.py:245} INFO - ::endgroup::
