[2025-02-18T04:31:09.468+0000] {local_task_job_runner.py:123} INFO - ::group::Pre task execution logs
[2025-02-18T04:31:09.486+0000] {taskinstance.py:2614} INFO - Dependencies all met for dep_context=non-requeueable deps ti=<TaskInstance: my_first_dag.hello_task scheduled__2024-04-10T00:00:00+00:00 [queued]>
[2025-02-18T04:31:09.501+0000] {taskinstance.py:2614} INFO - Dependencies all met for dep_context=requeueable deps ti=<TaskInstance: my_first_dag.hello_task scheduled__2024-04-10T00:00:00+00:00 [queued]>
[2025-02-18T04:31:09.504+0000] {taskinstance.py:2867} INFO - Starting attempt 1 of 2
[2025-02-18T04:31:09.526+0000] {taskinstance.py:2890} INFO - Executing <Task(PythonOperator): hello_task> on 2024-04-10 00:00:00+00:00
[2025-02-18T04:31:09.538+0000] {logging_mixin.py:190} WARNING - /home/***/.local/lib/python3.12/site-packages/***/task/task_runner/standard_task_runner.py:70 DeprecationWarning: This process (pid=396) is multi-threaded, use of fork() may lead to deadlocks in the child.
[2025-02-18T04:31:09.543+0000] {standard_task_runner.py:72} INFO - Started process 406 to run task
[2025-02-18T04:31:09.539+0000] {standard_task_runner.py:104} INFO - Running: ['***', 'tasks', 'run', 'my_first_dag', 'hello_task', 'scheduled__2024-04-10T00:00:00+00:00', '--job-id', '55', '--raw', '--subdir', 'DAGS_FOLDER/my-first-dag.py', '--cfg-path', '/tmp/tmpuo566x4t']
[2025-02-18T04:31:09.546+0000] {standard_task_runner.py:105} INFO - Job 55: Subtask hello_task
[2025-02-18T04:31:09.570+0000] {logging_mixin.py:190} WARNING - /home/***/.local/lib/python3.12/site-packages/***/settings.py:209 DeprecationWarning: The sql_alchemy_conn option in [core] has been moved to the sql_alchemy_conn option in [database] - the old setting has been used, but please update your config.
[2025-02-18T04:31:09.626+0000] {task_command.py:467} INFO - Running <TaskInstance: my_first_dag.hello_task scheduled__2024-04-10T00:00:00+00:00 [running]> on host 3420485c558b
[2025-02-18T04:31:09.628+0000] {logging_mixin.py:190} WARNING - /home/***/.local/lib/python3.12/site-packages/***/settings.py:470 DeprecationWarning: The sql_alchemy_conn option in [core] has been moved to the sql_alchemy_conn option in [database] - the old setting has been used, but please update your config.
[2025-02-18T04:31:09.722+0000] {taskinstance.py:3134} INFO - Exporting env vars: AIRFLOW_CTX_DAG_OWNER='***' AIRFLOW_CTX_DAG_ID='my_first_dag' AIRFLOW_CTX_TASK_ID='hello_task' AIRFLOW_CTX_EXECUTION_DATE='2024-04-10T00:00:00+00:00' AIRFLOW_CTX_TRY_NUMBER='1' AIRFLOW_CTX_DAG_RUN_ID='scheduled__2024-04-10T00:00:00+00:00'
[2025-02-18T04:31:09.723+0000] {taskinstance.py:732} INFO - ::endgroup::
[2025-02-18T04:31:09.735+0000] {logging_mixin.py:190} INFO - Hello, Airflow!
[2025-02-18T04:31:09.737+0000] {python.py:240} INFO - Done. Returned value was: None
[2025-02-18T04:31:09.749+0000] {taskinstance.py:341} INFO - ::group::Post task execution logs
[2025-02-18T04:31:09.750+0000] {taskinstance.py:353} INFO - Marking task as SUCCESS. dag_id=my_first_dag, task_id=hello_task, run_id=scheduled__2024-04-10T00:00:00+00:00, execution_date=20240410T000000, start_date=20250218T043109, end_date=20250218T043109
[2025-02-18T04:31:09.820+0000] {local_task_job_runner.py:266} INFO - Task exited with return code 0
[2025-02-18T04:31:09.832+0000] {taskinstance.py:3901} INFO - 0 downstream tasks scheduled from follow-on schedule check
[2025-02-18T04:31:09.833+0000] {local_task_job_runner.py:245} INFO - ::endgroup::
[2025-02-18T16:34:12.855+0000] {local_task_job_runner.py:123} INFO - ::group::Pre task execution logs
[2025-02-18T16:34:12.879+0000] {taskinstance.py:2614} INFO - Dependencies all met for dep_context=non-requeueable deps ti=<TaskInstance: my_first_dag.hello_task scheduled__2024-04-10T00:00:00+00:00 [queued]>
[2025-02-18T16:34:12.900+0000] {taskinstance.py:2614} INFO - Dependencies all met for dep_context=requeueable deps ti=<TaskInstance: my_first_dag.hello_task scheduled__2024-04-10T00:00:00+00:00 [queued]>
[2025-02-18T16:34:12.914+0000] {taskinstance.py:2867} INFO - Starting attempt 1 of 2
[2025-02-18T16:34:12.969+0000] {taskinstance.py:2890} INFO - Executing <Task(PythonOperator): hello_task> on 2024-04-10 00:00:00+00:00
[2025-02-18T16:34:12.995+0000] {standard_task_runner.py:104} INFO - Running: ['***', 'tasks', 'run', 'my_first_dag', 'hello_task', 'scheduled__2024-04-10T00:00:00+00:00', '--job-id', '423', '--raw', '--subdir', 'DAGS_FOLDER/my-first-dag.py', '--cfg-path', '/tmp/tmpw1pyet6x']
[2025-02-18T16:34:13.003+0000] {standard_task_runner.py:105} INFO - Job 423: Subtask hello_task
[2025-02-18T16:34:12.995+0000] {logging_mixin.py:190} WARNING - /home/***/.local/lib/python3.12/site-packages/***/task/task_runner/standard_task_runner.py:70 DeprecationWarning: This process (pid=1685) is multi-threaded, use of fork() may lead to deadlocks in the child.
[2025-02-18T16:34:13.012+0000] {standard_task_runner.py:72} INFO - Started process 1694 to run task
[2025-02-18T16:34:13.049+0000] {logging_mixin.py:190} WARNING - /home/***/.local/lib/python3.12/site-packages/***/settings.py:209 DeprecationWarning: The sql_alchemy_conn option in [core] has been moved to the sql_alchemy_conn option in [database] - the old setting has been used, but please update your config.
[2025-02-18T16:34:13.132+0000] {task_command.py:467} INFO - Running <TaskInstance: my_first_dag.hello_task scheduled__2024-04-10T00:00:00+00:00 [running]> on host 8720d9c228eb
[2025-02-18T16:34:13.164+0000] {logging_mixin.py:190} WARNING - /home/***/.local/lib/python3.12/site-packages/***/settings.py:470 DeprecationWarning: The sql_alchemy_conn option in [core] has been moved to the sql_alchemy_conn option in [database] - the old setting has been used, but please update your config.
[2025-02-18T16:34:13.348+0000] {taskinstance.py:3134} INFO - Exporting env vars: AIRFLOW_CTX_DAG_OWNER='***' AIRFLOW_CTX_DAG_ID='my_first_dag' AIRFLOW_CTX_TASK_ID='hello_task' AIRFLOW_CTX_EXECUTION_DATE='2024-04-10T00:00:00+00:00' AIRFLOW_CTX_TRY_NUMBER='1' AIRFLOW_CTX_DAG_RUN_ID='scheduled__2024-04-10T00:00:00+00:00'
[2025-02-18T16:34:13.351+0000] {taskinstance.py:732} INFO - ::endgroup::
[2025-02-18T16:34:13.361+0000] {logging_mixin.py:190} INFO - Hello, Airflow!
[2025-02-18T16:34:13.361+0000] {python.py:240} INFO - Done. Returned value was: None
[2025-02-18T16:34:13.377+0000] {taskinstance.py:341} INFO - ::group::Post task execution logs
[2025-02-18T16:34:13.378+0000] {taskinstance.py:353} INFO - Marking task as SUCCESS. dag_id=my_first_dag, task_id=hello_task, run_id=scheduled__2024-04-10T00:00:00+00:00, execution_date=20240410T000000, start_date=20250218T163412, end_date=20250218T163413
[2025-02-18T16:34:13.455+0000] {local_task_job_runner.py:266} INFO - Task exited with return code 0
[2025-02-18T16:34:13.558+0000] {taskinstance.py:3901} INFO - 0 downstream tasks scheduled from follow-on schedule check
[2025-02-18T16:34:13.563+0000] {local_task_job_runner.py:245} INFO - ::endgroup::
