[2025-02-18T04:30:55.419+0000] {local_task_job_runner.py:123} INFO - ::group::Pre task execution logs
[2025-02-18T04:30:55.479+0000] {taskinstance.py:2614} INFO - Dependencies all met for dep_context=non-requeueable deps ti=<TaskInstance: my_first_dag.hello_task scheduled__2024-02-28T00:00:00+00:00 [queued]>
[2025-02-18T04:30:55.518+0000] {taskinstance.py:2614} INFO - Dependencies all met for dep_context=requeueable deps ti=<TaskInstance: my_first_dag.hello_task scheduled__2024-02-28T00:00:00+00:00 [queued]>
[2025-02-18T04:30:55.527+0000] {taskinstance.py:2867} INFO - Starting attempt 1 of 2
[2025-02-18T04:30:55.572+0000] {taskinstance.py:2890} INFO - Executing <Task(PythonOperator): hello_task> on 2024-02-28 00:00:00+00:00
[2025-02-18T04:30:55.642+0000] {logging_mixin.py:190} WARNING - /home/***/.local/lib/python3.12/site-packages/***/task/task_runner/standard_task_runner.py:70 DeprecationWarning: This process (pid=266) is multi-threaded, use of fork() may lead to deadlocks in the child.
[2025-02-18T04:30:55.647+0000] {standard_task_runner.py:72} INFO - Started process 280 to run task
[2025-02-18T04:30:55.654+0000] {standard_task_runner.py:104} INFO - Running: ['***', 'tasks', 'run', 'my_first_dag', 'hello_task', 'scheduled__2024-02-28T00:00:00+00:00', '--job-id', '13', '--raw', '--subdir', 'DAGS_FOLDER/my-first-dag.py', '--cfg-path', '/tmp/tmpf60kp_5u']
[2025-02-18T04:30:55.673+0000] {standard_task_runner.py:105} INFO - Job 13: Subtask hello_task
[2025-02-18T04:30:55.845+0000] {logging_mixin.py:190} WARNING - /home/***/.local/lib/python3.12/site-packages/***/settings.py:209 DeprecationWarning: The sql_alchemy_conn option in [core] has been moved to the sql_alchemy_conn option in [database] - the old setting has been used, but please update your config.
[2025-02-18T04:30:56.083+0000] {task_command.py:467} INFO - Running <TaskInstance: my_first_dag.hello_task scheduled__2024-02-28T00:00:00+00:00 [running]> on host 3420485c558b
[2025-02-18T04:30:56.090+0000] {logging_mixin.py:190} WARNING - /home/***/.local/lib/python3.12/site-packages/***/settings.py:470 DeprecationWarning: The sql_alchemy_conn option in [core] has been moved to the sql_alchemy_conn option in [database] - the old setting has been used, but please update your config.
[2025-02-18T04:30:56.563+0000] {taskinstance.py:3134} INFO - Exporting env vars: AIRFLOW_CTX_DAG_OWNER='***' AIRFLOW_CTX_DAG_ID='my_first_dag' AIRFLOW_CTX_TASK_ID='hello_task' AIRFLOW_CTX_EXECUTION_DATE='2024-02-28T00:00:00+00:00' AIRFLOW_CTX_TRY_NUMBER='1' AIRFLOW_CTX_DAG_RUN_ID='scheduled__2024-02-28T00:00:00+00:00'
[2025-02-18T04:30:56.579+0000] {taskinstance.py:732} INFO - ::endgroup::
[2025-02-18T04:30:56.606+0000] {logging_mixin.py:190} INFO - Hello, Airflow!
[2025-02-18T04:30:56.607+0000] {python.py:240} INFO - Done. Returned value was: None
[2025-02-18T04:30:56.648+0000] {taskinstance.py:341} INFO - ::group::Post task execution logs
[2025-02-18T04:30:56.650+0000] {taskinstance.py:353} INFO - Marking task as SUCCESS. dag_id=my_first_dag, task_id=hello_task, run_id=scheduled__2024-02-28T00:00:00+00:00, execution_date=20240228T000000, start_date=20250218T043055, end_date=20250218T043056
[2025-02-18T04:30:56.746+0000] {local_task_job_runner.py:266} INFO - Task exited with return code 0
[2025-02-18T04:30:56.853+0000] {taskinstance.py:3901} INFO - 0 downstream tasks scheduled from follow-on schedule check
[2025-02-18T04:30:56.855+0000] {local_task_job_runner.py:245} INFO - ::endgroup::
[2025-02-18T16:33:58.931+0000] {local_task_job_runner.py:123} INFO - ::group::Pre task execution logs
[2025-02-18T16:33:59.022+0000] {taskinstance.py:2614} INFO - Dependencies all met for dep_context=non-requeueable deps ti=<TaskInstance: my_first_dag.hello_task scheduled__2024-02-28T00:00:00+00:00 [queued]>
[2025-02-18T16:33:59.040+0000] {taskinstance.py:2614} INFO - Dependencies all met for dep_context=requeueable deps ti=<TaskInstance: my_first_dag.hello_task scheduled__2024-02-28T00:00:00+00:00 [queued]>
[2025-02-18T16:33:59.050+0000] {taskinstance.py:2867} INFO - Starting attempt 1 of 2
[2025-02-18T16:33:59.260+0000] {taskinstance.py:2890} INFO - Executing <Task(PythonOperator): hello_task> on 2024-02-28 00:00:00+00:00
[2025-02-18T16:33:59.360+0000] {logging_mixin.py:190} WARNING - /home/***/.local/lib/python3.12/site-packages/***/task/task_runner/standard_task_runner.py:70 DeprecationWarning: This process (pid=1553) is multi-threaded, use of fork() may lead to deadlocks in the child.
[2025-02-18T16:33:59.401+0000] {standard_task_runner.py:72} INFO - Started process 1563 to run task
[2025-02-18T16:33:59.420+0000] {standard_task_runner.py:104} INFO - Running: ['***', 'tasks', 'run', 'my_first_dag', 'hello_task', 'scheduled__2024-02-28T00:00:00+00:00', '--job-id', '381', '--raw', '--subdir', 'DAGS_FOLDER/my-first-dag.py', '--cfg-path', '/tmp/tmpqjz4dfds']
[2025-02-18T16:33:59.455+0000] {standard_task_runner.py:105} INFO - Job 381: Subtask hello_task
[2025-02-18T16:33:59.538+0000] {logging_mixin.py:190} WARNING - /home/***/.local/lib/python3.12/site-packages/***/settings.py:209 DeprecationWarning: The sql_alchemy_conn option in [core] has been moved to the sql_alchemy_conn option in [database] - the old setting has been used, but please update your config.
[2025-02-18T16:33:59.688+0000] {task_command.py:467} INFO - Running <TaskInstance: my_first_dag.hello_task scheduled__2024-02-28T00:00:00+00:00 [running]> on host 8720d9c228eb
[2025-02-18T16:33:59.719+0000] {logging_mixin.py:190} WARNING - /home/***/.local/lib/python3.12/site-packages/***/settings.py:470 DeprecationWarning: The sql_alchemy_conn option in [core] has been moved to the sql_alchemy_conn option in [database] - the old setting has been used, but please update your config.
[2025-02-18T16:33:59.960+0000] {taskinstance.py:3134} INFO - Exporting env vars: AIRFLOW_CTX_DAG_OWNER='***' AIRFLOW_CTX_DAG_ID='my_first_dag' AIRFLOW_CTX_TASK_ID='hello_task' AIRFLOW_CTX_EXECUTION_DATE='2024-02-28T00:00:00+00:00' AIRFLOW_CTX_TRY_NUMBER='1' AIRFLOW_CTX_DAG_RUN_ID='scheduled__2024-02-28T00:00:00+00:00'
[2025-02-18T16:33:59.963+0000] {taskinstance.py:732} INFO - ::endgroup::
[2025-02-18T16:34:00.055+0000] {logging_mixin.py:190} INFO - Hello, Airflow!
[2025-02-18T16:34:00.133+0000] {python.py:240} INFO - Done. Returned value was: None
[2025-02-18T16:34:00.400+0000] {taskinstance.py:341} INFO - ::group::Post task execution logs
[2025-02-18T16:34:00.405+0000] {taskinstance.py:353} INFO - Marking task as SUCCESS. dag_id=my_first_dag, task_id=hello_task, run_id=scheduled__2024-02-28T00:00:00+00:00, execution_date=20240228T000000, start_date=20250218T163359, end_date=20250218T163400
[2025-02-18T16:34:00.612+0000] {local_task_job_runner.py:266} INFO - Task exited with return code 0
[2025-02-18T16:34:00.682+0000] {taskinstance.py:3901} INFO - 0 downstream tasks scheduled from follow-on schedule check
[2025-02-18T16:34:00.684+0000] {local_task_job_runner.py:245} INFO - ::endgroup::
