[2025-02-18T04:31:09.616+0000] {local_task_job_runner.py:123} INFO - ::group::Pre task execution logs
[2025-02-18T04:31:09.639+0000] {taskinstance.py:2614} INFO - Dependencies all met for dep_context=non-requeueable deps ti=<TaskInstance: my_first_dag.hello_task scheduled__2024-04-11T00:00:00+00:00 [queued]>
[2025-02-18T04:31:09.650+0000] {taskinstance.py:2614} INFO - Dependencies all met for dep_context=requeueable deps ti=<TaskInstance: my_first_dag.hello_task scheduled__2024-04-11T00:00:00+00:00 [queued]>
[2025-02-18T04:31:09.652+0000] {taskinstance.py:2867} INFO - Starting attempt 1 of 2
[2025-02-18T04:31:09.667+0000] {taskinstance.py:2890} INFO - Executing <Task(PythonOperator): hello_task> on 2024-04-11 00:00:00+00:00
[2025-02-18T04:31:09.674+0000] {logging_mixin.py:190} WARNING - /home/***/.local/lib/python3.12/site-packages/***/task/task_runner/standard_task_runner.py:70 DeprecationWarning: This process (pid=399) is multi-threaded, use of fork() may lead to deadlocks in the child.
[2025-02-18T04:31:09.675+0000] {standard_task_runner.py:72} INFO - Started process 408 to run task
[2025-02-18T04:31:09.675+0000] {standard_task_runner.py:104} INFO - Running: ['***', 'tasks', 'run', 'my_first_dag', 'hello_task', 'scheduled__2024-04-11T00:00:00+00:00', '--job-id', '56', '--raw', '--subdir', 'DAGS_FOLDER/my-first-dag.py', '--cfg-path', '/tmp/tmpiy1kn49j']
[2025-02-18T04:31:09.677+0000] {standard_task_runner.py:105} INFO - Job 56: Subtask hello_task
[2025-02-18T04:31:09.700+0000] {logging_mixin.py:190} WARNING - /home/***/.local/lib/python3.12/site-packages/***/settings.py:209 DeprecationWarning: The sql_alchemy_conn option in [core] has been moved to the sql_alchemy_conn option in [database] - the old setting has been used, but please update your config.
[2025-02-18T04:31:09.733+0000] {task_command.py:467} INFO - Running <TaskInstance: my_first_dag.hello_task scheduled__2024-04-11T00:00:00+00:00 [running]> on host 3420485c558b
[2025-02-18T04:31:09.740+0000] {logging_mixin.py:190} WARNING - /home/***/.local/lib/python3.12/site-packages/***/settings.py:470 DeprecationWarning: The sql_alchemy_conn option in [core] has been moved to the sql_alchemy_conn option in [database] - the old setting has been used, but please update your config.
[2025-02-18T04:31:09.808+0000] {taskinstance.py:3134} INFO - Exporting env vars: AIRFLOW_CTX_DAG_OWNER='***' AIRFLOW_CTX_DAG_ID='my_first_dag' AIRFLOW_CTX_TASK_ID='hello_task' AIRFLOW_CTX_EXECUTION_DATE='2024-04-11T00:00:00+00:00' AIRFLOW_CTX_TRY_NUMBER='1' AIRFLOW_CTX_DAG_RUN_ID='scheduled__2024-04-11T00:00:00+00:00'
[2025-02-18T04:31:09.810+0000] {taskinstance.py:732} INFO - ::endgroup::
[2025-02-18T04:31:09.823+0000] {logging_mixin.py:190} INFO - Hello, Airflow!
[2025-02-18T04:31:09.823+0000] {python.py:240} INFO - Done. Returned value was: None
[2025-02-18T04:31:09.833+0000] {taskinstance.py:341} INFO - ::group::Post task execution logs
[2025-02-18T04:31:09.833+0000] {taskinstance.py:353} INFO - Marking task as SUCCESS. dag_id=my_first_dag, task_id=hello_task, run_id=scheduled__2024-04-11T00:00:00+00:00, execution_date=20240411T000000, start_date=20250218T043109, end_date=20250218T043109
[2025-02-18T04:31:09.863+0000] {local_task_job_runner.py:266} INFO - Task exited with return code 0
[2025-02-18T04:31:09.873+0000] {taskinstance.py:3901} INFO - 0 downstream tasks scheduled from follow-on schedule check
[2025-02-18T04:31:09.874+0000] {local_task_job_runner.py:245} INFO - ::endgroup::
[2025-02-18T16:34:13.134+0000] {local_task_job_runner.py:123} INFO - ::group::Pre task execution logs
[2025-02-18T16:34:13.231+0000] {taskinstance.py:2614} INFO - Dependencies all met for dep_context=non-requeueable deps ti=<TaskInstance: my_first_dag.hello_task scheduled__2024-04-11T00:00:00+00:00 [queued]>
[2025-02-18T16:34:13.246+0000] {taskinstance.py:2614} INFO - Dependencies all met for dep_context=requeueable deps ti=<TaskInstance: my_first_dag.hello_task scheduled__2024-04-11T00:00:00+00:00 [queued]>
[2025-02-18T16:34:13.246+0000] {taskinstance.py:2867} INFO - Starting attempt 1 of 2
[2025-02-18T16:34:13.289+0000] {taskinstance.py:2890} INFO - Executing <Task(PythonOperator): hello_task> on 2024-04-11 00:00:00+00:00
[2025-02-18T16:34:13.313+0000] {logging_mixin.py:190} WARNING - /home/***/.local/lib/python3.12/site-packages/***/task/task_runner/standard_task_runner.py:70 DeprecationWarning: This process (pid=1690) is multi-threaded, use of fork() may lead to deadlocks in the child.
[2025-02-18T16:34:13.315+0000] {standard_task_runner.py:72} INFO - Started process 1697 to run task
[2025-02-18T16:34:13.316+0000] {standard_task_runner.py:104} INFO - Running: ['***', 'tasks', 'run', 'my_first_dag', 'hello_task', 'scheduled__2024-04-11T00:00:00+00:00', '--job-id', '424', '--raw', '--subdir', 'DAGS_FOLDER/my-first-dag.py', '--cfg-path', '/tmp/tmp5eu00dgo']
[2025-02-18T16:34:13.320+0000] {standard_task_runner.py:105} INFO - Job 424: Subtask hello_task
[2025-02-18T16:34:13.352+0000] {logging_mixin.py:190} WARNING - /home/***/.local/lib/python3.12/site-packages/***/settings.py:209 DeprecationWarning: The sql_alchemy_conn option in [core] has been moved to the sql_alchemy_conn option in [database] - the old setting has been used, but please update your config.
[2025-02-18T16:34:13.396+0000] {task_command.py:467} INFO - Running <TaskInstance: my_first_dag.hello_task scheduled__2024-04-11T00:00:00+00:00 [running]> on host 8720d9c228eb
[2025-02-18T16:34:13.398+0000] {logging_mixin.py:190} WARNING - /home/***/.local/lib/python3.12/site-packages/***/settings.py:470 DeprecationWarning: The sql_alchemy_conn option in [core] has been moved to the sql_alchemy_conn option in [database] - the old setting has been used, but please update your config.
[2025-02-18T16:34:13.589+0000] {taskinstance.py:3134} INFO - Exporting env vars: AIRFLOW_CTX_DAG_OWNER='***' AIRFLOW_CTX_DAG_ID='my_first_dag' AIRFLOW_CTX_TASK_ID='hello_task' AIRFLOW_CTX_EXECUTION_DATE='2024-04-11T00:00:00+00:00' AIRFLOW_CTX_TRY_NUMBER='1' AIRFLOW_CTX_DAG_RUN_ID='scheduled__2024-04-11T00:00:00+00:00'
[2025-02-18T16:34:13.595+0000] {taskinstance.py:732} INFO - ::endgroup::
[2025-02-18T16:34:13.624+0000] {logging_mixin.py:190} INFO - Hello, Airflow!
[2025-02-18T16:34:13.626+0000] {python.py:240} INFO - Done. Returned value was: None
[2025-02-18T16:34:13.639+0000] {taskinstance.py:341} INFO - ::group::Post task execution logs
[2025-02-18T16:34:13.641+0000] {taskinstance.py:353} INFO - Marking task as SUCCESS. dag_id=my_first_dag, task_id=hello_task, run_id=scheduled__2024-04-11T00:00:00+00:00, execution_date=20240411T000000, start_date=20250218T163413, end_date=20250218T163413
[2025-02-18T16:34:13.727+0000] {local_task_job_runner.py:266} INFO - Task exited with return code 0
[2025-02-18T16:34:13.751+0000] {taskinstance.py:3901} INFO - 0 downstream tasks scheduled from follow-on schedule check
[2025-02-18T16:34:13.753+0000] {local_task_job_runner.py:245} INFO - ::endgroup::
