[2025-02-18T04:31:04.014+0000] {local_task_job_runner.py:123} INFO - ::group::Pre task execution logs
[2025-02-18T04:31:04.027+0000] {taskinstance.py:2614} INFO - Dependencies all met for dep_context=non-requeueable deps ti=<TaskInstance: my_first_dag.hello_task scheduled__2024-03-25T00:00:00+00:00 [queued]>
[2025-02-18T04:31:04.033+0000] {taskinstance.py:2614} INFO - Dependencies all met for dep_context=requeueable deps ti=<TaskInstance: my_first_dag.hello_task scheduled__2024-03-25T00:00:00+00:00 [queued]>
[2025-02-18T04:31:04.033+0000] {taskinstance.py:2867} INFO - Starting attempt 1 of 2
[2025-02-18T04:31:04.048+0000] {taskinstance.py:2890} INFO - Executing <Task(PythonOperator): hello_task> on 2024-03-25 00:00:00+00:00
[2025-02-18T04:31:04.053+0000] {logging_mixin.py:190} WARNING - /home/***/.local/lib/python3.12/site-packages/***/task/task_runner/standard_task_runner.py:70 DeprecationWarning: This process (pid=350) is multi-threaded, use of fork() may lead to deadlocks in the child.
[2025-02-18T04:31:04.054+0000] {standard_task_runner.py:72} INFO - Started process 355 to run task
[2025-02-18T04:31:04.054+0000] {standard_task_runner.py:104} INFO - Running: ['***', 'tasks', 'run', 'my_first_dag', 'hello_task', 'scheduled__2024-03-25T00:00:00+00:00', '--job-id', '39', '--raw', '--subdir', 'DAGS_FOLDER/my-first-dag.py', '--cfg-path', '/tmp/tmpgdqbsog8']
[2025-02-18T04:31:04.056+0000] {standard_task_runner.py:105} INFO - Job 39: Subtask hello_task
[2025-02-18T04:31:04.065+0000] {logging_mixin.py:190} WARNING - /home/***/.local/lib/python3.12/site-packages/***/settings.py:209 DeprecationWarning: The sql_alchemy_conn option in [core] has been moved to the sql_alchemy_conn option in [database] - the old setting has been used, but please update your config.
[2025-02-18T04:31:04.087+0000] {task_command.py:467} INFO - Running <TaskInstance: my_first_dag.hello_task scheduled__2024-03-25T00:00:00+00:00 [running]> on host 3420485c558b
[2025-02-18T04:31:04.088+0000] {logging_mixin.py:190} WARNING - /home/***/.local/lib/python3.12/site-packages/***/settings.py:470 DeprecationWarning: The sql_alchemy_conn option in [core] has been moved to the sql_alchemy_conn option in [database] - the old setting has been used, but please update your config.
[2025-02-18T04:31:04.144+0000] {taskinstance.py:3134} INFO - Exporting env vars: AIRFLOW_CTX_DAG_OWNER='***' AIRFLOW_CTX_DAG_ID='my_first_dag' AIRFLOW_CTX_TASK_ID='hello_task' AIRFLOW_CTX_EXECUTION_DATE='2024-03-25T00:00:00+00:00' AIRFLOW_CTX_TRY_NUMBER='1' AIRFLOW_CTX_DAG_RUN_ID='scheduled__2024-03-25T00:00:00+00:00'
[2025-02-18T04:31:04.144+0000] {taskinstance.py:732} INFO - ::endgroup::
[2025-02-18T04:31:04.151+0000] {logging_mixin.py:190} INFO - Hello, Airflow!
[2025-02-18T04:31:04.151+0000] {python.py:240} INFO - Done. Returned value was: None
[2025-02-18T04:31:04.157+0000] {taskinstance.py:341} INFO - ::group::Post task execution logs
[2025-02-18T04:31:04.158+0000] {taskinstance.py:353} INFO - Marking task as SUCCESS. dag_id=my_first_dag, task_id=hello_task, run_id=scheduled__2024-03-25T00:00:00+00:00, execution_date=20240325T000000, start_date=20250218T043104, end_date=20250218T043104
[2025-02-18T04:31:04.195+0000] {local_task_job_runner.py:266} INFO - Task exited with return code 0
[2025-02-18T04:31:04.205+0000] {taskinstance.py:3901} INFO - 0 downstream tasks scheduled from follow-on schedule check
[2025-02-18T04:31:04.206+0000] {local_task_job_runner.py:245} INFO - ::endgroup::
[2025-02-18T16:34:08.856+0000] {local_task_job_runner.py:123} INFO - ::group::Pre task execution logs
[2025-02-18T16:34:08.904+0000] {taskinstance.py:2614} INFO - Dependencies all met for dep_context=non-requeueable deps ti=<TaskInstance: my_first_dag.hello_task scheduled__2024-03-25T00:00:00+00:00 [queued]>
[2025-02-18T16:34:08.926+0000] {taskinstance.py:2614} INFO - Dependencies all met for dep_context=requeueable deps ti=<TaskInstance: my_first_dag.hello_task scheduled__2024-03-25T00:00:00+00:00 [queued]>
[2025-02-18T16:34:08.929+0000] {taskinstance.py:2867} INFO - Starting attempt 1 of 2
[2025-02-18T16:34:08.964+0000] {taskinstance.py:2890} INFO - Executing <Task(PythonOperator): hello_task> on 2024-03-25 00:00:00+00:00
[2025-02-18T16:34:08.982+0000] {logging_mixin.py:190} WARNING - /home/***/.local/lib/python3.12/site-packages/***/task/task_runner/standard_task_runner.py:70 DeprecationWarning: This process (pid=1638) is multi-threaded, use of fork() may lead to deadlocks in the child.
[2025-02-18T16:34:08.988+0000] {standard_task_runner.py:72} INFO - Started process 1643 to run task
[2025-02-18T16:34:08.982+0000] {standard_task_runner.py:104} INFO - Running: ['***', 'tasks', 'run', 'my_first_dag', 'hello_task', 'scheduled__2024-03-25T00:00:00+00:00', '--job-id', '407', '--raw', '--subdir', 'DAGS_FOLDER/my-first-dag.py', '--cfg-path', '/tmp/tmp0m34q3zs']
[2025-02-18T16:34:08.991+0000] {standard_task_runner.py:105} INFO - Job 407: Subtask hello_task
[2025-02-18T16:34:09.058+0000] {logging_mixin.py:190} WARNING - /home/***/.local/lib/python3.12/site-packages/***/settings.py:209 DeprecationWarning: The sql_alchemy_conn option in [core] has been moved to the sql_alchemy_conn option in [database] - the old setting has been used, but please update your config.
[2025-02-18T16:34:09.161+0000] {task_command.py:467} INFO - Running <TaskInstance: my_first_dag.hello_task scheduled__2024-03-25T00:00:00+00:00 [running]> on host 8720d9c228eb
[2025-02-18T16:34:09.181+0000] {logging_mixin.py:190} WARNING - /home/***/.local/lib/python3.12/site-packages/***/settings.py:470 DeprecationWarning: The sql_alchemy_conn option in [core] has been moved to the sql_alchemy_conn option in [database] - the old setting has been used, but please update your config.
[2025-02-18T16:34:09.314+0000] {taskinstance.py:3134} INFO - Exporting env vars: AIRFLOW_CTX_DAG_OWNER='***' AIRFLOW_CTX_DAG_ID='my_first_dag' AIRFLOW_CTX_TASK_ID='hello_task' AIRFLOW_CTX_EXECUTION_DATE='2024-03-25T00:00:00+00:00' AIRFLOW_CTX_TRY_NUMBER='1' AIRFLOW_CTX_DAG_RUN_ID='scheduled__2024-03-25T00:00:00+00:00'
[2025-02-18T16:34:09.321+0000] {taskinstance.py:732} INFO - ::endgroup::
[2025-02-18T16:34:09.405+0000] {logging_mixin.py:190} INFO - Hello, Airflow!
[2025-02-18T16:34:09.413+0000] {python.py:240} INFO - Done. Returned value was: None
[2025-02-18T16:34:09.558+0000] {taskinstance.py:341} INFO - ::group::Post task execution logs
[2025-02-18T16:34:09.565+0000] {taskinstance.py:353} INFO - Marking task as SUCCESS. dag_id=my_first_dag, task_id=hello_task, run_id=scheduled__2024-03-25T00:00:00+00:00, execution_date=20240325T000000, start_date=20250218T163408, end_date=20250218T163409
[2025-02-18T16:34:09.731+0000] {local_task_job_runner.py:266} INFO - Task exited with return code 0
[2025-02-18T16:34:09.817+0000] {local_task_job_runner.py:245} INFO - ::endgroup::
