[2025-02-18T04:31:14.716+0000] {local_task_job_runner.py:123} INFO - ::group::Pre task execution logs
[2025-02-18T04:31:14.732+0000] {taskinstance.py:2614} INFO - Dependencies all met for dep_context=non-requeueable deps ti=<TaskInstance: my_first_dag.hello_task scheduled__2024-04-18T00:00:00+00:00 [queued]>
[2025-02-18T04:31:14.738+0000] {taskinstance.py:2614} INFO - Dependencies all met for dep_context=requeueable deps ti=<TaskInstance: my_first_dag.hello_task scheduled__2024-04-18T00:00:00+00:00 [queued]>
[2025-02-18T04:31:14.738+0000] {taskinstance.py:2867} INFO - Starting attempt 1 of 2
[2025-02-18T04:31:14.744+0000] {taskinstance.py:2890} INFO - Executing <Task(PythonOperator): hello_task> on 2024-04-18 00:00:00+00:00
[2025-02-18T04:31:14.751+0000] {logging_mixin.py:190} WARNING - /home/***/.local/lib/python3.12/site-packages/***/task/task_runner/standard_task_runner.py:70 DeprecationWarning: This process (pid=431) is multi-threaded, use of fork() may lead to deadlocks in the child.
[2025-02-18T04:31:14.752+0000] {standard_task_runner.py:72} INFO - Started process 432 to run task
[2025-02-18T04:31:14.751+0000] {standard_task_runner.py:104} INFO - Running: ['***', 'tasks', 'run', 'my_first_dag', 'hello_task', 'scheduled__2024-04-18T00:00:00+00:00', '--job-id', '63', '--raw', '--subdir', 'DAGS_FOLDER/my-first-dag.py', '--cfg-path', '/tmp/tmp1vh1wnbq']
[2025-02-18T04:31:14.754+0000] {standard_task_runner.py:105} INFO - Job 63: Subtask hello_task
[2025-02-18T04:31:14.769+0000] {logging_mixin.py:190} WARNING - /home/***/.local/lib/python3.12/site-packages/***/settings.py:209 DeprecationWarning: The sql_alchemy_conn option in [core] has been moved to the sql_alchemy_conn option in [database] - the old setting has been used, but please update your config.
[2025-02-18T04:31:14.794+0000] {task_command.py:467} INFO - Running <TaskInstance: my_first_dag.hello_task scheduled__2024-04-18T00:00:00+00:00 [running]> on host 3420485c558b
[2025-02-18T04:31:14.795+0000] {logging_mixin.py:190} WARNING - /home/***/.local/lib/python3.12/site-packages/***/settings.py:470 DeprecationWarning: The sql_alchemy_conn option in [core] has been moved to the sql_alchemy_conn option in [database] - the old setting has been used, but please update your config.
[2025-02-18T04:31:14.839+0000] {taskinstance.py:3134} INFO - Exporting env vars: AIRFLOW_CTX_DAG_OWNER='***' AIRFLOW_CTX_DAG_ID='my_first_dag' AIRFLOW_CTX_TASK_ID='hello_task' AIRFLOW_CTX_EXECUTION_DATE='2024-04-18T00:00:00+00:00' AIRFLOW_CTX_TRY_NUMBER='1' AIRFLOW_CTX_DAG_RUN_ID='scheduled__2024-04-18T00:00:00+00:00'
[2025-02-18T04:31:14.840+0000] {taskinstance.py:732} INFO - ::endgroup::
[2025-02-18T04:31:14.848+0000] {logging_mixin.py:190} INFO - Hello, Airflow!
[2025-02-18T04:31:14.849+0000] {python.py:240} INFO - Done. Returned value was: None
[2025-02-18T04:31:14.854+0000] {taskinstance.py:341} INFO - ::group::Post task execution logs
[2025-02-18T04:31:14.855+0000] {taskinstance.py:353} INFO - Marking task as SUCCESS. dag_id=my_first_dag, task_id=hello_task, run_id=scheduled__2024-04-18T00:00:00+00:00, execution_date=20240418T000000, start_date=20250218T043114, end_date=20250218T043114
[2025-02-18T04:31:14.906+0000] {local_task_job_runner.py:266} INFO - Task exited with return code 0
[2025-02-18T04:31:14.922+0000] {taskinstance.py:3901} INFO - 0 downstream tasks scheduled from follow-on schedule check
[2025-02-18T04:31:14.924+0000] {local_task_job_runner.py:245} INFO - ::endgroup::
[2025-02-18T16:34:16.136+0000] {local_task_job_runner.py:123} INFO - ::group::Pre task execution logs
[2025-02-18T16:34:16.196+0000] {taskinstance.py:2614} INFO - Dependencies all met for dep_context=non-requeueable deps ti=<TaskInstance: my_first_dag.hello_task scheduled__2024-04-18T00:00:00+00:00 [queued]>
[2025-02-18T16:34:16.211+0000] {taskinstance.py:2614} INFO - Dependencies all met for dep_context=requeueable deps ti=<TaskInstance: my_first_dag.hello_task scheduled__2024-04-18T00:00:00+00:00 [queued]>
[2025-02-18T16:34:16.213+0000] {taskinstance.py:2867} INFO - Starting attempt 1 of 2
[2025-02-18T16:34:16.242+0000] {taskinstance.py:2890} INFO - Executing <Task(PythonOperator): hello_task> on 2024-04-18 00:00:00+00:00
[2025-02-18T16:34:16.258+0000] {standard_task_runner.py:104} INFO - Running: ['***', 'tasks', 'run', 'my_first_dag', 'hello_task', 'scheduled__2024-04-18T00:00:00+00:00', '--job-id', '431', '--raw', '--subdir', 'DAGS_FOLDER/my-first-dag.py', '--cfg-path', '/tmp/tmpu88qi4q5']
[2025-02-18T16:34:16.283+0000] {standard_task_runner.py:105} INFO - Job 431: Subtask hello_task
[2025-02-18T16:34:16.283+0000] {logging_mixin.py:190} WARNING - /home/***/.local/lib/python3.12/site-packages/***/task/task_runner/standard_task_runner.py:70 DeprecationWarning: This process (pid=1707) is multi-threaded, use of fork() may lead to deadlocks in the child.
[2025-02-18T16:34:16.292+0000] {standard_task_runner.py:72} INFO - Started process 1718 to run task
[2025-02-18T16:34:16.369+0000] {logging_mixin.py:190} WARNING - /home/***/.local/lib/python3.12/site-packages/***/settings.py:209 DeprecationWarning: The sql_alchemy_conn option in [core] has been moved to the sql_alchemy_conn option in [database] - the old setting has been used, but please update your config.
[2025-02-18T16:34:16.435+0000] {task_command.py:467} INFO - Running <TaskInstance: my_first_dag.hello_task scheduled__2024-04-18T00:00:00+00:00 [running]> on host 8720d9c228eb
[2025-02-18T16:34:16.442+0000] {logging_mixin.py:190} WARNING - /home/***/.local/lib/python3.12/site-packages/***/settings.py:470 DeprecationWarning: The sql_alchemy_conn option in [core] has been moved to the sql_alchemy_conn option in [database] - the old setting has been used, but please update your config.
[2025-02-18T16:34:16.683+0000] {taskinstance.py:3134} INFO - Exporting env vars: AIRFLOW_CTX_DAG_OWNER='***' AIRFLOW_CTX_DAG_ID='my_first_dag' AIRFLOW_CTX_TASK_ID='hello_task' AIRFLOW_CTX_EXECUTION_DATE='2024-04-18T00:00:00+00:00' AIRFLOW_CTX_TRY_NUMBER='1' AIRFLOW_CTX_DAG_RUN_ID='scheduled__2024-04-18T00:00:00+00:00'
[2025-02-18T16:34:16.700+0000] {taskinstance.py:732} INFO - ::endgroup::
[2025-02-18T16:34:16.796+0000] {logging_mixin.py:190} INFO - Hello, Airflow!
[2025-02-18T16:34:16.814+0000] {python.py:240} INFO - Done. Returned value was: None
[2025-02-18T16:34:16.842+0000] {taskinstance.py:341} INFO - ::group::Post task execution logs
[2025-02-18T16:34:16.850+0000] {taskinstance.py:353} INFO - Marking task as SUCCESS. dag_id=my_first_dag, task_id=hello_task, run_id=scheduled__2024-04-18T00:00:00+00:00, execution_date=20240418T000000, start_date=20250218T163416, end_date=20250218T163416
[2025-02-18T16:34:17.088+0000] {local_task_job_runner.py:266} INFO - Task exited with return code 0
[2025-02-18T16:34:17.235+0000] {local_task_job_runner.py:245} INFO - ::endgroup::
