[2025-02-18T04:31:40.710+0000] {local_task_job_runner.py:123} INFO - ::group::Pre task execution logs
[2025-02-18T04:31:40.740+0000] {taskinstance.py:2614} INFO - Dependencies all met for dep_context=non-requeueable deps ti=<TaskInstance: my_first_dag.hello_task scheduled__2024-06-10T00:00:00+00:00 [queued]>
[2025-02-18T04:31:40.751+0000] {taskinstance.py:2614} INFO - Dependencies all met for dep_context=requeueable deps ti=<TaskInstance: my_first_dag.hello_task scheduled__2024-06-10T00:00:00+00:00 [queued]>
[2025-02-18T04:31:40.753+0000] {taskinstance.py:2867} INFO - Starting attempt 1 of 2
[2025-02-18T04:31:40.772+0000] {taskinstance.py:2890} INFO - Executing <Task(PythonOperator): hello_task> on 2024-06-10 00:00:00+00:00
[2025-02-18T04:31:40.787+0000] {logging_mixin.py:190} WARNING - /home/***/.local/lib/python3.12/site-packages/***/task/task_runner/standard_task_runner.py:70 DeprecationWarning: This process (pid=595) is multi-threaded, use of fork() may lead to deadlocks in the child.
[2025-02-18T04:31:40.794+0000] {standard_task_runner.py:72} INFO - Started process 599 to run task
[2025-02-18T04:31:40.789+0000] {standard_task_runner.py:104} INFO - Running: ['***', 'tasks', 'run', 'my_first_dag', 'hello_task', 'scheduled__2024-06-10T00:00:00+00:00', '--job-id', '116', '--raw', '--subdir', 'DAGS_FOLDER/my-first-dag.py', '--cfg-path', '/tmp/tmp_fgjdu33']
[2025-02-18T04:31:40.800+0000] {standard_task_runner.py:105} INFO - Job 116: Subtask hello_task
[2025-02-18T04:31:40.833+0000] {logging_mixin.py:190} WARNING - /home/***/.local/lib/python3.12/site-packages/***/settings.py:209 DeprecationWarning: The sql_alchemy_conn option in [core] has been moved to the sql_alchemy_conn option in [database] - the old setting has been used, but please update your config.
[2025-02-18T04:31:40.892+0000] {task_command.py:467} INFO - Running <TaskInstance: my_first_dag.hello_task scheduled__2024-06-10T00:00:00+00:00 [running]> on host 3420485c558b
[2025-02-18T04:31:40.897+0000] {logging_mixin.py:190} WARNING - /home/***/.local/lib/python3.12/site-packages/***/settings.py:470 DeprecationWarning: The sql_alchemy_conn option in [core] has been moved to the sql_alchemy_conn option in [database] - the old setting has been used, but please update your config.
[2025-02-18T04:31:41.030+0000] {taskinstance.py:3134} INFO - Exporting env vars: AIRFLOW_CTX_DAG_OWNER='***' AIRFLOW_CTX_DAG_ID='my_first_dag' AIRFLOW_CTX_TASK_ID='hello_task' AIRFLOW_CTX_EXECUTION_DATE='2024-06-10T00:00:00+00:00' AIRFLOW_CTX_TRY_NUMBER='1' AIRFLOW_CTX_DAG_RUN_ID='scheduled__2024-06-10T00:00:00+00:00'
[2025-02-18T04:31:41.034+0000] {taskinstance.py:732} INFO - ::endgroup::
[2025-02-18T04:31:41.047+0000] {logging_mixin.py:190} INFO - Hello, Airflow!
[2025-02-18T04:31:41.052+0000] {python.py:240} INFO - Done. Returned value was: None
[2025-02-18T04:31:41.077+0000] {taskinstance.py:341} INFO - ::group::Post task execution logs
[2025-02-18T04:31:41.078+0000] {taskinstance.py:353} INFO - Marking task as SUCCESS. dag_id=my_first_dag, task_id=hello_task, run_id=scheduled__2024-06-10T00:00:00+00:00, execution_date=20240610T000000, start_date=20250218T043140, end_date=20250218T043141
[2025-02-18T04:31:41.168+0000] {local_task_job_runner.py:266} INFO - Task exited with return code 0
[2025-02-18T04:31:41.195+0000] {taskinstance.py:3901} INFO - 0 downstream tasks scheduled from follow-on schedule check
[2025-02-18T04:31:41.221+0000] {local_task_job_runner.py:245} INFO - ::endgroup::
[2025-02-18T16:34:36.585+0000] {local_task_job_runner.py:123} INFO - ::group::Pre task execution logs
[2025-02-18T16:34:36.627+0000] {taskinstance.py:2614} INFO - Dependencies all met for dep_context=non-requeueable deps ti=<TaskInstance: my_first_dag.hello_task scheduled__2024-06-10T00:00:00+00:00 [queued]>
[2025-02-18T16:34:36.634+0000] {taskinstance.py:2614} INFO - Dependencies all met for dep_context=requeueable deps ti=<TaskInstance: my_first_dag.hello_task scheduled__2024-06-10T00:00:00+00:00 [queued]>
[2025-02-18T16:34:36.634+0000] {taskinstance.py:2867} INFO - Starting attempt 1 of 2
[2025-02-18T16:34:36.677+0000] {taskinstance.py:2890} INFO - Executing <Task(PythonOperator): hello_task> on 2024-06-10 00:00:00+00:00
[2025-02-18T16:34:36.687+0000] {logging_mixin.py:190} WARNING - /home/***/.local/lib/python3.12/site-packages/***/task/task_runner/standard_task_runner.py:70 DeprecationWarning: This process (pid=1868) is multi-threaded, use of fork() may lead to deadlocks in the child.
[2025-02-18T16:34:36.687+0000] {standard_task_runner.py:104} INFO - Running: ['***', 'tasks', 'run', 'my_first_dag', 'hello_task', 'scheduled__2024-06-10T00:00:00+00:00', '--job-id', '484', '--raw', '--subdir', 'DAGS_FOLDER/my-first-dag.py', '--cfg-path', '/tmp/tmpcqxbpt5n']
[2025-02-18T16:34:36.692+0000] {standard_task_runner.py:105} INFO - Job 484: Subtask hello_task
[2025-02-18T16:34:36.689+0000] {standard_task_runner.py:72} INFO - Started process 1878 to run task
[2025-02-18T16:34:36.720+0000] {logging_mixin.py:190} WARNING - /home/***/.local/lib/python3.12/site-packages/***/settings.py:209 DeprecationWarning: The sql_alchemy_conn option in [core] has been moved to the sql_alchemy_conn option in [database] - the old setting has been used, but please update your config.
[2025-02-18T16:34:36.789+0000] {task_command.py:467} INFO - Running <TaskInstance: my_first_dag.hello_task scheduled__2024-06-10T00:00:00+00:00 [running]> on host 8720d9c228eb
[2025-02-18T16:34:36.805+0000] {logging_mixin.py:190} WARNING - /home/***/.local/lib/python3.12/site-packages/***/settings.py:470 DeprecationWarning: The sql_alchemy_conn option in [core] has been moved to the sql_alchemy_conn option in [database] - the old setting has been used, but please update your config.
[2025-02-18T16:34:37.050+0000] {taskinstance.py:3134} INFO - Exporting env vars: AIRFLOW_CTX_DAG_OWNER='***' AIRFLOW_CTX_DAG_ID='my_first_dag' AIRFLOW_CTX_TASK_ID='hello_task' AIRFLOW_CTX_EXECUTION_DATE='2024-06-10T00:00:00+00:00' AIRFLOW_CTX_TRY_NUMBER='1' AIRFLOW_CTX_DAG_RUN_ID='scheduled__2024-06-10T00:00:00+00:00'
[2025-02-18T16:34:37.051+0000] {taskinstance.py:732} INFO - ::endgroup::
[2025-02-18T16:34:37.068+0000] {logging_mixin.py:190} INFO - Hello, Airflow!
[2025-02-18T16:34:37.069+0000] {python.py:240} INFO - Done. Returned value was: None
[2025-02-18T16:34:37.091+0000] {taskinstance.py:341} INFO - ::group::Post task execution logs
[2025-02-18T16:34:37.103+0000] {taskinstance.py:353} INFO - Marking task as SUCCESS. dag_id=my_first_dag, task_id=hello_task, run_id=scheduled__2024-06-10T00:00:00+00:00, execution_date=20240610T000000, start_date=20250218T163436, end_date=20250218T163437
[2025-02-18T16:34:37.188+0000] {local_task_job_runner.py:266} INFO - Task exited with return code 0
[2025-02-18T16:34:37.212+0000] {taskinstance.py:3901} INFO - 0 downstream tasks scheduled from follow-on schedule check
[2025-02-18T16:34:37.218+0000] {local_task_job_runner.py:245} INFO - ::endgroup::
