[2025-02-18T04:31:38.527+0000] {local_task_job_runner.py:123} INFO - ::group::Pre task execution logs
[2025-02-18T04:31:38.546+0000] {taskinstance.py:2614} INFO - Dependencies all met for dep_context=non-requeueable deps ti=<TaskInstance: my_first_dag.hello_task scheduled__2024-06-04T00:00:00+00:00 [queued]>
[2025-02-18T04:31:38.555+0000] {taskinstance.py:2614} INFO - Dependencies all met for dep_context=requeueable deps ti=<TaskInstance: my_first_dag.hello_task scheduled__2024-06-04T00:00:00+00:00 [queued]>
[2025-02-18T04:31:38.556+0000] {taskinstance.py:2867} INFO - Starting attempt 1 of 2
[2025-02-18T04:31:38.565+0000] {taskinstance.py:2890} INFO - Executing <Task(PythonOperator): hello_task> on 2024-06-04 00:00:00+00:00
[2025-02-18T04:31:38.573+0000] {logging_mixin.py:190} WARNING - /home/***/.local/lib/python3.12/site-packages/***/task/task_runner/standard_task_runner.py:70 DeprecationWarning: This process (pid=564) is multi-threaded, use of fork() may lead to deadlocks in the child.
[2025-02-18T04:31:38.581+0000] {standard_task_runner.py:72} INFO - Started process 576 to run task
[2025-02-18T04:31:38.587+0000] {standard_task_runner.py:104} INFO - Running: ['***', 'tasks', 'run', 'my_first_dag', 'hello_task', 'scheduled__2024-06-04T00:00:00+00:00', '--job-id', '110', '--raw', '--subdir', 'DAGS_FOLDER/my-first-dag.py', '--cfg-path', '/tmp/tmpn7ju_04p']
[2025-02-18T04:31:38.595+0000] {standard_task_runner.py:105} INFO - Job 110: Subtask hello_task
[2025-02-18T04:31:38.615+0000] {logging_mixin.py:190} WARNING - /home/***/.local/lib/python3.12/site-packages/***/settings.py:209 DeprecationWarning: The sql_alchemy_conn option in [core] has been moved to the sql_alchemy_conn option in [database] - the old setting has been used, but please update your config.
[2025-02-18T04:31:38.651+0000] {task_command.py:467} INFO - Running <TaskInstance: my_first_dag.hello_task scheduled__2024-06-04T00:00:00+00:00 [running]> on host 3420485c558b
[2025-02-18T04:31:38.655+0000] {logging_mixin.py:190} WARNING - /home/***/.local/lib/python3.12/site-packages/***/settings.py:470 DeprecationWarning: The sql_alchemy_conn option in [core] has been moved to the sql_alchemy_conn option in [database] - the old setting has been used, but please update your config.
[2025-02-18T04:31:38.740+0000] {taskinstance.py:3134} INFO - Exporting env vars: AIRFLOW_CTX_DAG_OWNER='***' AIRFLOW_CTX_DAG_ID='my_first_dag' AIRFLOW_CTX_TASK_ID='hello_task' AIRFLOW_CTX_EXECUTION_DATE='2024-06-04T00:00:00+00:00' AIRFLOW_CTX_TRY_NUMBER='1' AIRFLOW_CTX_DAG_RUN_ID='scheduled__2024-06-04T00:00:00+00:00'
[2025-02-18T04:31:38.742+0000] {taskinstance.py:732} INFO - ::endgroup::
[2025-02-18T04:31:38.758+0000] {logging_mixin.py:190} INFO - Hello, Airflow!
[2025-02-18T04:31:38.759+0000] {python.py:240} INFO - Done. Returned value was: None
[2025-02-18T04:31:38.767+0000] {taskinstance.py:341} INFO - ::group::Post task execution logs
[2025-02-18T04:31:38.768+0000] {taskinstance.py:353} INFO - Marking task as SUCCESS. dag_id=my_first_dag, task_id=hello_task, run_id=scheduled__2024-06-04T00:00:00+00:00, execution_date=20240604T000000, start_date=20250218T043138, end_date=20250218T043138
[2025-02-18T04:31:38.807+0000] {local_task_job_runner.py:266} INFO - Task exited with return code 0
[2025-02-18T04:31:38.826+0000] {taskinstance.py:3901} INFO - 0 downstream tasks scheduled from follow-on schedule check
[2025-02-18T04:31:38.829+0000] {local_task_job_runner.py:245} INFO - ::endgroup::
[2025-02-18T16:34:34.126+0000] {local_task_job_runner.py:123} INFO - ::group::Pre task execution logs
[2025-02-18T16:34:34.146+0000] {taskinstance.py:2614} INFO - Dependencies all met for dep_context=non-requeueable deps ti=<TaskInstance: my_first_dag.hello_task scheduled__2024-06-04T00:00:00+00:00 [queued]>
[2025-02-18T16:34:34.154+0000] {taskinstance.py:2614} INFO - Dependencies all met for dep_context=requeueable deps ti=<TaskInstance: my_first_dag.hello_task scheduled__2024-06-04T00:00:00+00:00 [queued]>
[2025-02-18T16:34:34.154+0000] {taskinstance.py:2867} INFO - Starting attempt 1 of 2
[2025-02-18T16:34:34.169+0000] {taskinstance.py:2890} INFO - Executing <Task(PythonOperator): hello_task> on 2024-06-04 00:00:00+00:00
[2025-02-18T16:34:34.176+0000] {logging_mixin.py:190} WARNING - /home/***/.local/lib/python3.12/site-packages/***/task/task_runner/standard_task_runner.py:70 DeprecationWarning: This process (pid=1849) is multi-threaded, use of fork() may lead to deadlocks in the child.
[2025-02-18T16:34:34.177+0000] {standard_task_runner.py:72} INFO - Started process 1857 to run task
[2025-02-18T16:34:34.178+0000] {standard_task_runner.py:104} INFO - Running: ['***', 'tasks', 'run', 'my_first_dag', 'hello_task', 'scheduled__2024-06-04T00:00:00+00:00', '--job-id', '478', '--raw', '--subdir', 'DAGS_FOLDER/my-first-dag.py', '--cfg-path', '/tmp/tmpfdrl1d9g']
[2025-02-18T16:34:34.181+0000] {standard_task_runner.py:105} INFO - Job 478: Subtask hello_task
[2025-02-18T16:34:34.210+0000] {logging_mixin.py:190} WARNING - /home/***/.local/lib/python3.12/site-packages/***/settings.py:209 DeprecationWarning: The sql_alchemy_conn option in [core] has been moved to the sql_alchemy_conn option in [database] - the old setting has been used, but please update your config.
[2025-02-18T16:34:34.244+0000] {task_command.py:467} INFO - Running <TaskInstance: my_first_dag.hello_task scheduled__2024-06-04T00:00:00+00:00 [running]> on host 8720d9c228eb
[2025-02-18T16:34:34.245+0000] {logging_mixin.py:190} WARNING - /home/***/.local/lib/python3.12/site-packages/***/settings.py:470 DeprecationWarning: The sql_alchemy_conn option in [core] has been moved to the sql_alchemy_conn option in [database] - the old setting has been used, but please update your config.
[2025-02-18T16:34:34.317+0000] {taskinstance.py:3134} INFO - Exporting env vars: AIRFLOW_CTX_DAG_OWNER='***' AIRFLOW_CTX_DAG_ID='my_first_dag' AIRFLOW_CTX_TASK_ID='hello_task' AIRFLOW_CTX_EXECUTION_DATE='2024-06-04T00:00:00+00:00' AIRFLOW_CTX_TRY_NUMBER='1' AIRFLOW_CTX_DAG_RUN_ID='scheduled__2024-06-04T00:00:00+00:00'
[2025-02-18T16:34:34.318+0000] {taskinstance.py:732} INFO - ::endgroup::
[2025-02-18T16:34:34.337+0000] {logging_mixin.py:190} INFO - Hello, Airflow!
[2025-02-18T16:34:34.339+0000] {python.py:240} INFO - Done. Returned value was: None
[2025-02-18T16:34:34.350+0000] {taskinstance.py:341} INFO - ::group::Post task execution logs
[2025-02-18T16:34:34.353+0000] {taskinstance.py:353} INFO - Marking task as SUCCESS. dag_id=my_first_dag, task_id=hello_task, run_id=scheduled__2024-06-04T00:00:00+00:00, execution_date=20240604T000000, start_date=20250218T163434, end_date=20250218T163434
[2025-02-18T16:34:34.407+0000] {local_task_job_runner.py:266} INFO - Task exited with return code 0
[2025-02-18T16:34:34.418+0000] {taskinstance.py:3901} INFO - 0 downstream tasks scheduled from follow-on schedule check
[2025-02-18T16:34:34.422+0000] {local_task_job_runner.py:245} INFO - ::endgroup::
