[2025-02-18T04:21:34.159+0000] {manager.py:483} INFO - Processing files using up to 2 processes at a time 
[2025-02-18T04:21:34.161+0000] {manager.py:484} INFO - Process each file at most once every 30 seconds
[2025-02-18T04:21:34.161+0000] {manager.py:485} INFO - Checking for new files in /opt/airflow/dags every 300 seconds
[2025-02-18T04:21:34.162+0000] {manager.py:821} INFO - Searching for files in /opt/airflow/dags
[2025-02-18T04:21:34.162+0000] {manager.py:824} INFO - There are 0 files in /opt/airflow/dags
[2025-02-18T04:26:34.822+0000] {manager.py:821} INFO - Searching for files in /opt/airflow/dags
[2025-02-18T04:26:35.471+0000] {manager.py:824} INFO - There are 1 files in /opt/airflow/dags
[2025-02-18T04:26:37.856+0000] {manager.py:997} INFO - 
================================================================================
DAG File Processing Stats

File Path                          PID    Runtime      # DAGs    # Errors  Last Runtime    Last Run               Last # of DB Queries
---------------------------------  -----  ---------  --------  ----------  --------------  -------------------  ----------------------
/opt/airflow/dags/my-first-dag.py                           1           0  0.32s           2025-02-18T04:26:35                      45
================================================================================
[2025-02-18T04:27:08.241+0000] {manager.py:997} INFO - 
================================================================================
DAG File Processing Stats

File Path                          PID    Runtime      # DAGs    # Errors  Last Runtime    Last Run               Last # of DB Queries
---------------------------------  -----  ---------  --------  ----------  --------------  -------------------  ----------------------
/opt/airflow/dags/my-first-dag.py                           1           0  0.17s           2025-02-18T04:27:06                      12
================================================================================
[2025-02-18T04:27:38.657+0000] {manager.py:997} INFO - 
================================================================================
DAG File Processing Stats

File Path                          PID    Runtime      # DAGs    # Errors  Last Runtime    Last Run               Last # of DB Queries
---------------------------------  -----  ---------  --------  ----------  --------------  -------------------  ----------------------
/opt/airflow/dags/my-first-dag.py                           1           0  0.15s           2025-02-18T04:27:36                      12
================================================================================
[2025-02-18T04:28:09.096+0000] {manager.py:997} INFO - 
================================================================================
DAG File Processing Stats

File Path                          PID    Runtime      # DAGs    # Errors  Last Runtime    Last Run               Last # of DB Queries
---------------------------------  -----  ---------  --------  ----------  --------------  -------------------  ----------------------
/opt/airflow/dags/my-first-dag.py                           1           0  0.13s           2025-02-18T04:28:07                      12
================================================================================
[2025-02-18T04:28:39.425+0000] {manager.py:997} INFO - 
================================================================================
DAG File Processing Stats

File Path                          PID    Runtime      # DAGs    # Errors  Last Runtime    Last Run               Last # of DB Queries
---------------------------------  -----  ---------  --------  ----------  --------------  -------------------  ----------------------
/opt/airflow/dags/my-first-dag.py                           1           0  0.12s           2025-02-18T04:28:37                      12
================================================================================
[2025-02-18T04:29:09.821+0000] {manager.py:997} INFO - 
================================================================================
DAG File Processing Stats

File Path                          PID    Runtime      # DAGs    # Errors  Last Runtime    Last Run               Last # of DB Queries
---------------------------------  -----  ---------  --------  ----------  --------------  -------------------  ----------------------
/opt/airflow/dags/my-first-dag.py                           1           0  0.13s           2025-02-18T04:29:07                      12
================================================================================
[2025-02-18T04:29:40.187+0000] {manager.py:997} INFO - 
================================================================================
DAG File Processing Stats

File Path                          PID    Runtime      # DAGs    # Errors  Last Runtime    Last Run               Last # of DB Queries
---------------------------------  -----  ---------  --------  ----------  --------------  -------------------  ----------------------
/opt/airflow/dags/my-first-dag.py                           1           0  0.15s           2025-02-18T04:29:38                      12
================================================================================
[2025-02-18T04:30:10.557+0000] {manager.py:997} INFO - 
================================================================================
DAG File Processing Stats

File Path                          PID    Runtime      # DAGs    # Errors  Last Runtime    Last Run               Last # of DB Queries
---------------------------------  -----  ---------  --------  ----------  --------------  -------------------  ----------------------
/opt/airflow/dags/my-first-dag.py                           1           0  0.13s           2025-02-18T04:30:08                      12
================================================================================
[2025-02-18T04:30:40.937+0000] {manager.py:997} INFO - 
================================================================================
DAG File Processing Stats

File Path                          PID    Runtime      # DAGs    # Errors  Last Runtime    Last Run               Last # of DB Queries
---------------------------------  -----  ---------  --------  ----------  --------------  -------------------  ----------------------
/opt/airflow/dags/my-first-dag.py                           1           0  0.20s           2025-02-18T04:30:39                      12
================================================================================
[2025-02-18T04:31:11.707+0000] {manager.py:997} INFO - 
================================================================================
DAG File Processing Stats

File Path                          PID    Runtime      # DAGs    # Errors  Last Runtime    Last Run               Last # of DB Queries
---------------------------------  -----  ---------  --------  ----------  --------------  -------------------  ----------------------
/opt/airflow/dags/my-first-dag.py                           1           0  0.13s           2025-02-18T04:31:09                      12
================================================================================
[2025-02-18T04:31:35.021+0000] {manager.py:821} INFO - Searching for files in /opt/airflow/dags
[2025-02-18T04:31:35.096+0000] {manager.py:824} INFO - There are 1 files in /opt/airflow/dags
[2025-02-18T04:31:42.330+0000] {manager.py:997} INFO - 
================================================================================
DAG File Processing Stats

File Path                          PID    Runtime      # DAGs    # Errors  Last Runtime    Last Run               Last # of DB Queries
---------------------------------  -----  ---------  --------  ----------  --------------  -------------------  ----------------------
/opt/airflow/dags/my-first-dag.py                           1           0  0.14s           2025-02-18T04:31:40                      12
================================================================================
[2025-02-18T04:32:12.843+0000] {manager.py:997} INFO - 
================================================================================
DAG File Processing Stats

File Path                          PID    Runtime      # DAGs    # Errors  Last Runtime    Last Run               Last # of DB Queries
---------------------------------  -----  ---------  --------  ----------  --------------  -------------------  ----------------------
/opt/airflow/dags/my-first-dag.py                           1           0  0.26s           2025-02-18T04:32:11                      12
================================================================================
[2025-02-18T04:32:43.311+0000] {manager.py:997} INFO - 
================================================================================
DAG File Processing Stats

File Path                          PID    Runtime      # DAGs    # Errors  Last Runtime    Last Run               Last # of DB Queries
---------------------------------  -----  ---------  --------  ----------  --------------  -------------------  ----------------------
/opt/airflow/dags/my-first-dag.py                           1           0  0.16s           2025-02-18T04:32:41                      12
================================================================================
[2025-02-18T04:33:13.688+0000] {manager.py:997} INFO - 
================================================================================
DAG File Processing Stats

File Path                          PID    Runtime      # DAGs    # Errors  Last Runtime    Last Run               Last # of DB Queries
---------------------------------  -----  ---------  --------  ----------  --------------  -------------------  ----------------------
/opt/airflow/dags/my-first-dag.py                           1           0  0.15s           2025-02-18T04:33:11                      12
================================================================================
[2025-02-18T04:33:44.048+0000] {manager.py:997} INFO - 
================================================================================
DAG File Processing Stats

File Path                          PID    Runtime      # DAGs    # Errors  Last Runtime    Last Run               Last # of DB Queries
---------------------------------  -----  ---------  --------  ----------  --------------  -------------------  ----------------------
/opt/airflow/dags/my-first-dag.py                           1           0  0.18s           2025-02-18T04:33:42                      12
================================================================================
[2025-02-18T04:34:14.474+0000] {manager.py:997} INFO - 
================================================================================
DAG File Processing Stats

File Path                          PID    Runtime      # DAGs    # Errors  Last Runtime    Last Run               Last # of DB Queries
---------------------------------  -----  ---------  --------  ----------  --------------  -------------------  ----------------------
/opt/airflow/dags/my-first-dag.py                           1           0  0.17s           2025-02-18T04:34:12                      12
================================================================================
[2025-02-18T04:34:44.864+0000] {manager.py:997} INFO - 
================================================================================
DAG File Processing Stats

File Path                          PID    Runtime      # DAGs    # Errors  Last Runtime    Last Run               Last # of DB Queries
---------------------------------  -----  ---------  --------  ----------  --------------  -------------------  ----------------------
/opt/airflow/dags/my-first-dag.py                           1           0  0.17s           2025-02-18T04:34:42                      12
================================================================================
[2025-02-18T04:35:15.243+0000] {manager.py:997} INFO - 
================================================================================
DAG File Processing Stats

File Path                          PID    Runtime      # DAGs    # Errors  Last Runtime    Last Run               Last # of DB Queries
---------------------------------  -----  ---------  --------  ----------  --------------  -------------------  ----------------------
/opt/airflow/dags/my-first-dag.py                           1           0  0.18s           2025-02-18T04:35:13                      12
================================================================================
[2025-02-18T04:35:45.636+0000] {manager.py:997} INFO - 
================================================================================
DAG File Processing Stats

File Path                          PID    Runtime      # DAGs    # Errors  Last Runtime    Last Run               Last # of DB Queries
---------------------------------  -----  ---------  --------  ----------  --------------  -------------------  ----------------------
/opt/airflow/dags/my-first-dag.py                           1           0  0.18s           2025-02-18T04:35:43                      12
================================================================================
[2025-02-18T04:36:16.011+0000] {manager.py:997} INFO - 
================================================================================
DAG File Processing Stats

File Path                          PID    Runtime      # DAGs    # Errors  Last Runtime    Last Run               Last # of DB Queries
---------------------------------  -----  ---------  --------  ----------  --------------  -------------------  ----------------------
/opt/airflow/dags/my-first-dag.py                           1           0  0.20s           2025-02-18T04:36:14                      12
================================================================================
[2025-02-18T04:36:35.400+0000] {manager.py:821} INFO - Searching for files in /opt/airflow/dags
[2025-02-18T04:36:35.425+0000] {manager.py:824} INFO - There are 1 files in /opt/airflow/dags
[2025-02-18T04:36:46.693+0000] {manager.py:997} INFO - 
================================================================================
DAG File Processing Stats

File Path                          PID    Runtime      # DAGs    # Errors  Last Runtime    Last Run               Last # of DB Queries
---------------------------------  -----  ---------  --------  ----------  --------------  -------------------  ----------------------
/opt/airflow/dags/my-first-dag.py                           1           0  0.19s           2025-02-18T04:36:44                      12
================================================================================
[2025-02-18T04:37:17.223+0000] {manager.py:997} INFO - 
================================================================================
DAG File Processing Stats

File Path                          PID    Runtime      # DAGs    # Errors  Last Runtime    Last Run               Last # of DB Queries
---------------------------------  -----  ---------  --------  ----------  --------------  -------------------  ----------------------
/opt/airflow/dags/my-first-dag.py                           1           0  0.20s           2025-02-18T04:37:15                      12
================================================================================
[2025-02-18T04:37:47.774+0000] {manager.py:997} INFO - 
================================================================================
DAG File Processing Stats

File Path                          PID    Runtime      # DAGs    # Errors  Last Runtime    Last Run               Last # of DB Queries
---------------------------------  -----  ---------  --------  ----------  --------------  -------------------  ----------------------
/opt/airflow/dags/my-first-dag.py                           1           0  0.22s           2025-02-18T04:37:45                      12
================================================================================
[2025-02-18T04:38:18.296+0000] {manager.py:997} INFO - 
================================================================================
DAG File Processing Stats

File Path                          PID    Runtime      # DAGs    # Errors  Last Runtime    Last Run               Last # of DB Queries
---------------------------------  -----  ---------  --------  ----------  --------------  -------------------  ----------------------
/opt/airflow/dags/my-first-dag.py                           1           0  0.21s           2025-02-18T04:38:07                      12
================================================================================
[2025-02-18T04:38:48.723+0000] {manager.py:997} INFO - 
================================================================================
DAG File Processing Stats

File Path                          PID    Runtime      # DAGs    # Errors  Last Runtime    Last Run               Last # of DB Queries
---------------------------------  -----  ---------  --------  ----------  --------------  -------------------  ----------------------
/opt/airflow/dags/my-first-dag.py                           1           0  0.17s           2025-02-18T04:38:37                      12
================================================================================
[2025-02-18T04:39:19.111+0000] {manager.py:997} INFO - 
================================================================================
DAG File Processing Stats

File Path                          PID    Runtime      # DAGs    # Errors  Last Runtime    Last Run               Last # of DB Queries
---------------------------------  -----  ---------  --------  ----------  --------------  -------------------  ----------------------
/opt/airflow/dags/my-first-dag.py                           1           0  0.15s           2025-02-18T04:39:08                      12
================================================================================
[2025-02-18T04:39:49.528+0000] {manager.py:997} INFO - 
================================================================================
DAG File Processing Stats

File Path                          PID    Runtime      # DAGs    # Errors  Last Runtime    Last Run               Last # of DB Queries
---------------------------------  -----  ---------  --------  ----------  --------------  -------------------  ----------------------
/opt/airflow/dags/my-first-dag.py                           1           0  0.16s           2025-02-18T04:39:38                      12
================================================================================
[2025-02-18T04:40:19.964+0000] {manager.py:997} INFO - 
================================================================================
DAG File Processing Stats

File Path                          PID    Runtime      # DAGs    # Errors  Last Runtime    Last Run               Last # of DB Queries
---------------------------------  -----  ---------  --------  ----------  --------------  -------------------  ----------------------
/opt/airflow/dags/my-first-dag.py                           1           0  0.17s           2025-02-18T04:40:08                      12
================================================================================
[2025-02-18T04:40:50.387+0000] {manager.py:997} INFO - 
================================================================================
DAG File Processing Stats

File Path                          PID    Runtime      # DAGs    # Errors  Last Runtime    Last Run               Last # of DB Queries
---------------------------------  -----  ---------  --------  ----------  --------------  -------------------  ----------------------
/opt/airflow/dags/my-first-dag.py                           1           0  0.16s           2025-02-18T04:40:39                      12
================================================================================
[2025-02-18T04:41:20.771+0000] {manager.py:997} INFO - 
================================================================================
DAG File Processing Stats

File Path                          PID    Runtime      # DAGs    # Errors  Last Runtime    Last Run               Last # of DB Queries
---------------------------------  -----  ---------  --------  ----------  --------------  -------------------  ----------------------
/opt/airflow/dags/my-first-dag.py                           1           0  0.17s           2025-02-18T04:41:09                      12
================================================================================
[2025-02-18T04:41:35.939+0000] {manager.py:821} INFO - Searching for files in /opt/airflow/dags
[2025-02-18T04:41:35.954+0000] {manager.py:824} INFO - There are 1 files in /opt/airflow/dags
[2025-02-18T04:41:51.263+0000] {manager.py:997} INFO - 
================================================================================
DAG File Processing Stats

File Path                          PID    Runtime      # DAGs    # Errors  Last Runtime    Last Run               Last # of DB Queries
---------------------------------  -----  ---------  --------  ----------  --------------  -------------------  ----------------------
/opt/airflow/dags/my-first-dag.py                           1           0  0.17s           2025-02-18T04:41:40                      12
================================================================================
[2025-02-18T04:42:21.648+0000] {manager.py:997} INFO - 
================================================================================
DAG File Processing Stats

File Path                          PID    Runtime      # DAGs    # Errors  Last Runtime    Last Run               Last # of DB Queries
---------------------------------  -----  ---------  --------  ----------  --------------  -------------------  ----------------------
/opt/airflow/dags/my-first-dag.py                           1           0  0.16s           2025-02-18T04:42:10                      12
================================================================================
[2025-02-18T04:42:52.101+0000] {manager.py:997} INFO - 
================================================================================
DAG File Processing Stats

File Path                          PID    Runtime      # DAGs    # Errors  Last Runtime    Last Run               Last # of DB Queries
---------------------------------  -----  ---------  --------  ----------  --------------  -------------------  ----------------------
/opt/airflow/dags/my-first-dag.py                           1           0  0.19s           2025-02-18T04:42:41                      12
================================================================================
[2025-02-18T04:43:22.580+0000] {manager.py:997} INFO - 
================================================================================
DAG File Processing Stats

File Path                          PID    Runtime      # DAGs    # Errors  Last Runtime    Last Run               Last # of DB Queries
---------------------------------  -----  ---------  --------  ----------  --------------  -------------------  ----------------------
/opt/airflow/dags/my-first-dag.py                           1           0  0.17s           2025-02-18T04:43:11                      12
================================================================================
[2025-02-18T04:43:53.104+0000] {manager.py:997} INFO - 
================================================================================
DAG File Processing Stats

File Path                          PID    Runtime      # DAGs    # Errors  Last Runtime    Last Run               Last # of DB Queries
---------------------------------  -----  ---------  --------  ----------  --------------  -------------------  ----------------------
/opt/airflow/dags/my-first-dag.py                           1           0  0.17s           2025-02-18T04:43:42                      12
================================================================================
[2025-02-18T04:44:23.600+0000] {manager.py:997} INFO - 
================================================================================
DAG File Processing Stats

File Path                          PID    Runtime      # DAGs    # Errors  Last Runtime    Last Run               Last # of DB Queries
---------------------------------  -----  ---------  --------  ----------  --------------  -------------------  ----------------------
/opt/airflow/dags/my-first-dag.py                           1           0  0.18s           2025-02-18T04:44:12                      12
================================================================================
[2025-02-18T04:44:54.053+0000] {manager.py:997} INFO - 
================================================================================
DAG File Processing Stats

File Path                          PID    Runtime      # DAGs    # Errors  Last Runtime    Last Run               Last # of DB Queries
---------------------------------  -----  ---------  --------  ----------  --------------  -------------------  ----------------------
/opt/airflow/dags/my-first-dag.py                           1           0  0.17s           2025-02-18T04:44:42                      12
================================================================================
[2025-02-18T04:45:24.543+0000] {manager.py:997} INFO - 
================================================================================
DAG File Processing Stats

File Path                          PID    Runtime      # DAGs    # Errors  Last Runtime    Last Run               Last # of DB Queries
---------------------------------  -----  ---------  --------  ----------  --------------  -------------------  ----------------------
/opt/airflow/dags/my-first-dag.py                           1           0  0.17s           2025-02-18T04:45:13                      12
================================================================================
[2025-02-18T04:45:55.019+0000] {manager.py:997} INFO - 
================================================================================
DAG File Processing Stats

File Path                          PID    Runtime      # DAGs    # Errors  Last Runtime    Last Run               Last # of DB Queries
---------------------------------  -----  ---------  --------  ----------  --------------  -------------------  ----------------------
/opt/airflow/dags/my-first-dag.py                           1           0  0.17s           2025-02-18T04:45:43                      12
================================================================================
[2025-02-18T04:46:25.584+0000] {manager.py:997} INFO - 
================================================================================
DAG File Processing Stats

File Path                          PID    Runtime      # DAGs    # Errors  Last Runtime    Last Run               Last # of DB Queries
---------------------------------  -----  ---------  --------  ----------  --------------  -------------------  ----------------------
/opt/airflow/dags/my-first-dag.py                           1           0  0.20s           2025-02-18T04:46:14                      12
================================================================================
[2025-02-18T04:46:36.734+0000] {manager.py:821} INFO - Searching for files in /opt/airflow/dags
[2025-02-18T04:46:36.757+0000] {manager.py:824} INFO - There are 1 files in /opt/airflow/dags
[2025-02-18T04:46:56.061+0000] {manager.py:997} INFO - 
================================================================================
DAG File Processing Stats

File Path                          PID    Runtime      # DAGs    # Errors  Last Runtime    Last Run               Last # of DB Queries
---------------------------------  -----  ---------  --------  ----------  --------------  -------------------  ----------------------
/opt/airflow/dags/my-first-dag.py                           1           0  0.16s           2025-02-18T04:46:45                      12
================================================================================
[2025-02-18T04:47:26.502+0000] {manager.py:997} INFO - 
================================================================================
DAG File Processing Stats

File Path                          PID    Runtime      # DAGs    # Errors  Last Runtime    Last Run               Last # of DB Queries
---------------------------------  -----  ---------  --------  ----------  --------------  -------------------  ----------------------
/opt/airflow/dags/my-first-dag.py                           1           0  0.16s           2025-02-18T04:47:15                      12
================================================================================
[2025-02-18T04:47:56.954+0000] {manager.py:997} INFO - 
================================================================================
DAG File Processing Stats

File Path                          PID    Runtime      # DAGs    # Errors  Last Runtime    Last Run               Last # of DB Queries
---------------------------------  -----  ---------  --------  ----------  --------------  -------------------  ----------------------
/opt/airflow/dags/my-first-dag.py                           1           0  0.14s           2025-02-18T04:47:45                      12
================================================================================
[2025-02-18T04:48:27.430+0000] {manager.py:997} INFO - 
================================================================================
DAG File Processing Stats

File Path                          PID    Runtime      # DAGs    # Errors  Last Runtime    Last Run               Last # of DB Queries
---------------------------------  -----  ---------  --------  ----------  --------------  -------------------  ----------------------
/opt/airflow/dags/my-first-dag.py                           1           0  0.17s           2025-02-18T04:48:16                      12
================================================================================
[2025-02-18T04:48:57.905+0000] {manager.py:997} INFO - 
================================================================================
DAG File Processing Stats

File Path                          PID    Runtime      # DAGs    # Errors  Last Runtime    Last Run               Last # of DB Queries
---------------------------------  -----  ---------  --------  ----------  --------------  -------------------  ----------------------
/opt/airflow/dags/my-first-dag.py                           1           0  0.17s           2025-02-18T04:48:46                      12
================================================================================
[2025-02-18T04:49:28.387+0000] {manager.py:997} INFO - 
================================================================================
DAG File Processing Stats

File Path                          PID    Runtime      # DAGs    # Errors  Last Runtime    Last Run               Last # of DB Queries
---------------------------------  -----  ---------  --------  ----------  --------------  -------------------  ----------------------
/opt/airflow/dags/my-first-dag.py                           1           0  0.15s           2025-02-18T04:49:17                      12
================================================================================
[2025-02-18T04:49:58.857+0000] {manager.py:997} INFO - 
================================================================================
DAG File Processing Stats

File Path                          PID    Runtime      # DAGs    # Errors  Last Runtime    Last Run               Last # of DB Queries
---------------------------------  -----  ---------  --------  ----------  --------------  -------------------  ----------------------
/opt/airflow/dags/my-first-dag.py                           1           0  0.19s           2025-02-18T04:49:47                      12
================================================================================
[2025-02-18T04:50:29.311+0000] {manager.py:997} INFO - 
================================================================================
DAG File Processing Stats

File Path                          PID    Runtime      # DAGs    # Errors  Last Runtime    Last Run               Last # of DB Queries
---------------------------------  -----  ---------  --------  ----------  --------------  -------------------  ----------------------
/opt/airflow/dags/my-first-dag.py                           1           0  0.17s           2025-02-18T04:50:18                      12
================================================================================
[2025-02-18T04:50:59.702+0000] {manager.py:997} INFO - 
================================================================================
DAG File Processing Stats

File Path                          PID    Runtime      # DAGs    # Errors  Last Runtime    Last Run               Last # of DB Queries
---------------------------------  -----  ---------  --------  ----------  --------------  -------------------  ----------------------
/opt/airflow/dags/my-first-dag.py                           1           0  0.16s           2025-02-18T04:50:48                      12
================================================================================
[2025-02-18T04:51:30.293+0000] {manager.py:997} INFO - 
================================================================================
DAG File Processing Stats

File Path                          PID    Runtime      # DAGs    # Errors  Last Runtime    Last Run               Last # of DB Queries
---------------------------------  -----  ---------  --------  ----------  --------------  -------------------  ----------------------
/opt/airflow/dags/my-first-dag.py                           1           0  0.15s           2025-02-18T04:51:19                      12
================================================================================
[2025-02-18T04:51:37.445+0000] {manager.py:821} INFO - Searching for files in /opt/airflow/dags
[2025-02-18T04:51:37.460+0000] {manager.py:824} INFO - There are 1 files in /opt/airflow/dags
[2025-02-18T04:52:00.858+0000] {manager.py:997} INFO - 
================================================================================
DAG File Processing Stats

File Path                          PID    Runtime      # DAGs    # Errors  Last Runtime    Last Run               Last # of DB Queries
---------------------------------  -----  ---------  --------  ----------  --------------  -------------------  ----------------------
/opt/airflow/dags/my-first-dag.py                           1           0  0.16s           2025-02-18T04:51:49                      12
================================================================================
[2025-02-18T04:52:31.360+0000] {manager.py:997} INFO - 
================================================================================
DAG File Processing Stats

File Path                          PID    Runtime      # DAGs    # Errors  Last Runtime    Last Run               Last # of DB Queries
---------------------------------  -----  ---------  --------  ----------  --------------  -------------------  ----------------------
/opt/airflow/dags/my-first-dag.py                           1           0  0.15s           2025-02-18T04:52:20                      12
================================================================================
[2025-02-18T04:53:01.913+0000] {manager.py:997} INFO - 
================================================================================
DAG File Processing Stats

File Path                          PID    Runtime      # DAGs    # Errors  Last Runtime    Last Run               Last # of DB Queries
---------------------------------  -----  ---------  --------  ----------  --------------  -------------------  ----------------------
/opt/airflow/dags/my-first-dag.py                           1           0  0.15s           2025-02-18T04:52:50                      12
================================================================================
[2025-02-18T04:53:32.396+0000] {manager.py:997} INFO - 
================================================================================
DAG File Processing Stats

File Path                          PID    Runtime      # DAGs    # Errors  Last Runtime    Last Run               Last # of DB Queries
---------------------------------  -----  ---------  --------  ----------  --------------  -------------------  ----------------------
/opt/airflow/dags/my-first-dag.py                           1           0  0.16s           2025-02-18T04:53:21                      12
================================================================================
[2025-02-18T04:54:02.915+0000] {manager.py:997} INFO - 
================================================================================
DAG File Processing Stats

File Path                          PID    Runtime      # DAGs    # Errors  Last Runtime    Last Run               Last # of DB Queries
---------------------------------  -----  ---------  --------  ----------  --------------  -------------------  ----------------------
/opt/airflow/dags/my-first-dag.py                           1           0  0.15s           2025-02-18T04:53:51                      12
================================================================================
[2025-02-18T04:54:33.506+0000] {manager.py:997} INFO - 
================================================================================
DAG File Processing Stats

File Path                          PID    Runtime      # DAGs    # Errors  Last Runtime    Last Run               Last # of DB Queries
---------------------------------  -----  ---------  --------  ----------  --------------  -------------------  ----------------------
/opt/airflow/dags/my-first-dag.py                           1           0  0.20s           2025-02-18T04:54:22                      12
================================================================================
[2025-02-18T04:55:03.976+0000] {manager.py:997} INFO - 
================================================================================
DAG File Processing Stats

File Path                          PID    Runtime      # DAGs    # Errors  Last Runtime    Last Run               Last # of DB Queries
---------------------------------  -----  ---------  --------  ----------  --------------  -------------------  ----------------------
/opt/airflow/dags/my-first-dag.py                           1           0  0.15s           2025-02-18T04:54:52                      12
================================================================================
[2025-02-18T04:55:34.459+0000] {manager.py:997} INFO - 
================================================================================
DAG File Processing Stats

File Path                          PID    Runtime      # DAGs    # Errors  Last Runtime    Last Run               Last # of DB Queries
---------------------------------  -----  ---------  --------  ----------  --------------  -------------------  ----------------------
/opt/airflow/dags/my-first-dag.py                           1           0  0.17s           2025-02-18T04:55:23                      12
================================================================================
[2025-02-18T04:56:04.936+0000] {manager.py:997} INFO - 
================================================================================
DAG File Processing Stats

File Path                          PID    Runtime      # DAGs    # Errors  Last Runtime    Last Run               Last # of DB Queries
---------------------------------  -----  ---------  --------  ----------  --------------  -------------------  ----------------------
/opt/airflow/dags/my-first-dag.py                           1           0  0.15s           2025-02-18T04:55:53                      12
================================================================================
[2025-02-18T04:56:35.507+0000] {manager.py:997} INFO - 
================================================================================
DAG File Processing Stats

File Path                          PID    Runtime      # DAGs    # Errors  Last Runtime    Last Run               Last # of DB Queries
---------------------------------  -----  ---------  --------  ----------  --------------  -------------------  ----------------------
/opt/airflow/dags/my-first-dag.py                           1           0  0.21s           2025-02-18T04:56:24                      12
================================================================================
[2025-02-18T04:56:37.545+0000] {manager.py:821} INFO - Searching for files in /opt/airflow/dags
[2025-02-18T04:56:37.558+0000] {manager.py:824} INFO - There are 1 files in /opt/airflow/dags
[2025-02-18T04:57:06.079+0000] {manager.py:997} INFO - 
================================================================================
DAG File Processing Stats

File Path                          PID    Runtime      # DAGs    # Errors  Last Runtime    Last Run               Last # of DB Queries
---------------------------------  -----  ---------  --------  ----------  --------------  -------------------  ----------------------
/opt/airflow/dags/my-first-dag.py                           1           0  0.13s           2025-02-18T04:56:54                      12
================================================================================
[2025-02-18T04:57:36.615+0000] {manager.py:997} INFO - 
================================================================================
DAG File Processing Stats

File Path                          PID    Runtime      # DAGs    # Errors  Last Runtime    Last Run               Last # of DB Queries
---------------------------------  -----  ---------  --------  ----------  --------------  -------------------  ----------------------
/opt/airflow/dags/my-first-dag.py                           1           0  0.15s           2025-02-18T04:57:25                      12
================================================================================
[2025-02-18T04:58:07.136+0000] {manager.py:997} INFO - 
================================================================================
DAG File Processing Stats

File Path                          PID    Runtime      # DAGs    # Errors  Last Runtime    Last Run               Last # of DB Queries
---------------------------------  -----  ---------  --------  ----------  --------------  -------------------  ----------------------
/opt/airflow/dags/my-first-dag.py                           1           0  0.10s           2025-02-18T04:57:56                      12
================================================================================
[2025-02-18T04:58:37.567+0000] {manager.py:997} INFO - 
================================================================================
DAG File Processing Stats

File Path                          PID    Runtime      # DAGs    # Errors  Last Runtime    Last Run               Last # of DB Queries
---------------------------------  -----  ---------  --------  ----------  --------------  -------------------  ----------------------
/opt/airflow/dags/my-first-dag.py                           1           0  0.13s           2025-02-18T04:58:26                      12
================================================================================
[2025-02-18T04:59:08.063+0000] {manager.py:997} INFO - 
================================================================================
DAG File Processing Stats

File Path                          PID    Runtime      # DAGs    # Errors  Last Runtime    Last Run               Last # of DB Queries
---------------------------------  -----  ---------  --------  ----------  --------------  -------------------  ----------------------
/opt/airflow/dags/my-first-dag.py                           1           0  0.15s           2025-02-18T04:58:56                      12
================================================================================
[2025-02-18T04:59:38.674+0000] {manager.py:997} INFO - 
================================================================================
DAG File Processing Stats

File Path                          PID    Runtime      # DAGs    # Errors  Last Runtime    Last Run               Last # of DB Queries
---------------------------------  -----  ---------  --------  ----------  --------------  -------------------  ----------------------
/opt/airflow/dags/my-first-dag.py                           1           0  0.15s           2025-02-18T04:59:27                      12
================================================================================
[2025-02-18T05:00:09.158+0000] {manager.py:997} INFO - 
================================================================================
DAG File Processing Stats

File Path                          PID    Runtime      # DAGs    # Errors  Last Runtime    Last Run               Last # of DB Queries
---------------------------------  -----  ---------  --------  ----------  --------------  -------------------  ----------------------
/opt/airflow/dags/my-first-dag.py                           1           0  0.10s           2025-02-18T04:59:58                      12
================================================================================
[2025-02-18T05:00:39.615+0000] {manager.py:997} INFO - 
================================================================================
DAG File Processing Stats

File Path                          PID    Runtime      # DAGs    # Errors  Last Runtime    Last Run               Last # of DB Queries
---------------------------------  -----  ---------  --------  ----------  --------------  -------------------  ----------------------
/opt/airflow/dags/my-first-dag.py                           1           0  0.10s           2025-02-18T05:00:28                      12
================================================================================
[2025-02-18T05:01:10.087+0000] {manager.py:997} INFO - 
================================================================================
DAG File Processing Stats

File Path                          PID    Runtime      # DAGs    # Errors  Last Runtime    Last Run               Last # of DB Queries
---------------------------------  -----  ---------  --------  ----------  --------------  -------------------  ----------------------
/opt/airflow/dags/my-first-dag.py                           1           0  0.11s           2025-02-18T05:00:59                      12
================================================================================
[2025-02-18T05:01:37.615+0000] {manager.py:821} INFO - Searching for files in /opt/airflow/dags
[2025-02-18T05:01:37.633+0000] {manager.py:824} INFO - There are 1 files in /opt/airflow/dags
[2025-02-18T05:01:40.577+0000] {manager.py:997} INFO - 
================================================================================
DAG File Processing Stats

File Path                          PID    Runtime      # DAGs    # Errors  Last Runtime    Last Run               Last # of DB Queries
---------------------------------  -----  ---------  --------  ----------  --------------  -------------------  ----------------------
/opt/airflow/dags/my-first-dag.py                           1           0  0.18s           2025-02-18T05:01:29                      12
================================================================================
[2025-02-18T05:02:11.033+0000] {manager.py:997} INFO - 
================================================================================
DAG File Processing Stats

File Path                          PID    Runtime      # DAGs    # Errors  Last Runtime    Last Run               Last # of DB Queries
---------------------------------  -----  ---------  --------  ----------  --------------  -------------------  ----------------------
/opt/airflow/dags/my-first-dag.py                           1           0  0.17s           2025-02-18T05:01:59                      12
================================================================================
[2025-02-18T05:02:41.586+0000] {manager.py:997} INFO - 
================================================================================
DAG File Processing Stats

File Path                          PID    Runtime      # DAGs    # Errors  Last Runtime    Last Run               Last # of DB Queries
---------------------------------  -----  ---------  --------  ----------  --------------  -------------------  ----------------------
/opt/airflow/dags/my-first-dag.py                           1           0  0.14s           2025-02-18T05:02:30                      12
================================================================================
[2025-02-18T05:03:12.120+0000] {manager.py:997} INFO - 
================================================================================
DAG File Processing Stats

File Path                          PID    Runtime      # DAGs    # Errors  Last Runtime    Last Run               Last # of DB Queries
---------------------------------  -----  ---------  --------  ----------  --------------  -------------------  ----------------------
/opt/airflow/dags/my-first-dag.py                           1           0  0.16s           2025-02-18T05:03:01                      12
================================================================================
[2025-02-18T05:03:42.642+0000] {manager.py:997} INFO - 
================================================================================
DAG File Processing Stats

File Path                          PID    Runtime      # DAGs    # Errors  Last Runtime    Last Run               Last # of DB Queries
---------------------------------  -----  ---------  --------  ----------  --------------  -------------------  ----------------------
/opt/airflow/dags/my-first-dag.py                           1           0  0.16s           2025-02-18T05:03:31                      12
================================================================================
[2025-02-18T05:04:13.100+0000] {manager.py:997} INFO - 
================================================================================
DAG File Processing Stats

File Path                          PID    Runtime      # DAGs    # Errors  Last Runtime    Last Run               Last # of DB Queries
---------------------------------  -----  ---------  --------  ----------  --------------  -------------------  ----------------------
/opt/airflow/dags/my-first-dag.py                           1           0  0.17s           2025-02-18T05:04:02                      12
================================================================================
[2025-02-18T05:04:43.554+0000] {manager.py:997} INFO - 
================================================================================
DAG File Processing Stats

File Path                          PID    Runtime      # DAGs    # Errors  Last Runtime    Last Run               Last # of DB Queries
---------------------------------  -----  ---------  --------  ----------  --------------  -------------------  ----------------------
/opt/airflow/dags/my-first-dag.py                           1           0  0.11s           2025-02-18T05:04:32                      12
================================================================================
[2025-02-18T05:05:14.030+0000] {manager.py:997} INFO - 
================================================================================
DAG File Processing Stats

File Path                          PID    Runtime      # DAGs    # Errors  Last Runtime    Last Run               Last # of DB Queries
---------------------------------  -----  ---------  --------  ----------  --------------  -------------------  ----------------------
/opt/airflow/dags/my-first-dag.py                           1           0  0.18s           2025-02-18T05:05:02                      12
================================================================================
[2025-02-18T05:05:44.582+0000] {manager.py:997} INFO - 
================================================================================
DAG File Processing Stats

File Path                          PID    Runtime      # DAGs    # Errors  Last Runtime    Last Run               Last # of DB Queries
---------------------------------  -----  ---------  --------  ----------  --------------  -------------------  ----------------------
/opt/airflow/dags/my-first-dag.py                           1           0  0.17s           2025-02-18T05:05:33                      12
================================================================================
[2025-02-18T05:06:14.986+0000] {manager.py:997} INFO - 
================================================================================
DAG File Processing Stats

File Path                          PID    Runtime      # DAGs    # Errors  Last Runtime    Last Run               Last # of DB Queries
---------------------------------  -----  ---------  --------  ----------  --------------  -------------------  ----------------------
/opt/airflow/dags/my-first-dag.py                           1           0  0.16s           2025-02-18T05:06:03                      12
================================================================================
[2025-02-18T05:06:37.714+0000] {manager.py:821} INFO - Searching for files in /opt/airflow/dags
[2025-02-18T05:06:37.721+0000] {manager.py:824} INFO - There are 1 files in /opt/airflow/dags
[2025-02-18T05:06:45.488+0000] {manager.py:997} INFO - 
================================================================================
DAG File Processing Stats

File Path                          PID    Runtime      # DAGs    # Errors  Last Runtime    Last Run               Last # of DB Queries
---------------------------------  -----  ---------  --------  ----------  --------------  -------------------  ----------------------
/opt/airflow/dags/my-first-dag.py                           1           0  0.35s           2025-02-18T05:06:34                      12
================================================================================
[2025-02-18T05:07:15.884+0000] {manager.py:997} INFO - 
================================================================================
DAG File Processing Stats

File Path                          PID    Runtime      # DAGs    # Errors  Last Runtime    Last Run               Last # of DB Queries
---------------------------------  -----  ---------  --------  ----------  --------------  -------------------  ----------------------
/opt/airflow/dags/my-first-dag.py                           1           0  0.17s           2025-02-18T05:07:04                      12
================================================================================
[2025-02-18T05:07:46.305+0000] {manager.py:997} INFO - 
================================================================================
DAG File Processing Stats

File Path                          PID    Runtime      # DAGs    # Errors  Last Runtime    Last Run               Last # of DB Queries
---------------------------------  -----  ---------  --------  ----------  --------------  -------------------  ----------------------
/opt/airflow/dags/my-first-dag.py                           1           0  0.15s           2025-02-18T05:07:35                      12
================================================================================
[2025-02-18T05:08:16.739+0000] {manager.py:997} INFO - 
================================================================================
DAG File Processing Stats

File Path                          PID    Runtime      # DAGs    # Errors  Last Runtime    Last Run               Last # of DB Queries
---------------------------------  -----  ---------  --------  ----------  --------------  -------------------  ----------------------
/opt/airflow/dags/my-first-dag.py                           1           0  0.16s           2025-02-18T05:08:05                      12
================================================================================
