[2025-02-18T04:31:36.529+0000] {local_task_job_runner.py:123} INFO - ::group::Pre task execution logs
[2025-02-18T04:31:36.543+0000] {taskinstance.py:2614} INFO - Dependencies all met for dep_context=non-requeueable deps ti=<TaskInstance: my_first_dag.hello_task scheduled__2024-05-29T00:00:00+00:00 [queued]>
[2025-02-18T04:31:36.549+0000] {taskinstance.py:2614} INFO - Dependencies all met for dep_context=requeueable deps ti=<TaskInstance: my_first_dag.hello_task scheduled__2024-05-29T00:00:00+00:00 [queued]>
[2025-02-18T04:31:36.550+0000] {taskinstance.py:2867} INFO - Starting attempt 1 of 2
[2025-02-18T04:31:36.561+0000] {taskinstance.py:2890} INFO - Executing <Task(PythonOperator): hello_task> on 2024-05-29 00:00:00+00:00
[2025-02-18T04:31:36.568+0000] {logging_mixin.py:190} WARNING - /home/***/.local/lib/python3.12/site-packages/***/task/task_runner/standard_task_runner.py:70 DeprecationWarning: This process (pid=549) is multi-threaded, use of fork() may lead to deadlocks in the child.
[2025-02-18T04:31:36.571+0000] {standard_task_runner.py:72} INFO - Started process 556 to run task
[2025-02-18T04:31:36.572+0000] {standard_task_runner.py:104} INFO - Running: ['***', 'tasks', 'run', 'my_first_dag', 'hello_task', 'scheduled__2024-05-29T00:00:00+00:00', '--job-id', '104', '--raw', '--subdir', 'DAGS_FOLDER/my-first-dag.py', '--cfg-path', '/tmp/tmpq4_smmfi']
[2025-02-18T04:31:36.576+0000] {standard_task_runner.py:105} INFO - Job 104: Subtask hello_task
[2025-02-18T04:31:36.592+0000] {logging_mixin.py:190} WARNING - /home/***/.local/lib/python3.12/site-packages/***/settings.py:209 DeprecationWarning: The sql_alchemy_conn option in [core] has been moved to the sql_alchemy_conn option in [database] - the old setting has been used, but please update your config.
[2025-02-18T04:31:36.622+0000] {task_command.py:467} INFO - Running <TaskInstance: my_first_dag.hello_task scheduled__2024-05-29T00:00:00+00:00 [running]> on host 3420485c558b
[2025-02-18T04:31:36.624+0000] {logging_mixin.py:190} WARNING - /home/***/.local/lib/python3.12/site-packages/***/settings.py:470 DeprecationWarning: The sql_alchemy_conn option in [core] has been moved to the sql_alchemy_conn option in [database] - the old setting has been used, but please update your config.
[2025-02-18T04:31:36.708+0000] {taskinstance.py:3134} INFO - Exporting env vars: AIRFLOW_CTX_DAG_OWNER='***' AIRFLOW_CTX_DAG_ID='my_first_dag' AIRFLOW_CTX_TASK_ID='hello_task' AIRFLOW_CTX_EXECUTION_DATE='2024-05-29T00:00:00+00:00' AIRFLOW_CTX_TRY_NUMBER='1' AIRFLOW_CTX_DAG_RUN_ID='scheduled__2024-05-29T00:00:00+00:00'
[2025-02-18T04:31:36.710+0000] {taskinstance.py:732} INFO - ::endgroup::
[2025-02-18T04:31:36.719+0000] {logging_mixin.py:190} INFO - Hello, Airflow!
[2025-02-18T04:31:36.722+0000] {python.py:240} INFO - Done. Returned value was: None
[2025-02-18T04:31:36.732+0000] {taskinstance.py:341} INFO - ::group::Post task execution logs
[2025-02-18T04:31:36.733+0000] {taskinstance.py:353} INFO - Marking task as SUCCESS. dag_id=my_first_dag, task_id=hello_task, run_id=scheduled__2024-05-29T00:00:00+00:00, execution_date=20240529T000000, start_date=20250218T043136, end_date=20250218T043136
[2025-02-18T04:31:36.801+0000] {local_task_job_runner.py:266} INFO - Task exited with return code 0
[2025-02-18T04:31:36.811+0000] {taskinstance.py:3901} INFO - 0 downstream tasks scheduled from follow-on schedule check
[2025-02-18T04:31:36.811+0000] {local_task_job_runner.py:245} INFO - ::endgroup::
[2025-02-18T16:34:33.300+0000] {local_task_job_runner.py:123} INFO - ::group::Pre task execution logs
[2025-02-18T16:34:33.325+0000] {taskinstance.py:2614} INFO - Dependencies all met for dep_context=non-requeueable deps ti=<TaskInstance: my_first_dag.hello_task scheduled__2024-05-29T00:00:00+00:00 [queued]>
[2025-02-18T16:34:33.342+0000] {taskinstance.py:2614} INFO - Dependencies all met for dep_context=requeueable deps ti=<TaskInstance: my_first_dag.hello_task scheduled__2024-05-29T00:00:00+00:00 [queued]>
[2025-02-18T16:34:33.349+0000] {taskinstance.py:2867} INFO - Starting attempt 1 of 2
[2025-02-18T16:34:33.415+0000] {taskinstance.py:2890} INFO - Executing <Task(PythonOperator): hello_task> on 2024-05-29 00:00:00+00:00
[2025-02-18T16:34:33.454+0000] {standard_task_runner.py:104} INFO - Running: ['***', 'tasks', 'run', 'my_first_dag', 'hello_task', 'scheduled__2024-05-29T00:00:00+00:00', '--job-id', '472', '--raw', '--subdir', 'DAGS_FOLDER/my-first-dag.py', '--cfg-path', '/tmp/tmp_w1_5fk5']
[2025-02-18T16:34:33.466+0000] {standard_task_runner.py:105} INFO - Job 472: Subtask hello_task
[2025-02-18T16:34:33.454+0000] {logging_mixin.py:190} WARNING - /home/***/.local/lib/python3.12/site-packages/***/task/task_runner/standard_task_runner.py:70 DeprecationWarning: This process (pid=1830) is multi-threaded, use of fork() may lead to deadlocks in the child.
[2025-02-18T16:34:33.481+0000] {standard_task_runner.py:72} INFO - Started process 1841 to run task
[2025-02-18T16:34:33.516+0000] {logging_mixin.py:190} WARNING - /home/***/.local/lib/python3.12/site-packages/***/settings.py:209 DeprecationWarning: The sql_alchemy_conn option in [core] has been moved to the sql_alchemy_conn option in [database] - the old setting has been used, but please update your config.
[2025-02-18T16:34:33.605+0000] {task_command.py:467} INFO - Running <TaskInstance: my_first_dag.hello_task scheduled__2024-05-29T00:00:00+00:00 [running]> on host 8720d9c228eb
[2025-02-18T16:34:33.608+0000] {logging_mixin.py:190} WARNING - /home/***/.local/lib/python3.12/site-packages/***/settings.py:470 DeprecationWarning: The sql_alchemy_conn option in [core] has been moved to the sql_alchemy_conn option in [database] - the old setting has been used, but please update your config.
[2025-02-18T16:34:33.781+0000] {taskinstance.py:3134} INFO - Exporting env vars: AIRFLOW_CTX_DAG_OWNER='***' AIRFLOW_CTX_DAG_ID='my_first_dag' AIRFLOW_CTX_TASK_ID='hello_task' AIRFLOW_CTX_EXECUTION_DATE='2024-05-29T00:00:00+00:00' AIRFLOW_CTX_TRY_NUMBER='1' AIRFLOW_CTX_DAG_RUN_ID='scheduled__2024-05-29T00:00:00+00:00'
[2025-02-18T16:34:33.783+0000] {taskinstance.py:732} INFO - ::endgroup::
[2025-02-18T16:34:33.805+0000] {logging_mixin.py:190} INFO - Hello, Airflow!
[2025-02-18T16:34:33.810+0000] {python.py:240} INFO - Done. Returned value was: None
[2025-02-18T16:34:33.836+0000] {taskinstance.py:341} INFO - ::group::Post task execution logs
[2025-02-18T16:34:33.838+0000] {taskinstance.py:353} INFO - Marking task as SUCCESS. dag_id=my_first_dag, task_id=hello_task, run_id=scheduled__2024-05-29T00:00:00+00:00, execution_date=20240529T000000, start_date=20250218T163433, end_date=20250218T163433
[2025-02-18T16:34:33.924+0000] {local_task_job_runner.py:266} INFO - Task exited with return code 0
[2025-02-18T16:34:33.969+0000] {local_task_job_runner.py:245} INFO - ::endgroup::
