[2025-02-18T04:32:03.103+0000] {local_task_job_runner.py:123} INFO - ::group::Pre task execution logs
[2025-02-18T04:32:03.124+0000] {taskinstance.py:2614} INFO - Dependencies all met for dep_context=non-requeueable deps ti=<TaskInstance: my_first_dag.hello_task scheduled__2024-08-29T00:00:00+00:00 [queued]>
[2025-02-18T04:32:03.132+0000] {taskinstance.py:2614} INFO - Dependencies all met for dep_context=requeueable deps ti=<TaskInstance: my_first_dag.hello_task scheduled__2024-08-29T00:00:00+00:00 [queued]>
[2025-02-18T04:32:03.134+0000] {taskinstance.py:2867} INFO - Starting attempt 1 of 2
[2025-02-18T04:32:03.152+0000] {taskinstance.py:2890} INFO - Executing <Task(PythonOperator): hello_task> on 2024-08-29 00:00:00+00:00
[2025-02-18T04:32:03.165+0000] {logging_mixin.py:190} WARNING - /home/***/.local/lib/python3.12/site-packages/***/task/task_runner/standard_task_runner.py:70 DeprecationWarning: This process (pid=831) is multi-threaded, use of fork() may lead to deadlocks in the child.
[2025-02-18T04:32:03.168+0000] {standard_task_runner.py:72} INFO - Started process 839 to run task
[2025-02-18T04:32:03.166+0000] {standard_task_runner.py:104} INFO - Running: ['***', 'tasks', 'run', 'my_first_dag', 'hello_task', 'scheduled__2024-08-29T00:00:00+00:00', '--job-id', '196', '--raw', '--subdir', 'DAGS_FOLDER/my-first-dag.py', '--cfg-path', '/tmp/tmpd983rn71']
[2025-02-18T04:32:03.170+0000] {standard_task_runner.py:105} INFO - Job 196: Subtask hello_task
[2025-02-18T04:32:03.189+0000] {logging_mixin.py:190} WARNING - /home/***/.local/lib/python3.12/site-packages/***/settings.py:209 DeprecationWarning: The sql_alchemy_conn option in [core] has been moved to the sql_alchemy_conn option in [database] - the old setting has been used, but please update your config.
[2025-02-18T04:32:03.235+0000] {task_command.py:467} INFO - Running <TaskInstance: my_first_dag.hello_task scheduled__2024-08-29T00:00:00+00:00 [running]> on host 3420485c558b
[2025-02-18T04:32:03.238+0000] {logging_mixin.py:190} WARNING - /home/***/.local/lib/python3.12/site-packages/***/settings.py:470 DeprecationWarning: The sql_alchemy_conn option in [core] has been moved to the sql_alchemy_conn option in [database] - the old setting has been used, but please update your config.
[2025-02-18T04:32:03.328+0000] {taskinstance.py:3134} INFO - Exporting env vars: AIRFLOW_CTX_DAG_OWNER='***' AIRFLOW_CTX_DAG_ID='my_first_dag' AIRFLOW_CTX_TASK_ID='hello_task' AIRFLOW_CTX_EXECUTION_DATE='2024-08-29T00:00:00+00:00' AIRFLOW_CTX_TRY_NUMBER='1' AIRFLOW_CTX_DAG_RUN_ID='scheduled__2024-08-29T00:00:00+00:00'
[2025-02-18T04:32:03.330+0000] {taskinstance.py:732} INFO - ::endgroup::
[2025-02-18T04:32:03.342+0000] {logging_mixin.py:190} INFO - Hello, Airflow!
[2025-02-18T04:32:03.343+0000] {python.py:240} INFO - Done. Returned value was: None
[2025-02-18T04:32:03.352+0000] {taskinstance.py:341} INFO - ::group::Post task execution logs
[2025-02-18T04:32:03.353+0000] {taskinstance.py:353} INFO - Marking task as SUCCESS. dag_id=my_first_dag, task_id=hello_task, run_id=scheduled__2024-08-29T00:00:00+00:00, execution_date=20240829T000000, start_date=20250218T043203, end_date=20250218T043203
[2025-02-18T04:32:03.397+0000] {local_task_job_runner.py:266} INFO - Task exited with return code 0
[2025-02-18T04:32:03.417+0000] {taskinstance.py:3901} INFO - 0 downstream tasks scheduled from follow-on schedule check
[2025-02-18T04:32:03.420+0000] {local_task_job_runner.py:245} INFO - ::endgroup::
