[2025-02-18T04:31:00.288+0000] {local_task_job_runner.py:123} INFO - ::group::Pre task execution logs
[2025-02-18T04:31:00.316+0000] {taskinstance.py:2614} INFO - Dependencies all met for dep_context=non-requeueable deps ti=<TaskInstance: my_first_dag.hello_task scheduled__2024-03-06T00:00:00+00:00 [queued]>
[2025-02-18T04:31:00.328+0000] {taskinstance.py:2614} INFO - Dependencies all met for dep_context=requeueable deps ti=<TaskInstance: my_first_dag.hello_task scheduled__2024-03-06T00:00:00+00:00 [queued]>
[2025-02-18T04:31:00.329+0000] {taskinstance.py:2867} INFO - Starting attempt 1 of 2
[2025-02-18T04:31:00.346+0000] {taskinstance.py:2890} INFO - Executing <Task(PythonOperator): hello_task> on 2024-03-06 00:00:00+00:00
[2025-02-18T04:31:00.364+0000] {standard_task_runner.py:104} INFO - Running: ['***', 'tasks', 'run', 'my_first_dag', 'hello_task', 'scheduled__2024-03-06T00:00:00+00:00', '--job-id', '20', '--raw', '--subdir', 'DAGS_FOLDER/my-first-dag.py', '--cfg-path', '/tmp/tmpqmpoiedo']
[2025-02-18T04:31:00.380+0000] {standard_task_runner.py:105} INFO - Job 20: Subtask hello_task
[2025-02-18T04:31:00.379+0000] {logging_mixin.py:190} WARNING - /home/***/.local/lib/python3.12/site-packages/***/task/task_runner/standard_task_runner.py:70 DeprecationWarning: This process (pid=293) is multi-threaded, use of fork() may lead to deadlocks in the child.
[2025-02-18T04:31:00.386+0000] {standard_task_runner.py:72} INFO - Started process 299 to run task
[2025-02-18T04:31:00.406+0000] {logging_mixin.py:190} WARNING - /home/***/.local/lib/python3.12/site-packages/***/settings.py:209 DeprecationWarning: The sql_alchemy_conn option in [core] has been moved to the sql_alchemy_conn option in [database] - the old setting has been used, but please update your config.
[2025-02-18T04:31:00.460+0000] {task_command.py:467} INFO - Running <TaskInstance: my_first_dag.hello_task scheduled__2024-03-06T00:00:00+00:00 [running]> on host 3420485c558b
[2025-02-18T04:31:00.464+0000] {logging_mixin.py:190} WARNING - /home/***/.local/lib/python3.12/site-packages/***/settings.py:470 DeprecationWarning: The sql_alchemy_conn option in [core] has been moved to the sql_alchemy_conn option in [database] - the old setting has been used, but please update your config.
[2025-02-18T04:31:00.595+0000] {taskinstance.py:3134} INFO - Exporting env vars: AIRFLOW_CTX_DAG_OWNER='***' AIRFLOW_CTX_DAG_ID='my_first_dag' AIRFLOW_CTX_TASK_ID='hello_task' AIRFLOW_CTX_EXECUTION_DATE='2024-03-06T00:00:00+00:00' AIRFLOW_CTX_TRY_NUMBER='1' AIRFLOW_CTX_DAG_RUN_ID='scheduled__2024-03-06T00:00:00+00:00'
[2025-02-18T04:31:00.597+0000] {taskinstance.py:732} INFO - ::endgroup::
[2025-02-18T04:31:00.611+0000] {logging_mixin.py:190} INFO - Hello, Airflow!
[2025-02-18T04:31:00.614+0000] {python.py:240} INFO - Done. Returned value was: None
[2025-02-18T04:31:00.634+0000] {taskinstance.py:341} INFO - ::group::Post task execution logs
[2025-02-18T04:31:00.634+0000] {taskinstance.py:353} INFO - Marking task as SUCCESS. dag_id=my_first_dag, task_id=hello_task, run_id=scheduled__2024-03-06T00:00:00+00:00, execution_date=20240306T000000, start_date=20250218T043100, end_date=20250218T043100
[2025-02-18T04:31:00.711+0000] {local_task_job_runner.py:266} INFO - Task exited with return code 0
[2025-02-18T04:31:00.731+0000] {local_task_job_runner.py:245} INFO - ::endgroup::
[2025-02-18T16:34:03.067+0000] {local_task_job_runner.py:123} INFO - ::group::Pre task execution logs
[2025-02-18T16:34:03.098+0000] {taskinstance.py:2614} INFO - Dependencies all met for dep_context=non-requeueable deps ti=<TaskInstance: my_first_dag.hello_task scheduled__2024-03-06T00:00:00+00:00 [queued]>
[2025-02-18T16:34:03.112+0000] {taskinstance.py:2614} INFO - Dependencies all met for dep_context=requeueable deps ti=<TaskInstance: my_first_dag.hello_task scheduled__2024-03-06T00:00:00+00:00 [queued]>
[2025-02-18T16:34:03.113+0000] {taskinstance.py:2867} INFO - Starting attempt 1 of 2
[2025-02-18T16:34:03.133+0000] {taskinstance.py:2890} INFO - Executing <Task(PythonOperator): hello_task> on 2024-03-06 00:00:00+00:00
[2025-02-18T16:34:03.141+0000] {logging_mixin.py:190} WARNING - /home/***/.local/lib/python3.12/site-packages/***/task/task_runner/standard_task_runner.py:70 DeprecationWarning: This process (pid=1577) is multi-threaded, use of fork() may lead to deadlocks in the child.
[2025-02-18T16:34:03.150+0000] {standard_task_runner.py:72} INFO - Started process 1585 to run task
[2025-02-18T16:34:03.146+0000] {standard_task_runner.py:104} INFO - Running: ['***', 'tasks', 'run', 'my_first_dag', 'hello_task', 'scheduled__2024-03-06T00:00:00+00:00', '--job-id', '388', '--raw', '--subdir', 'DAGS_FOLDER/my-first-dag.py', '--cfg-path', '/tmp/tmp07kdtuod']
[2025-02-18T16:34:03.154+0000] {standard_task_runner.py:105} INFO - Job 388: Subtask hello_task
[2025-02-18T16:34:03.190+0000] {logging_mixin.py:190} WARNING - /home/***/.local/lib/python3.12/site-packages/***/settings.py:209 DeprecationWarning: The sql_alchemy_conn option in [core] has been moved to the sql_alchemy_conn option in [database] - the old setting has been used, but please update your config.
[2025-02-18T16:34:03.252+0000] {task_command.py:467} INFO - Running <TaskInstance: my_first_dag.hello_task scheduled__2024-03-06T00:00:00+00:00 [running]> on host 8720d9c228eb
[2025-02-18T16:34:03.256+0000] {logging_mixin.py:190} WARNING - /home/***/.local/lib/python3.12/site-packages/***/settings.py:470 DeprecationWarning: The sql_alchemy_conn option in [core] has been moved to the sql_alchemy_conn option in [database] - the old setting has been used, but please update your config.
[2025-02-18T16:34:03.471+0000] {taskinstance.py:3134} INFO - Exporting env vars: AIRFLOW_CTX_DAG_OWNER='***' AIRFLOW_CTX_DAG_ID='my_first_dag' AIRFLOW_CTX_TASK_ID='hello_task' AIRFLOW_CTX_EXECUTION_DATE='2024-03-06T00:00:00+00:00' AIRFLOW_CTX_TRY_NUMBER='1' AIRFLOW_CTX_DAG_RUN_ID='scheduled__2024-03-06T00:00:00+00:00'
[2025-02-18T16:34:03.477+0000] {taskinstance.py:732} INFO - ::endgroup::
[2025-02-18T16:34:03.509+0000] {logging_mixin.py:190} INFO - Hello, Airflow!
[2025-02-18T16:34:03.511+0000] {python.py:240} INFO - Done. Returned value was: None
[2025-02-18T16:34:03.528+0000] {taskinstance.py:341} INFO - ::group::Post task execution logs
[2025-02-18T16:34:03.529+0000] {taskinstance.py:353} INFO - Marking task as SUCCESS. dag_id=my_first_dag, task_id=hello_task, run_id=scheduled__2024-03-06T00:00:00+00:00, execution_date=20240306T000000, start_date=20250218T163403, end_date=20250218T163403
[2025-02-18T16:34:03.687+0000] {local_task_job_runner.py:266} INFO - Task exited with return code 0
[2025-02-18T16:34:03.726+0000] {local_task_job_runner.py:245} INFO - ::endgroup::
