[2025-02-18T04:31:06.279+0000] {local_task_job_runner.py:123} INFO - ::group::Pre task execution logs
[2025-02-18T04:31:06.305+0000] {taskinstance.py:2614} INFO - Dependencies all met for dep_context=non-requeueable deps ti=<TaskInstance: my_first_dag.hello_task scheduled__2024-03-30T00:00:00+00:00 [queued]>
[2025-02-18T04:31:06.311+0000] {taskinstance.py:2614} INFO - Dependencies all met for dep_context=requeueable deps ti=<TaskInstance: my_first_dag.hello_task scheduled__2024-03-30T00:00:00+00:00 [queued]>
[2025-02-18T04:31:06.311+0000] {taskinstance.py:2867} INFO - Starting attempt 1 of 2
[2025-02-18T04:31:06.319+0000] {taskinstance.py:2890} INFO - Executing <Task(PythonOperator): hello_task> on 2024-03-30 00:00:00+00:00
[2025-02-18T04:31:06.325+0000] {logging_mixin.py:190} WARNING - /home/***/.local/lib/python3.12/site-packages/***/task/task_runner/standard_task_runner.py:70 DeprecationWarning: This process (pid=362) is multi-threaded, use of fork() may lead to deadlocks in the child.
[2025-02-18T04:31:06.331+0000] {standard_task_runner.py:72} INFO - Started process 372 to run task
[2025-02-18T04:31:06.327+0000] {standard_task_runner.py:104} INFO - Running: ['***', 'tasks', 'run', 'my_first_dag', 'hello_task', 'scheduled__2024-03-30T00:00:00+00:00', '--job-id', '44', '--raw', '--subdir', 'DAGS_FOLDER/my-first-dag.py', '--cfg-path', '/tmp/tmpi4x1t27e']
[2025-02-18T04:31:06.338+0000] {standard_task_runner.py:105} INFO - Job 44: Subtask hello_task
[2025-02-18T04:31:06.368+0000] {logging_mixin.py:190} WARNING - /home/***/.local/lib/python3.12/site-packages/***/settings.py:209 DeprecationWarning: The sql_alchemy_conn option in [core] has been moved to the sql_alchemy_conn option in [database] - the old setting has been used, but please update your config.
[2025-02-18T04:31:06.458+0000] {task_command.py:467} INFO - Running <TaskInstance: my_first_dag.hello_task scheduled__2024-03-30T00:00:00+00:00 [running]> on host 3420485c558b
[2025-02-18T04:31:06.468+0000] {logging_mixin.py:190} WARNING - /home/***/.local/lib/python3.12/site-packages/***/settings.py:470 DeprecationWarning: The sql_alchemy_conn option in [core] has been moved to the sql_alchemy_conn option in [database] - the old setting has been used, but please update your config.
[2025-02-18T04:31:06.634+0000] {taskinstance.py:3134} INFO - Exporting env vars: AIRFLOW_CTX_DAG_OWNER='***' AIRFLOW_CTX_DAG_ID='my_first_dag' AIRFLOW_CTX_TASK_ID='hello_task' AIRFLOW_CTX_EXECUTION_DATE='2024-03-30T00:00:00+00:00' AIRFLOW_CTX_TRY_NUMBER='1' AIRFLOW_CTX_DAG_RUN_ID='scheduled__2024-03-30T00:00:00+00:00'
[2025-02-18T04:31:06.635+0000] {taskinstance.py:732} INFO - ::endgroup::
[2025-02-18T04:31:06.658+0000] {logging_mixin.py:190} INFO - Hello, Airflow!
[2025-02-18T04:31:06.659+0000] {python.py:240} INFO - Done. Returned value was: None
[2025-02-18T04:31:06.681+0000] {taskinstance.py:341} INFO - ::group::Post task execution logs
[2025-02-18T04:31:06.682+0000] {taskinstance.py:353} INFO - Marking task as SUCCESS. dag_id=my_first_dag, task_id=hello_task, run_id=scheduled__2024-03-30T00:00:00+00:00, execution_date=20240330T000000, start_date=20250218T043106, end_date=20250218T043106
[2025-02-18T04:31:06.726+0000] {local_task_job_runner.py:266} INFO - Task exited with return code 0
[2025-02-18T04:31:06.746+0000] {taskinstance.py:3901} INFO - 0 downstream tasks scheduled from follow-on schedule check
[2025-02-18T04:31:06.752+0000] {local_task_job_runner.py:245} INFO - ::endgroup::
[2025-02-18T16:34:09.481+0000] {local_task_job_runner.py:123} INFO - ::group::Pre task execution logs
[2025-02-18T16:34:09.523+0000] {taskinstance.py:2614} INFO - Dependencies all met for dep_context=non-requeueable deps ti=<TaskInstance: my_first_dag.hello_task scheduled__2024-03-30T00:00:00+00:00 [queued]>
[2025-02-18T16:34:09.545+0000] {taskinstance.py:2614} INFO - Dependencies all met for dep_context=requeueable deps ti=<TaskInstance: my_first_dag.hello_task scheduled__2024-03-30T00:00:00+00:00 [queued]>
[2025-02-18T16:34:09.553+0000] {taskinstance.py:2867} INFO - Starting attempt 1 of 2
[2025-02-18T16:34:09.646+0000] {taskinstance.py:2890} INFO - Executing <Task(PythonOperator): hello_task> on 2024-03-30 00:00:00+00:00
[2025-02-18T16:34:09.666+0000] {logging_mixin.py:190} WARNING - /home/***/.local/lib/python3.12/site-packages/***/task/task_runner/standard_task_runner.py:70 DeprecationWarning: This process (pid=1646) is multi-threaded, use of fork() may lead to deadlocks in the child.
[2025-02-18T16:34:09.682+0000] {standard_task_runner.py:72} INFO - Started process 1661 to run task
[2025-02-18T16:34:09.673+0000] {standard_task_runner.py:104} INFO - Running: ['***', 'tasks', 'run', 'my_first_dag', 'hello_task', 'scheduled__2024-03-30T00:00:00+00:00', '--job-id', '412', '--raw', '--subdir', 'DAGS_FOLDER/my-first-dag.py', '--cfg-path', '/tmp/tmp8e61g0__']
[2025-02-18T16:34:09.696+0000] {standard_task_runner.py:105} INFO - Job 412: Subtask hello_task
[2025-02-18T16:34:09.736+0000] {logging_mixin.py:190} WARNING - /home/***/.local/lib/python3.12/site-packages/***/settings.py:209 DeprecationWarning: The sql_alchemy_conn option in [core] has been moved to the sql_alchemy_conn option in [database] - the old setting has been used, but please update your config.
[2025-02-18T16:34:09.855+0000] {task_command.py:467} INFO - Running <TaskInstance: my_first_dag.hello_task scheduled__2024-03-30T00:00:00+00:00 [running]> on host 8720d9c228eb
[2025-02-18T16:34:09.858+0000] {logging_mixin.py:190} WARNING - /home/***/.local/lib/python3.12/site-packages/***/settings.py:470 DeprecationWarning: The sql_alchemy_conn option in [core] has been moved to the sql_alchemy_conn option in [database] - the old setting has been used, but please update your config.
[2025-02-18T16:34:10.032+0000] {taskinstance.py:3134} INFO - Exporting env vars: AIRFLOW_CTX_DAG_OWNER='***' AIRFLOW_CTX_DAG_ID='my_first_dag' AIRFLOW_CTX_TASK_ID='hello_task' AIRFLOW_CTX_EXECUTION_DATE='2024-03-30T00:00:00+00:00' AIRFLOW_CTX_TRY_NUMBER='1' AIRFLOW_CTX_DAG_RUN_ID='scheduled__2024-03-30T00:00:00+00:00'
[2025-02-18T16:34:10.044+0000] {taskinstance.py:732} INFO - ::endgroup::
[2025-02-18T16:34:10.059+0000] {logging_mixin.py:190} INFO - Hello, Airflow!
[2025-02-18T16:34:10.060+0000] {python.py:240} INFO - Done. Returned value was: None
[2025-02-18T16:34:10.069+0000] {taskinstance.py:341} INFO - ::group::Post task execution logs
[2025-02-18T16:34:10.118+0000] {taskinstance.py:353} INFO - Marking task as SUCCESS. dag_id=my_first_dag, task_id=hello_task, run_id=scheduled__2024-03-30T00:00:00+00:00, execution_date=20240330T000000, start_date=20250218T163409, end_date=20250218T163410
[2025-02-18T16:34:10.305+0000] {local_task_job_runner.py:266} INFO - Task exited with return code 0
[2025-02-18T16:34:10.346+0000] {taskinstance.py:3901} INFO - 0 downstream tasks scheduled from follow-on schedule check
[2025-02-18T16:34:10.350+0000] {local_task_job_runner.py:245} INFO - ::endgroup::
