[2025-02-18T04:31:18.159+0000] {local_task_job_runner.py:123} INFO - ::group::Pre task execution logs
[2025-02-18T04:31:18.171+0000] {taskinstance.py:2614} INFO - Dependencies all met for dep_context=non-requeueable deps ti=<TaskInstance: my_first_dag.hello_task scheduled__2024-04-22T00:00:00+00:00 [queued]>
[2025-02-18T04:31:18.175+0000] {taskinstance.py:2614} INFO - Dependencies all met for dep_context=requeueable deps ti=<TaskInstance: my_first_dag.hello_task scheduled__2024-04-22T00:00:00+00:00 [queued]>
[2025-02-18T04:31:18.176+0000] {taskinstance.py:2867} INFO - Starting attempt 1 of 2
[2025-02-18T04:31:18.182+0000] {taskinstance.py:2890} INFO - Executing <Task(PythonOperator): hello_task> on 2024-04-22 00:00:00+00:00
[2025-02-18T04:31:18.186+0000] {logging_mixin.py:190} WARNING - /home/***/.local/lib/python3.12/site-packages/***/task/task_runner/standard_task_runner.py:70 DeprecationWarning: This process (pid=443) is multi-threaded, use of fork() may lead to deadlocks in the child.
[2025-02-18T04:31:18.187+0000] {standard_task_runner.py:72} INFO - Started process 444 to run task
[2025-02-18T04:31:18.187+0000] {standard_task_runner.py:104} INFO - Running: ['***', 'tasks', 'run', 'my_first_dag', 'hello_task', 'scheduled__2024-04-22T00:00:00+00:00', '--job-id', '67', '--raw', '--subdir', 'DAGS_FOLDER/my-first-dag.py', '--cfg-path', '/tmp/tmpi47kucyu']
[2025-02-18T04:31:18.188+0000] {standard_task_runner.py:105} INFO - Job 67: Subtask hello_task
[2025-02-18T04:31:18.197+0000] {logging_mixin.py:190} WARNING - /home/***/.local/lib/python3.12/site-packages/***/settings.py:209 DeprecationWarning: The sql_alchemy_conn option in [core] has been moved to the sql_alchemy_conn option in [database] - the old setting has been used, but please update your config.
[2025-02-18T04:31:18.221+0000] {task_command.py:467} INFO - Running <TaskInstance: my_first_dag.hello_task scheduled__2024-04-22T00:00:00+00:00 [running]> on host 3420485c558b
[2025-02-18T04:31:18.222+0000] {logging_mixin.py:190} WARNING - /home/***/.local/lib/python3.12/site-packages/***/settings.py:470 DeprecationWarning: The sql_alchemy_conn option in [core] has been moved to the sql_alchemy_conn option in [database] - the old setting has been used, but please update your config.
[2025-02-18T04:31:18.270+0000] {taskinstance.py:3134} INFO - Exporting env vars: AIRFLOW_CTX_DAG_OWNER='***' AIRFLOW_CTX_DAG_ID='my_first_dag' AIRFLOW_CTX_TASK_ID='hello_task' AIRFLOW_CTX_EXECUTION_DATE='2024-04-22T00:00:00+00:00' AIRFLOW_CTX_TRY_NUMBER='1' AIRFLOW_CTX_DAG_RUN_ID='scheduled__2024-04-22T00:00:00+00:00'
[2025-02-18T04:31:18.271+0000] {taskinstance.py:732} INFO - ::endgroup::
[2025-02-18T04:31:18.280+0000] {logging_mixin.py:190} INFO - Hello, Airflow!
[2025-02-18T04:31:18.280+0000] {python.py:240} INFO - Done. Returned value was: None
[2025-02-18T04:31:18.286+0000] {taskinstance.py:341} INFO - ::group::Post task execution logs
[2025-02-18T04:31:18.287+0000] {taskinstance.py:353} INFO - Marking task as SUCCESS. dag_id=my_first_dag, task_id=hello_task, run_id=scheduled__2024-04-22T00:00:00+00:00, execution_date=20240422T000000, start_date=20250218T043118, end_date=20250218T043118
[2025-02-18T04:31:18.330+0000] {local_task_job_runner.py:266} INFO - Task exited with return code 0
[2025-02-18T04:31:18.340+0000] {taskinstance.py:3901} INFO - 0 downstream tasks scheduled from follow-on schedule check
[2025-02-18T04:31:18.340+0000] {local_task_job_runner.py:245} INFO - ::endgroup::
[2025-02-18T16:34:16.968+0000] {local_task_job_runner.py:123} INFO - ::group::Pre task execution logs
[2025-02-18T16:34:17.034+0000] {taskinstance.py:2614} INFO - Dependencies all met for dep_context=non-requeueable deps ti=<TaskInstance: my_first_dag.hello_task scheduled__2024-04-22T00:00:00+00:00 [queued]>
[2025-02-18T16:34:17.059+0000] {taskinstance.py:2614} INFO - Dependencies all met for dep_context=requeueable deps ti=<TaskInstance: my_first_dag.hello_task scheduled__2024-04-22T00:00:00+00:00 [queued]>
[2025-02-18T16:34:17.063+0000] {taskinstance.py:2867} INFO - Starting attempt 1 of 2
[2025-02-18T16:34:17.170+0000] {taskinstance.py:2890} INFO - Executing <Task(PythonOperator): hello_task> on 2024-04-22 00:00:00+00:00
[2025-02-18T16:34:17.205+0000] {standard_task_runner.py:104} INFO - Running: ['***', 'tasks', 'run', 'my_first_dag', 'hello_task', 'scheduled__2024-04-22T00:00:00+00:00', '--job-id', '435', '--raw', '--subdir', 'DAGS_FOLDER/my-first-dag.py', '--cfg-path', '/tmp/tmplo2jdyjp']
[2025-02-18T16:34:17.215+0000] {standard_task_runner.py:105} INFO - Job 435: Subtask hello_task
[2025-02-18T16:34:17.214+0000] {logging_mixin.py:190} WARNING - /home/***/.local/lib/python3.12/site-packages/***/task/task_runner/standard_task_runner.py:70 DeprecationWarning: This process (pid=1721) is multi-threaded, use of fork() may lead to deadlocks in the child.
[2025-02-18T16:34:17.228+0000] {standard_task_runner.py:72} INFO - Started process 1730 to run task
[2025-02-18T16:34:17.262+0000] {logging_mixin.py:190} WARNING - /home/***/.local/lib/python3.12/site-packages/***/settings.py:209 DeprecationWarning: The sql_alchemy_conn option in [core] has been moved to the sql_alchemy_conn option in [database] - the old setting has been used, but please update your config.
[2025-02-18T16:34:17.450+0000] {task_command.py:467} INFO - Running <TaskInstance: my_first_dag.hello_task scheduled__2024-04-22T00:00:00+00:00 [running]> on host 8720d9c228eb
[2025-02-18T16:34:17.454+0000] {logging_mixin.py:190} WARNING - /home/***/.local/lib/python3.12/site-packages/***/settings.py:470 DeprecationWarning: The sql_alchemy_conn option in [core] has been moved to the sql_alchemy_conn option in [database] - the old setting has been used, but please update your config.
[2025-02-18T16:34:17.643+0000] {taskinstance.py:3134} INFO - Exporting env vars: AIRFLOW_CTX_DAG_OWNER='***' AIRFLOW_CTX_DAG_ID='my_first_dag' AIRFLOW_CTX_TASK_ID='hello_task' AIRFLOW_CTX_EXECUTION_DATE='2024-04-22T00:00:00+00:00' AIRFLOW_CTX_TRY_NUMBER='1' AIRFLOW_CTX_DAG_RUN_ID='scheduled__2024-04-22T00:00:00+00:00'
[2025-02-18T16:34:17.645+0000] {taskinstance.py:732} INFO - ::endgroup::
[2025-02-18T16:34:17.666+0000] {logging_mixin.py:190} INFO - Hello, Airflow!
[2025-02-18T16:34:17.672+0000] {python.py:240} INFO - Done. Returned value was: None
[2025-02-18T16:34:17.693+0000] {taskinstance.py:341} INFO - ::group::Post task execution logs
[2025-02-18T16:34:17.709+0000] {taskinstance.py:353} INFO - Marking task as SUCCESS. dag_id=my_first_dag, task_id=hello_task, run_id=scheduled__2024-04-22T00:00:00+00:00, execution_date=20240422T000000, start_date=20250218T163417, end_date=20250218T163417
[2025-02-18T16:34:17.832+0000] {local_task_job_runner.py:266} INFO - Task exited with return code 0
[2025-02-18T16:34:17.858+0000] {taskinstance.py:3901} INFO - 0 downstream tasks scheduled from follow-on schedule check
[2025-02-18T16:34:17.860+0000] {local_task_job_runner.py:245} INFO - ::endgroup::
