[2025-02-18T04:26:35.555+0000] {processor.py:186} INFO - Started process (PID=201) to work on /opt/airflow/dags/my-first-dag.py
[2025-02-18T04:26:35.557+0000] {processor.py:914} INFO - Processing file /opt/airflow/dags/my-first-dag.py for tasks to queue
[2025-02-18T04:26:35.564+0000] {logging_mixin.py:190} INFO - [2025-02-18T04:26:35.562+0000] {dagbag.py:588} INFO - Filling up the DagBag from /opt/airflow/dags/my-first-dag.py
[2025-02-18T04:26:35.596+0000] {processor.py:925} INFO - DAG(s) 'my_first_dag' retrieved from /opt/airflow/dags/my-first-dag.py
[2025-02-18T04:26:35.780+0000] {logging_mixin.py:190} INFO - [2025-02-18T04:26:35.780+0000] {override.py:1912} INFO - Created Permission View: can edit on DAG:my_first_dag
[2025-02-18T04:26:35.785+0000] {logging_mixin.py:190} INFO - [2025-02-18T04:26:35.785+0000] {override.py:1912} INFO - Created Permission View: can delete on DAG:my_first_dag
[2025-02-18T04:26:35.787+0000] {logging_mixin.py:190} INFO - [2025-02-18T04:26:35.787+0000] {override.py:1912} INFO - Created Permission View: can read on DAG:my_first_dag
[2025-02-18T04:26:35.788+0000] {logging_mixin.py:190} INFO - [2025-02-18T04:26:35.788+0000] {override.py:1912} INFO - Created Permission View: menu access on DAG Run:my_first_dag
[2025-02-18T04:26:35.790+0000] {logging_mixin.py:190} INFO - [2025-02-18T04:26:35.790+0000] {override.py:1912} INFO - Created Permission View: can delete on DAG Run:my_first_dag
[2025-02-18T04:26:35.792+0000] {logging_mixin.py:190} INFO - [2025-02-18T04:26:35.792+0000] {override.py:1912} INFO - Created Permission View: can read on DAG Run:my_first_dag
[2025-02-18T04:26:35.793+0000] {logging_mixin.py:190} INFO - [2025-02-18T04:26:35.793+0000] {override.py:1912} INFO - Created Permission View: can create on DAG Run:my_first_dag
[2025-02-18T04:26:35.794+0000] {logging_mixin.py:190} INFO - [2025-02-18T04:26:35.794+0000] {dag.py:3239} INFO - Sync 1 DAGs
[2025-02-18T04:26:35.804+0000] {logging_mixin.py:190} INFO - [2025-02-18T04:26:35.804+0000] {dag.py:3262} INFO - Creating ORM DAG for my_first_dag
[2025-02-18T04:26:35.812+0000] {logging_mixin.py:190} INFO - [2025-02-18T04:26:35.812+0000] {dag.py:4180} INFO - Setting next_dagrun for my_first_dag to 2024-02-18 00:00:00+00:00, run_after=2024-02-19 00:00:00+00:00
[2025-02-18T04:26:35.820+0000] {processor.py:208} INFO - Processing /opt/airflow/dags/my-first-dag.py took 0.279 seconds
[2025-02-18T04:27:06.260+0000] {processor.py:186} INFO - Started process (PID=206) to work on /opt/airflow/dags/my-first-dag.py
[2025-02-18T04:27:06.262+0000] {processor.py:914} INFO - Processing file /opt/airflow/dags/my-first-dag.py for tasks to queue
[2025-02-18T04:27:06.267+0000] {logging_mixin.py:190} INFO - [2025-02-18T04:27:06.266+0000] {dagbag.py:588} INFO - Filling up the DagBag from /opt/airflow/dags/my-first-dag.py
[2025-02-18T04:27:06.290+0000] {processor.py:925} INFO - DAG(s) 'my_first_dag' retrieved from /opt/airflow/dags/my-first-dag.py
[2025-02-18T04:27:06.324+0000] {logging_mixin.py:190} INFO - [2025-02-18T04:27:06.324+0000] {dag.py:3239} INFO - Sync 1 DAGs
[2025-02-18T04:27:06.339+0000] {logging_mixin.py:190} INFO - [2025-02-18T04:27:06.339+0000] {dag.py:4180} INFO - Setting next_dagrun for my_first_dag to 2024-02-18 00:00:00+00:00, run_after=2024-02-19 00:00:00+00:00
[2025-02-18T04:27:06.350+0000] {processor.py:208} INFO - Processing /opt/airflow/dags/my-first-dag.py took 0.108 seconds
[2025-02-18T04:27:36.610+0000] {processor.py:186} INFO - Started process (PID=211) to work on /opt/airflow/dags/my-first-dag.py
[2025-02-18T04:27:36.612+0000] {processor.py:914} INFO - Processing file /opt/airflow/dags/my-first-dag.py for tasks to queue
[2025-02-18T04:27:36.616+0000] {logging_mixin.py:190} INFO - [2025-02-18T04:27:36.615+0000] {dagbag.py:588} INFO - Filling up the DagBag from /opt/airflow/dags/my-first-dag.py
[2025-02-18T04:27:36.637+0000] {processor.py:925} INFO - DAG(s) 'my_first_dag' retrieved from /opt/airflow/dags/my-first-dag.py
[2025-02-18T04:27:36.670+0000] {logging_mixin.py:190} INFO - [2025-02-18T04:27:36.670+0000] {dag.py:3239} INFO - Sync 1 DAGs
[2025-02-18T04:27:36.685+0000] {logging_mixin.py:190} INFO - [2025-02-18T04:27:36.685+0000] {dag.py:4180} INFO - Setting next_dagrun for my_first_dag to 2024-02-18 00:00:00+00:00, run_after=2024-02-19 00:00:00+00:00
[2025-02-18T04:27:36.694+0000] {processor.py:208} INFO - Processing /opt/airflow/dags/my-first-dag.py took 0.099 seconds
[2025-02-18T04:28:07.091+0000] {processor.py:186} INFO - Started process (PID=216) to work on /opt/airflow/dags/my-first-dag.py
[2025-02-18T04:28:07.092+0000] {processor.py:914} INFO - Processing file /opt/airflow/dags/my-first-dag.py for tasks to queue
[2025-02-18T04:28:07.095+0000] {logging_mixin.py:190} INFO - [2025-02-18T04:28:07.094+0000] {dagbag.py:588} INFO - Filling up the DagBag from /opt/airflow/dags/my-first-dag.py
[2025-02-18T04:28:07.107+0000] {processor.py:925} INFO - DAG(s) 'my_first_dag' retrieved from /opt/airflow/dags/my-first-dag.py
[2025-02-18T04:28:07.141+0000] {logging_mixin.py:190} INFO - [2025-02-18T04:28:07.141+0000] {dag.py:3239} INFO - Sync 1 DAGs
[2025-02-18T04:28:07.155+0000] {logging_mixin.py:190} INFO - [2025-02-18T04:28:07.155+0000] {dag.py:4180} INFO - Setting next_dagrun for my_first_dag to 2024-02-18 00:00:00+00:00, run_after=2024-02-19 00:00:00+00:00
[2025-02-18T04:28:07.163+0000] {processor.py:208} INFO - Processing /opt/airflow/dags/my-first-dag.py took 0.084 seconds
[2025-02-18T04:28:37.413+0000] {processor.py:186} INFO - Started process (PID=221) to work on /opt/airflow/dags/my-first-dag.py
[2025-02-18T04:28:37.415+0000] {processor.py:914} INFO - Processing file /opt/airflow/dags/my-first-dag.py for tasks to queue
[2025-02-18T04:28:37.419+0000] {logging_mixin.py:190} INFO - [2025-02-18T04:28:37.418+0000] {dagbag.py:588} INFO - Filling up the DagBag from /opt/airflow/dags/my-first-dag.py
[2025-02-18T04:28:37.434+0000] {processor.py:925} INFO - DAG(s) 'my_first_dag' retrieved from /opt/airflow/dags/my-first-dag.py
[2025-02-18T04:28:37.458+0000] {logging_mixin.py:190} INFO - [2025-02-18T04:28:37.458+0000] {dag.py:3239} INFO - Sync 1 DAGs
[2025-02-18T04:28:37.471+0000] {logging_mixin.py:190} INFO - [2025-02-18T04:28:37.471+0000] {dag.py:4180} INFO - Setting next_dagrun for my_first_dag to 2024-02-18 00:00:00+00:00, run_after=2024-02-19 00:00:00+00:00
[2025-02-18T04:28:37.479+0000] {processor.py:208} INFO - Processing /opt/airflow/dags/my-first-dag.py took 0.076 seconds
[2025-02-18T04:29:07.814+0000] {processor.py:186} INFO - Started process (PID=226) to work on /opt/airflow/dags/my-first-dag.py
[2025-02-18T04:29:07.816+0000] {processor.py:914} INFO - Processing file /opt/airflow/dags/my-first-dag.py for tasks to queue
[2025-02-18T04:29:07.820+0000] {logging_mixin.py:190} INFO - [2025-02-18T04:29:07.819+0000] {dagbag.py:588} INFO - Filling up the DagBag from /opt/airflow/dags/my-first-dag.py
[2025-02-18T04:29:07.841+0000] {processor.py:925} INFO - DAG(s) 'my_first_dag' retrieved from /opt/airflow/dags/my-first-dag.py
[2025-02-18T04:29:07.868+0000] {logging_mixin.py:190} INFO - [2025-02-18T04:29:07.868+0000] {dag.py:3239} INFO - Sync 1 DAGs
[2025-02-18T04:29:07.884+0000] {logging_mixin.py:190} INFO - [2025-02-18T04:29:07.884+0000] {dag.py:4180} INFO - Setting next_dagrun for my_first_dag to 2024-02-18 00:00:00+00:00, run_after=2024-02-19 00:00:00+00:00
[2025-02-18T04:29:07.893+0000] {processor.py:208} INFO - Processing /opt/airflow/dags/my-first-dag.py took 0.093 seconds
[2025-02-18T04:29:38.148+0000] {processor.py:186} INFO - Started process (PID=231) to work on /opt/airflow/dags/my-first-dag.py
[2025-02-18T04:29:38.152+0000] {processor.py:914} INFO - Processing file /opt/airflow/dags/my-first-dag.py for tasks to queue
[2025-02-18T04:29:38.158+0000] {logging_mixin.py:190} INFO - [2025-02-18T04:29:38.158+0000] {dagbag.py:588} INFO - Filling up the DagBag from /opt/airflow/dags/my-first-dag.py
[2025-02-18T04:29:38.173+0000] {processor.py:925} INFO - DAG(s) 'my_first_dag' retrieved from /opt/airflow/dags/my-first-dag.py
[2025-02-18T04:29:38.211+0000] {logging_mixin.py:190} INFO - [2025-02-18T04:29:38.211+0000] {dag.py:3239} INFO - Sync 1 DAGs
[2025-02-18T04:29:38.228+0000] {logging_mixin.py:190} INFO - [2025-02-18T04:29:38.228+0000] {dag.py:4180} INFO - Setting next_dagrun for my_first_dag to 2024-02-18 00:00:00+00:00, run_after=2024-02-19 00:00:00+00:00
[2025-02-18T04:29:38.237+0000] {processor.py:208} INFO - Processing /opt/airflow/dags/my-first-dag.py took 0.105 seconds
[2025-02-18T04:30:08.542+0000] {processor.py:186} INFO - Started process (PID=236) to work on /opt/airflow/dags/my-first-dag.py
[2025-02-18T04:30:08.544+0000] {processor.py:914} INFO - Processing file /opt/airflow/dags/my-first-dag.py for tasks to queue
[2025-02-18T04:30:08.548+0000] {logging_mixin.py:190} INFO - [2025-02-18T04:30:08.547+0000] {dagbag.py:588} INFO - Filling up the DagBag from /opt/airflow/dags/my-first-dag.py
[2025-02-18T04:30:08.561+0000] {processor.py:925} INFO - DAG(s) 'my_first_dag' retrieved from /opt/airflow/dags/my-first-dag.py
[2025-02-18T04:30:08.592+0000] {logging_mixin.py:190} INFO - [2025-02-18T04:30:08.592+0000] {dag.py:3239} INFO - Sync 1 DAGs
[2025-02-18T04:30:08.607+0000] {logging_mixin.py:190} INFO - [2025-02-18T04:30:08.607+0000] {dag.py:4180} INFO - Setting next_dagrun for my_first_dag to 2024-02-18 00:00:00+00:00, run_after=2024-02-19 00:00:00+00:00
[2025-02-18T04:30:08.617+0000] {processor.py:208} INFO - Processing /opt/airflow/dags/my-first-dag.py took 0.086 seconds
[2025-02-18T04:30:38.920+0000] {processor.py:186} INFO - Started process (PID=241) to work on /opt/airflow/dags/my-first-dag.py
[2025-02-18T04:30:38.922+0000] {processor.py:914} INFO - Processing file /opt/airflow/dags/my-first-dag.py for tasks to queue
[2025-02-18T04:30:38.925+0000] {logging_mixin.py:190} INFO - [2025-02-18T04:30:38.924+0000] {dagbag.py:588} INFO - Filling up the DagBag from /opt/airflow/dags/my-first-dag.py
[2025-02-18T04:30:38.939+0000] {processor.py:925} INFO - DAG(s) 'my_first_dag' retrieved from /opt/airflow/dags/my-first-dag.py
[2025-02-18T04:30:38.983+0000] {logging_mixin.py:190} INFO - [2025-02-18T04:30:38.983+0000] {dag.py:3239} INFO - Sync 1 DAGs
[2025-02-18T04:30:38.999+0000] {logging_mixin.py:190} INFO - [2025-02-18T04:30:38.999+0000] {dag.py:4180} INFO - Setting next_dagrun for my_first_dag to 2024-02-18 00:00:00+00:00, run_after=2024-02-19 00:00:00+00:00
[2025-02-18T04:30:39.010+0000] {processor.py:208} INFO - Processing /opt/airflow/dags/my-first-dag.py took 0.100 seconds
[2025-02-18T04:31:09.697+0000] {processor.py:186} INFO - Started process (PID=409) to work on /opt/airflow/dags/my-first-dag.py
[2025-02-18T04:31:09.698+0000] {processor.py:914} INFO - Processing file /opt/airflow/dags/my-first-dag.py for tasks to queue
[2025-02-18T04:31:09.702+0000] {logging_mixin.py:190} INFO - [2025-02-18T04:31:09.701+0000] {dagbag.py:588} INFO - Filling up the DagBag from /opt/airflow/dags/my-first-dag.py
[2025-02-18T04:31:09.719+0000] {processor.py:925} INFO - DAG(s) 'my_first_dag' retrieved from /opt/airflow/dags/my-first-dag.py
[2025-02-18T04:31:09.753+0000] {logging_mixin.py:190} INFO - [2025-02-18T04:31:09.753+0000] {dag.py:3239} INFO - Sync 1 DAGs
[2025-02-18T04:31:09.776+0000] {logging_mixin.py:190} INFO - [2025-02-18T04:31:09.776+0000] {dag.py:4180} INFO - Setting next_dagrun for my_first_dag to 2024-04-14 00:00:00+00:00, run_after=2024-04-15 00:00:00+00:00
[2025-02-18T04:31:09.789+0000] {processor.py:208} INFO - Processing /opt/airflow/dags/my-first-dag.py took 0.104 seconds
[2025-02-18T04:31:40.298+0000] {processor.py:186} INFO - Started process (PID=590) to work on /opt/airflow/dags/my-first-dag.py
[2025-02-18T04:31:40.300+0000] {processor.py:914} INFO - Processing file /opt/airflow/dags/my-first-dag.py for tasks to queue
[2025-02-18T04:31:40.302+0000] {logging_mixin.py:190} INFO - [2025-02-18T04:31:40.302+0000] {dagbag.py:588} INFO - Filling up the DagBag from /opt/airflow/dags/my-first-dag.py
[2025-02-18T04:31:40.322+0000] {processor.py:925} INFO - DAG(s) 'my_first_dag' retrieved from /opt/airflow/dags/my-first-dag.py
[2025-02-18T04:31:40.353+0000] {logging_mixin.py:190} INFO - [2025-02-18T04:31:40.353+0000] {dag.py:3239} INFO - Sync 1 DAGs
[2025-02-18T04:31:40.369+0000] {logging_mixin.py:190} INFO - [2025-02-18T04:31:40.369+0000] {dag.py:4180} INFO - Setting next_dagrun for my_first_dag to 2024-06-10 00:00:00+00:00, run_after=2024-06-11 00:00:00+00:00
[2025-02-18T04:31:40.379+0000] {processor.py:208} INFO - Processing /opt/airflow/dags/my-first-dag.py took 0.089 seconds
[2025-02-18T04:32:10.843+0000] {processor.py:186} INFO - Started process (PID=922) to work on /opt/airflow/dags/my-first-dag.py
[2025-02-18T04:32:10.845+0000] {processor.py:914} INFO - Processing file /opt/airflow/dags/my-first-dag.py for tasks to queue
[2025-02-18T04:32:10.853+0000] {logging_mixin.py:190} INFO - [2025-02-18T04:32:10.851+0000] {dagbag.py:588} INFO - Filling up the DagBag from /opt/airflow/dags/my-first-dag.py
[2025-02-18T04:32:10.877+0000] {processor.py:925} INFO - DAG(s) 'my_first_dag' retrieved from /opt/airflow/dags/my-first-dag.py
[2025-02-18T04:32:10.947+0000] {logging_mixin.py:190} INFO - [2025-02-18T04:32:10.947+0000] {dag.py:3239} INFO - Sync 1 DAGs
[2025-02-18T04:32:10.991+0000] {logging_mixin.py:190} INFO - [2025-02-18T04:32:10.991+0000] {dag.py:4180} INFO - Setting next_dagrun for my_first_dag to 2024-10-01 00:00:00+00:00, run_after=2024-10-02 00:00:00+00:00
[2025-02-18T04:32:11.011+0000] {processor.py:208} INFO - Processing /opt/airflow/dags/my-first-dag.py took 0.181 seconds
[2025-02-18T04:32:41.293+0000] {processor.py:186} INFO - Started process (PID=1254) to work on /opt/airflow/dags/my-first-dag.py
[2025-02-18T04:32:41.295+0000] {processor.py:914} INFO - Processing file /opt/airflow/dags/my-first-dag.py for tasks to queue
[2025-02-18T04:32:41.299+0000] {logging_mixin.py:190} INFO - [2025-02-18T04:32:41.299+0000] {dagbag.py:588} INFO - Filling up the DagBag from /opt/airflow/dags/my-first-dag.py
[2025-02-18T04:32:41.320+0000] {processor.py:925} INFO - DAG(s) 'my_first_dag' retrieved from /opt/airflow/dags/my-first-dag.py
[2025-02-18T04:32:41.355+0000] {logging_mixin.py:190} INFO - [2025-02-18T04:32:41.355+0000] {dag.py:3239} INFO - Sync 1 DAGs
[2025-02-18T04:32:41.374+0000] {logging_mixin.py:190} INFO - [2025-02-18T04:32:41.374+0000] {dag.py:4180} INFO - Setting next_dagrun for my_first_dag to 2025-01-17 00:00:00+00:00, run_after=2025-01-18 00:00:00+00:00
[2025-02-18T04:32:41.388+0000] {processor.py:208} INFO - Processing /opt/airflow/dags/my-first-dag.py took 0.108 seconds
[2025-02-18T04:33:11.681+0000] {processor.py:186} INFO - Started process (PID=1364) to work on /opt/airflow/dags/my-first-dag.py
[2025-02-18T04:33:11.683+0000] {processor.py:914} INFO - Processing file /opt/airflow/dags/my-first-dag.py for tasks to queue
[2025-02-18T04:33:11.688+0000] {logging_mixin.py:190} INFO - [2025-02-18T04:33:11.687+0000] {dagbag.py:588} INFO - Filling up the DagBag from /opt/airflow/dags/my-first-dag.py
[2025-02-18T04:33:11.706+0000] {processor.py:925} INFO - DAG(s) 'my_first_dag' retrieved from /opt/airflow/dags/my-first-dag.py
[2025-02-18T04:33:11.746+0000] {logging_mixin.py:190} INFO - [2025-02-18T04:33:11.746+0000] {dag.py:3239} INFO - Sync 1 DAGs
[2025-02-18T04:33:11.770+0000] {logging_mixin.py:190} INFO - [2025-02-18T04:33:11.770+0000] {dag.py:4180} INFO - Setting next_dagrun for my_first_dag to 2025-02-18 00:00:00+00:00, run_after=2025-02-19 00:00:00+00:00
[2025-02-18T04:33:11.780+0000] {processor.py:208} INFO - Processing /opt/airflow/dags/my-first-dag.py took 0.111 seconds
[2025-02-18T04:33:42.045+0000] {processor.py:186} INFO - Started process (PID=1369) to work on /opt/airflow/dags/my-first-dag.py
[2025-02-18T04:33:42.047+0000] {processor.py:914} INFO - Processing file /opt/airflow/dags/my-first-dag.py for tasks to queue
[2025-02-18T04:33:42.050+0000] {logging_mixin.py:190} INFO - [2025-02-18T04:33:42.050+0000] {dagbag.py:588} INFO - Filling up the DagBag from /opt/airflow/dags/my-first-dag.py
[2025-02-18T04:33:42.070+0000] {processor.py:925} INFO - DAG(s) 'my_first_dag' retrieved from /opt/airflow/dags/my-first-dag.py
[2025-02-18T04:33:42.107+0000] {logging_mixin.py:190} INFO - [2025-02-18T04:33:42.107+0000] {dag.py:3239} INFO - Sync 1 DAGs
[2025-02-18T04:33:42.128+0000] {logging_mixin.py:190} INFO - [2025-02-18T04:33:42.128+0000] {dag.py:4180} INFO - Setting next_dagrun for my_first_dag to 2025-02-18 00:00:00+00:00, run_after=2025-02-19 00:00:00+00:00
[2025-02-18T04:33:42.138+0000] {processor.py:208} INFO - Processing /opt/airflow/dags/my-first-dag.py took 0.106 seconds
[2025-02-18T04:34:12.463+0000] {processor.py:186} INFO - Started process (PID=1374) to work on /opt/airflow/dags/my-first-dag.py
[2025-02-18T04:34:12.466+0000] {processor.py:914} INFO - Processing file /opt/airflow/dags/my-first-dag.py for tasks to queue
[2025-02-18T04:34:12.474+0000] {logging_mixin.py:190} INFO - [2025-02-18T04:34:12.473+0000] {dagbag.py:588} INFO - Filling up the DagBag from /opt/airflow/dags/my-first-dag.py
[2025-02-18T04:34:12.489+0000] {processor.py:925} INFO - DAG(s) 'my_first_dag' retrieved from /opt/airflow/dags/my-first-dag.py
[2025-02-18T04:34:12.529+0000] {logging_mixin.py:190} INFO - [2025-02-18T04:34:12.529+0000] {dag.py:3239} INFO - Sync 1 DAGs
[2025-02-18T04:34:12.547+0000] {logging_mixin.py:190} INFO - [2025-02-18T04:34:12.547+0000] {dag.py:4180} INFO - Setting next_dagrun for my_first_dag to 2025-02-18 00:00:00+00:00, run_after=2025-02-19 00:00:00+00:00
[2025-02-18T04:34:12.559+0000] {processor.py:208} INFO - Processing /opt/airflow/dags/my-first-dag.py took 0.111 seconds
[2025-02-18T04:34:42.860+0000] {processor.py:186} INFO - Started process (PID=1379) to work on /opt/airflow/dags/my-first-dag.py
[2025-02-18T04:34:42.862+0000] {processor.py:914} INFO - Processing file /opt/airflow/dags/my-first-dag.py for tasks to queue
[2025-02-18T04:34:42.866+0000] {logging_mixin.py:190} INFO - [2025-02-18T04:34:42.866+0000] {dagbag.py:588} INFO - Filling up the DagBag from /opt/airflow/dags/my-first-dag.py
[2025-02-18T04:34:42.880+0000] {processor.py:925} INFO - DAG(s) 'my_first_dag' retrieved from /opt/airflow/dags/my-first-dag.py
[2025-02-18T04:34:42.915+0000] {logging_mixin.py:190} INFO - [2025-02-18T04:34:42.915+0000] {dag.py:3239} INFO - Sync 1 DAGs
[2025-02-18T04:34:42.932+0000] {logging_mixin.py:190} INFO - [2025-02-18T04:34:42.932+0000] {dag.py:4180} INFO - Setting next_dagrun for my_first_dag to 2025-02-18 00:00:00+00:00, run_after=2025-02-19 00:00:00+00:00
[2025-02-18T04:34:42.943+0000] {processor.py:208} INFO - Processing /opt/airflow/dags/my-first-dag.py took 0.093 seconds
[2025-02-18T04:35:13.246+0000] {processor.py:186} INFO - Started process (PID=1384) to work on /opt/airflow/dags/my-first-dag.py
[2025-02-18T04:35:13.248+0000] {processor.py:914} INFO - Processing file /opt/airflow/dags/my-first-dag.py for tasks to queue
[2025-02-18T04:35:13.252+0000] {logging_mixin.py:190} INFO - [2025-02-18T04:35:13.251+0000] {dagbag.py:588} INFO - Filling up the DagBag from /opt/airflow/dags/my-first-dag.py
[2025-02-18T04:35:13.269+0000] {processor.py:925} INFO - DAG(s) 'my_first_dag' retrieved from /opt/airflow/dags/my-first-dag.py
[2025-02-18T04:35:13.302+0000] {logging_mixin.py:190} INFO - [2025-02-18T04:35:13.302+0000] {dag.py:3239} INFO - Sync 1 DAGs
[2025-02-18T04:35:13.323+0000] {logging_mixin.py:190} INFO - [2025-02-18T04:35:13.322+0000] {dag.py:4180} INFO - Setting next_dagrun for my_first_dag to 2025-02-18 00:00:00+00:00, run_after=2025-02-19 00:00:00+00:00
[2025-02-18T04:35:13.332+0000] {processor.py:208} INFO - Processing /opt/airflow/dags/my-first-dag.py took 0.104 seconds
[2025-02-18T04:35:43.630+0000] {processor.py:186} INFO - Started process (PID=1389) to work on /opt/airflow/dags/my-first-dag.py
[2025-02-18T04:35:43.633+0000] {processor.py:914} INFO - Processing file /opt/airflow/dags/my-first-dag.py for tasks to queue
[2025-02-18T04:35:43.636+0000] {logging_mixin.py:190} INFO - [2025-02-18T04:35:43.635+0000] {dagbag.py:588} INFO - Filling up the DagBag from /opt/airflow/dags/my-first-dag.py
[2025-02-18T04:35:43.654+0000] {processor.py:925} INFO - DAG(s) 'my_first_dag' retrieved from /opt/airflow/dags/my-first-dag.py
[2025-02-18T04:35:43.694+0000] {logging_mixin.py:190} INFO - [2025-02-18T04:35:43.694+0000] {dag.py:3239} INFO - Sync 1 DAGs
[2025-02-18T04:35:43.715+0000] {logging_mixin.py:190} INFO - [2025-02-18T04:35:43.714+0000] {dag.py:4180} INFO - Setting next_dagrun for my_first_dag to 2025-02-18 00:00:00+00:00, run_after=2025-02-19 00:00:00+00:00
[2025-02-18T04:35:43.724+0000] {processor.py:208} INFO - Processing /opt/airflow/dags/my-first-dag.py took 0.103 seconds
[2025-02-18T04:36:13.966+0000] {processor.py:186} INFO - Started process (PID=1394) to work on /opt/airflow/dags/my-first-dag.py
[2025-02-18T04:36:13.969+0000] {processor.py:914} INFO - Processing file /opt/airflow/dags/my-first-dag.py for tasks to queue
[2025-02-18T04:36:13.974+0000] {logging_mixin.py:190} INFO - [2025-02-18T04:36:13.973+0000] {dagbag.py:588} INFO - Filling up the DagBag from /opt/airflow/dags/my-first-dag.py
[2025-02-18T04:36:14.005+0000] {processor.py:925} INFO - DAG(s) 'my_first_dag' retrieved from /opt/airflow/dags/my-first-dag.py
[2025-02-18T04:36:14.051+0000] {logging_mixin.py:190} INFO - [2025-02-18T04:36:14.051+0000] {dag.py:3239} INFO - Sync 1 DAGs
[2025-02-18T04:36:14.081+0000] {logging_mixin.py:190} INFO - [2025-02-18T04:36:14.081+0000] {dag.py:4180} INFO - Setting next_dagrun for my_first_dag to 2025-02-18 00:00:00+00:00, run_after=2025-02-19 00:00:00+00:00
[2025-02-18T04:36:14.105+0000] {processor.py:208} INFO - Processing /opt/airflow/dags/my-first-dag.py took 0.154 seconds
[2025-02-18T04:36:44.668+0000] {processor.py:186} INFO - Started process (PID=1399) to work on /opt/airflow/dags/my-first-dag.py
[2025-02-18T04:36:44.674+0000] {processor.py:914} INFO - Processing file /opt/airflow/dags/my-first-dag.py for tasks to queue
[2025-02-18T04:36:44.678+0000] {logging_mixin.py:190} INFO - [2025-02-18T04:36:44.677+0000] {dagbag.py:588} INFO - Filling up the DagBag from /opt/airflow/dags/my-first-dag.py
[2025-02-18T04:36:44.695+0000] {processor.py:925} INFO - DAG(s) 'my_first_dag' retrieved from /opt/airflow/dags/my-first-dag.py
[2025-02-18T04:36:44.741+0000] {logging_mixin.py:190} INFO - [2025-02-18T04:36:44.741+0000] {dag.py:3239} INFO - Sync 1 DAGs
[2025-02-18T04:36:44.764+0000] {logging_mixin.py:190} INFO - [2025-02-18T04:36:44.764+0000] {dag.py:4180} INFO - Setting next_dagrun for my_first_dag to 2025-02-18 00:00:00+00:00, run_after=2025-02-19 00:00:00+00:00
[2025-02-18T04:36:44.773+0000] {processor.py:208} INFO - Processing /opt/airflow/dags/my-first-dag.py took 0.116 seconds
[2025-02-18T04:37:15.213+0000] {processor.py:186} INFO - Started process (PID=1404) to work on /opt/airflow/dags/my-first-dag.py
[2025-02-18T04:37:15.217+0000] {processor.py:914} INFO - Processing file /opt/airflow/dags/my-first-dag.py for tasks to queue
[2025-02-18T04:37:15.226+0000] {logging_mixin.py:190} INFO - [2025-02-18T04:37:15.225+0000] {dagbag.py:588} INFO - Filling up the DagBag from /opt/airflow/dags/my-first-dag.py
[2025-02-18T04:37:15.243+0000] {processor.py:925} INFO - DAG(s) 'my_first_dag' retrieved from /opt/airflow/dags/my-first-dag.py
[2025-02-18T04:37:15.287+0000] {logging_mixin.py:190} INFO - [2025-02-18T04:37:15.287+0000] {dag.py:3239} INFO - Sync 1 DAGs
[2025-02-18T04:37:15.307+0000] {logging_mixin.py:190} INFO - [2025-02-18T04:37:15.307+0000] {dag.py:4180} INFO - Setting next_dagrun for my_first_dag to 2025-02-18 00:00:00+00:00, run_after=2025-02-19 00:00:00+00:00
[2025-02-18T04:37:15.320+0000] {processor.py:208} INFO - Processing /opt/airflow/dags/my-first-dag.py took 0.119 seconds
[2025-02-18T04:37:45.764+0000] {processor.py:186} INFO - Started process (PID=1409) to work on /opt/airflow/dags/my-first-dag.py
[2025-02-18T04:37:45.766+0000] {processor.py:914} INFO - Processing file /opt/airflow/dags/my-first-dag.py for tasks to queue
[2025-02-18T04:37:45.771+0000] {logging_mixin.py:190} INFO - [2025-02-18T04:37:45.770+0000] {dagbag.py:588} INFO - Filling up the DagBag from /opt/airflow/dags/my-first-dag.py
[2025-02-18T04:37:45.789+0000] {processor.py:925} INFO - DAG(s) 'my_first_dag' retrieved from /opt/airflow/dags/my-first-dag.py
[2025-02-18T04:37:45.839+0000] {logging_mixin.py:190} INFO - [2025-02-18T04:37:45.839+0000] {dag.py:3239} INFO - Sync 1 DAGs
[2025-02-18T04:37:45.857+0000] {logging_mixin.py:190} INFO - [2025-02-18T04:37:45.857+0000] {dag.py:4180} INFO - Setting next_dagrun for my_first_dag to 2025-02-18 00:00:00+00:00, run_after=2025-02-19 00:00:00+00:00
[2025-02-18T04:37:45.871+0000] {processor.py:208} INFO - Processing /opt/airflow/dags/my-first-dag.py took 0.122 seconds
[2025-02-18T04:38:07.100+0000] {processor.py:186} INFO - Started process (PID=1414) to work on /opt/airflow/dags/my-first-dag.py
[2025-02-18T04:38:07.104+0000] {processor.py:914} INFO - Processing file /opt/airflow/dags/my-first-dag.py for tasks to queue
[2025-02-18T04:38:07.108+0000] {logging_mixin.py:190} INFO - [2025-02-18T04:38:07.107+0000] {dagbag.py:588} INFO - Filling up the DagBag from /opt/airflow/dags/my-first-dag.py
[2025-02-18T04:38:07.138+0000] {processor.py:925} INFO - DAG(s) 'my_first_dag' retrieved from /opt/airflow/dags/my-first-dag.py
[2025-02-18T04:38:07.191+0000] {logging_mixin.py:190} INFO - [2025-02-18T04:38:07.191+0000] {dag.py:3239} INFO - Sync 1 DAGs
[2025-02-18T04:38:07.221+0000] {logging_mixin.py:190} INFO - [2025-02-18T04:38:07.221+0000] {dag.py:4180} INFO - Setting next_dagrun for my_first_dag to 2025-02-18 00:00:00+00:00, run_after=2025-02-19 00:00:00+00:00
[2025-02-18T04:38:07.241+0000] {processor.py:208} INFO - Processing /opt/airflow/dags/my-first-dag.py took 0.163 seconds
[2025-02-18T04:38:37.583+0000] {processor.py:186} INFO - Started process (PID=1419) to work on /opt/airflow/dags/my-first-dag.py
[2025-02-18T04:38:37.590+0000] {processor.py:914} INFO - Processing file /opt/airflow/dags/my-first-dag.py for tasks to queue
[2025-02-18T04:38:37.595+0000] {logging_mixin.py:190} INFO - [2025-02-18T04:38:37.594+0000] {dagbag.py:588} INFO - Filling up the DagBag from /opt/airflow/dags/my-first-dag.py
[2025-02-18T04:38:37.619+0000] {processor.py:925} INFO - DAG(s) 'my_first_dag' retrieved from /opt/airflow/dags/my-first-dag.py
[2025-02-18T04:38:37.667+0000] {logging_mixin.py:190} INFO - [2025-02-18T04:38:37.666+0000] {dag.py:3239} INFO - Sync 1 DAGs
[2025-02-18T04:38:37.687+0000] {logging_mixin.py:190} INFO - [2025-02-18T04:38:37.687+0000] {dag.py:4180} INFO - Setting next_dagrun for my_first_dag to 2025-02-18 00:00:00+00:00, run_after=2025-02-19 00:00:00+00:00
[2025-02-18T04:38:37.696+0000] {processor.py:208} INFO - Processing /opt/airflow/dags/my-first-dag.py took 0.124 seconds
[2025-02-18T04:39:07.995+0000] {processor.py:186} INFO - Started process (PID=1424) to work on /opt/airflow/dags/my-first-dag.py
[2025-02-18T04:39:08.000+0000] {processor.py:914} INFO - Processing file /opt/airflow/dags/my-first-dag.py for tasks to queue
[2025-02-18T04:39:08.005+0000] {logging_mixin.py:190} INFO - [2025-02-18T04:39:08.004+0000] {dagbag.py:588} INFO - Filling up the DagBag from /opt/airflow/dags/my-first-dag.py
[2025-02-18T04:39:08.027+0000] {processor.py:925} INFO - DAG(s) 'my_first_dag' retrieved from /opt/airflow/dags/my-first-dag.py
[2025-02-18T04:39:08.065+0000] {logging_mixin.py:190} INFO - [2025-02-18T04:39:08.065+0000] {dag.py:3239} INFO - Sync 1 DAGs
[2025-02-18T04:39:08.080+0000] {logging_mixin.py:190} INFO - [2025-02-18T04:39:08.080+0000] {dag.py:4180} INFO - Setting next_dagrun for my_first_dag to 2025-02-18 00:00:00+00:00, run_after=2025-02-19 00:00:00+00:00
[2025-02-18T04:39:08.089+0000] {processor.py:208} INFO - Processing /opt/airflow/dags/my-first-dag.py took 0.109 seconds
[2025-02-18T04:39:38.425+0000] {processor.py:186} INFO - Started process (PID=1429) to work on /opt/airflow/dags/my-first-dag.py
[2025-02-18T04:39:38.427+0000] {processor.py:914} INFO - Processing file /opt/airflow/dags/my-first-dag.py for tasks to queue
[2025-02-18T04:39:38.432+0000] {logging_mixin.py:190} INFO - [2025-02-18T04:39:38.431+0000] {dagbag.py:588} INFO - Filling up the DagBag from /opt/airflow/dags/my-first-dag.py
[2025-02-18T04:39:38.447+0000] {processor.py:925} INFO - DAG(s) 'my_first_dag' retrieved from /opt/airflow/dags/my-first-dag.py
[2025-02-18T04:39:38.486+0000] {logging_mixin.py:190} INFO - [2025-02-18T04:39:38.485+0000] {dag.py:3239} INFO - Sync 1 DAGs
[2025-02-18T04:39:38.501+0000] {logging_mixin.py:190} INFO - [2025-02-18T04:39:38.501+0000] {dag.py:4180} INFO - Setting next_dagrun for my_first_dag to 2025-02-18 00:00:00+00:00, run_after=2025-02-19 00:00:00+00:00
[2025-02-18T04:39:38.510+0000] {processor.py:208} INFO - Processing /opt/airflow/dags/my-first-dag.py took 0.094 seconds
[2025-02-18T04:40:08.853+0000] {processor.py:186} INFO - Started process (PID=1434) to work on /opt/airflow/dags/my-first-dag.py
[2025-02-18T04:40:08.861+0000] {processor.py:914} INFO - Processing file /opt/airflow/dags/my-first-dag.py for tasks to queue
[2025-02-18T04:40:08.868+0000] {logging_mixin.py:190} INFO - [2025-02-18T04:40:08.867+0000] {dagbag.py:588} INFO - Filling up the DagBag from /opt/airflow/dags/my-first-dag.py
[2025-02-18T04:40:08.885+0000] {processor.py:925} INFO - DAG(s) 'my_first_dag' retrieved from /opt/airflow/dags/my-first-dag.py
[2025-02-18T04:40:08.923+0000] {logging_mixin.py:190} INFO - [2025-02-18T04:40:08.923+0000] {dag.py:3239} INFO - Sync 1 DAGs
[2025-02-18T04:40:08.939+0000] {logging_mixin.py:190} INFO - [2025-02-18T04:40:08.939+0000] {dag.py:4180} INFO - Setting next_dagrun for my_first_dag to 2025-02-18 00:00:00+00:00, run_after=2025-02-19 00:00:00+00:00
[2025-02-18T04:40:08.948+0000] {processor.py:208} INFO - Processing /opt/airflow/dags/my-first-dag.py took 0.110 seconds
[2025-02-18T04:40:39.248+0000] {processor.py:186} INFO - Started process (PID=1439) to work on /opt/airflow/dags/my-first-dag.py
[2025-02-18T04:40:39.252+0000] {processor.py:914} INFO - Processing file /opt/airflow/dags/my-first-dag.py for tasks to queue
[2025-02-18T04:40:39.256+0000] {logging_mixin.py:190} INFO - [2025-02-18T04:40:39.255+0000] {dagbag.py:588} INFO - Filling up the DagBag from /opt/airflow/dags/my-first-dag.py
[2025-02-18T04:40:39.276+0000] {processor.py:925} INFO - DAG(s) 'my_first_dag' retrieved from /opt/airflow/dags/my-first-dag.py
[2025-02-18T04:40:39.313+0000] {logging_mixin.py:190} INFO - [2025-02-18T04:40:39.313+0000] {dag.py:3239} INFO - Sync 1 DAGs
[2025-02-18T04:40:39.334+0000] {logging_mixin.py:190} INFO - [2025-02-18T04:40:39.333+0000] {dag.py:4180} INFO - Setting next_dagrun for my_first_dag to 2025-02-18 00:00:00+00:00, run_after=2025-02-19 00:00:00+00:00
[2025-02-18T04:40:39.343+0000] {processor.py:208} INFO - Processing /opt/airflow/dags/my-first-dag.py took 0.105 seconds
[2025-02-18T04:41:09.671+0000] {processor.py:186} INFO - Started process (PID=1444) to work on /opt/airflow/dags/my-first-dag.py
[2025-02-18T04:41:09.676+0000] {processor.py:914} INFO - Processing file /opt/airflow/dags/my-first-dag.py for tasks to queue
[2025-02-18T04:41:09.680+0000] {logging_mixin.py:190} INFO - [2025-02-18T04:41:09.679+0000] {dagbag.py:588} INFO - Filling up the DagBag from /opt/airflow/dags/my-first-dag.py
[2025-02-18T04:41:09.702+0000] {processor.py:925} INFO - DAG(s) 'my_first_dag' retrieved from /opt/airflow/dags/my-first-dag.py
[2025-02-18T04:41:09.744+0000] {logging_mixin.py:190} INFO - [2025-02-18T04:41:09.743+0000] {dag.py:3239} INFO - Sync 1 DAGs
[2025-02-18T04:41:09.762+0000] {logging_mixin.py:190} INFO - [2025-02-18T04:41:09.762+0000] {dag.py:4180} INFO - Setting next_dagrun for my_first_dag to 2025-02-18 00:00:00+00:00, run_after=2025-02-19 00:00:00+00:00
[2025-02-18T04:41:09.774+0000] {processor.py:208} INFO - Processing /opt/airflow/dags/my-first-dag.py took 0.118 seconds
[2025-02-18T04:41:40.113+0000] {processor.py:186} INFO - Started process (PID=1449) to work on /opt/airflow/dags/my-first-dag.py
[2025-02-18T04:41:40.114+0000] {processor.py:914} INFO - Processing file /opt/airflow/dags/my-first-dag.py for tasks to queue
[2025-02-18T04:41:40.118+0000] {logging_mixin.py:190} INFO - [2025-02-18T04:41:40.118+0000] {dagbag.py:588} INFO - Filling up the DagBag from /opt/airflow/dags/my-first-dag.py
[2025-02-18T04:41:40.140+0000] {processor.py:925} INFO - DAG(s) 'my_first_dag' retrieved from /opt/airflow/dags/my-first-dag.py
[2025-02-18T04:41:40.177+0000] {logging_mixin.py:190} INFO - [2025-02-18T04:41:40.177+0000] {dag.py:3239} INFO - Sync 1 DAGs
[2025-02-18T04:41:40.195+0000] {logging_mixin.py:190} INFO - [2025-02-18T04:41:40.195+0000] {dag.py:4180} INFO - Setting next_dagrun for my_first_dag to 2025-02-18 00:00:00+00:00, run_after=2025-02-19 00:00:00+00:00
[2025-02-18T04:41:40.204+0000] {processor.py:208} INFO - Processing /opt/airflow/dags/my-first-dag.py took 0.101 seconds
[2025-02-18T04:42:10.540+0000] {processor.py:186} INFO - Started process (PID=1454) to work on /opt/airflow/dags/my-first-dag.py
[2025-02-18T04:42:10.543+0000] {processor.py:914} INFO - Processing file /opt/airflow/dags/my-first-dag.py for tasks to queue
[2025-02-18T04:42:10.549+0000] {logging_mixin.py:190} INFO - [2025-02-18T04:42:10.548+0000] {dagbag.py:588} INFO - Filling up the DagBag from /opt/airflow/dags/my-first-dag.py
[2025-02-18T04:42:10.567+0000] {processor.py:925} INFO - DAG(s) 'my_first_dag' retrieved from /opt/airflow/dags/my-first-dag.py
[2025-02-18T04:42:10.601+0000] {logging_mixin.py:190} INFO - [2025-02-18T04:42:10.601+0000] {dag.py:3239} INFO - Sync 1 DAGs
[2025-02-18T04:42:10.618+0000] {logging_mixin.py:190} INFO - [2025-02-18T04:42:10.618+0000] {dag.py:4180} INFO - Setting next_dagrun for my_first_dag to 2025-02-18 00:00:00+00:00, run_after=2025-02-19 00:00:00+00:00
[2025-02-18T04:42:10.628+0000] {processor.py:208} INFO - Processing /opt/airflow/dags/my-first-dag.py took 0.104 seconds
[2025-02-18T04:42:40.984+0000] {processor.py:186} INFO - Started process (PID=1459) to work on /opt/airflow/dags/my-first-dag.py
[2025-02-18T04:42:40.987+0000] {processor.py:914} INFO - Processing file /opt/airflow/dags/my-first-dag.py for tasks to queue
[2025-02-18T04:42:40.990+0000] {logging_mixin.py:190} INFO - [2025-02-18T04:42:40.990+0000] {dagbag.py:588} INFO - Filling up the DagBag from /opt/airflow/dags/my-first-dag.py
[2025-02-18T04:42:41.013+0000] {processor.py:925} INFO - DAG(s) 'my_first_dag' retrieved from /opt/airflow/dags/my-first-dag.py
[2025-02-18T04:42:41.055+0000] {logging_mixin.py:190} INFO - [2025-02-18T04:42:41.054+0000] {dag.py:3239} INFO - Sync 1 DAGs
[2025-02-18T04:42:41.074+0000] {logging_mixin.py:190} INFO - [2025-02-18T04:42:41.073+0000] {dag.py:4180} INFO - Setting next_dagrun for my_first_dag to 2025-02-18 00:00:00+00:00, run_after=2025-02-19 00:00:00+00:00
[2025-02-18T04:42:41.089+0000] {processor.py:208} INFO - Processing /opt/airflow/dags/my-first-dag.py took 0.115 seconds
[2025-02-18T04:43:11.407+0000] {processor.py:186} INFO - Started process (PID=1464) to work on /opt/airflow/dags/my-first-dag.py
[2025-02-18T04:43:11.416+0000] {processor.py:914} INFO - Processing file /opt/airflow/dags/my-first-dag.py for tasks to queue
[2025-02-18T04:43:11.424+0000] {logging_mixin.py:190} INFO - [2025-02-18T04:43:11.424+0000] {dagbag.py:588} INFO - Filling up the DagBag from /opt/airflow/dags/my-first-dag.py
[2025-02-18T04:43:11.446+0000] {processor.py:925} INFO - DAG(s) 'my_first_dag' retrieved from /opt/airflow/dags/my-first-dag.py
[2025-02-18T04:43:11.480+0000] {logging_mixin.py:190} INFO - [2025-02-18T04:43:11.480+0000] {dag.py:3239} INFO - Sync 1 DAGs
[2025-02-18T04:43:11.495+0000] {logging_mixin.py:190} INFO - [2025-02-18T04:43:11.495+0000] {dag.py:4180} INFO - Setting next_dagrun for my_first_dag to 2025-02-18 00:00:00+00:00, run_after=2025-02-19 00:00:00+00:00
[2025-02-18T04:43:11.506+0000] {processor.py:208} INFO - Processing /opt/airflow/dags/my-first-dag.py took 0.118 seconds
[2025-02-18T04:43:41.944+0000] {processor.py:186} INFO - Started process (PID=1469) to work on /opt/airflow/dags/my-first-dag.py
[2025-02-18T04:43:41.946+0000] {processor.py:914} INFO - Processing file /opt/airflow/dags/my-first-dag.py for tasks to queue
[2025-02-18T04:43:41.950+0000] {logging_mixin.py:190} INFO - [2025-02-18T04:43:41.950+0000] {dagbag.py:588} INFO - Filling up the DagBag from /opt/airflow/dags/my-first-dag.py
[2025-02-18T04:43:41.971+0000] {processor.py:925} INFO - DAG(s) 'my_first_dag' retrieved from /opt/airflow/dags/my-first-dag.py
[2025-02-18T04:43:42.009+0000] {logging_mixin.py:190} INFO - [2025-02-18T04:43:42.009+0000] {dag.py:3239} INFO - Sync 1 DAGs
[2025-02-18T04:43:42.024+0000] {logging_mixin.py:190} INFO - [2025-02-18T04:43:42.024+0000] {dag.py:4180} INFO - Setting next_dagrun for my_first_dag to 2025-02-18 00:00:00+00:00, run_after=2025-02-19 00:00:00+00:00
[2025-02-18T04:43:42.034+0000] {processor.py:208} INFO - Processing /opt/airflow/dags/my-first-dag.py took 0.100 seconds
[2025-02-18T04:44:12.467+0000] {processor.py:186} INFO - Started process (PID=1474) to work on /opt/airflow/dags/my-first-dag.py
[2025-02-18T04:44:12.469+0000] {processor.py:914} INFO - Processing file /opt/airflow/dags/my-first-dag.py for tasks to queue
[2025-02-18T04:44:12.472+0000] {logging_mixin.py:190} INFO - [2025-02-18T04:44:12.472+0000] {dagbag.py:588} INFO - Filling up the DagBag from /opt/airflow/dags/my-first-dag.py
[2025-02-18T04:44:12.492+0000] {processor.py:925} INFO - DAG(s) 'my_first_dag' retrieved from /opt/airflow/dags/my-first-dag.py
[2025-02-18T04:44:12.537+0000] {logging_mixin.py:190} INFO - [2025-02-18T04:44:12.537+0000] {dag.py:3239} INFO - Sync 1 DAGs
[2025-02-18T04:44:12.559+0000] {logging_mixin.py:190} INFO - [2025-02-18T04:44:12.559+0000] {dag.py:4180} INFO - Setting next_dagrun for my_first_dag to 2025-02-18 00:00:00+00:00, run_after=2025-02-19 00:00:00+00:00
[2025-02-18T04:44:12.568+0000] {processor.py:208} INFO - Processing /opt/airflow/dags/my-first-dag.py took 0.114 seconds
[2025-02-18T04:44:42.861+0000] {processor.py:186} INFO - Started process (PID=1479) to work on /opt/airflow/dags/my-first-dag.py
[2025-02-18T04:44:42.864+0000] {processor.py:914} INFO - Processing file /opt/airflow/dags/my-first-dag.py for tasks to queue
[2025-02-18T04:44:42.868+0000] {logging_mixin.py:190} INFO - [2025-02-18T04:44:42.868+0000] {dagbag.py:588} INFO - Filling up the DagBag from /opt/airflow/dags/my-first-dag.py
[2025-02-18T04:44:42.894+0000] {processor.py:925} INFO - DAG(s) 'my_first_dag' retrieved from /opt/airflow/dags/my-first-dag.py
[2025-02-18T04:44:42.944+0000] {logging_mixin.py:190} INFO - [2025-02-18T04:44:42.944+0000] {dag.py:3239} INFO - Sync 1 DAGs
[2025-02-18T04:44:42.965+0000] {logging_mixin.py:190} INFO - [2025-02-18T04:44:42.964+0000] {dag.py:4180} INFO - Setting next_dagrun for my_first_dag to 2025-02-18 00:00:00+00:00, run_after=2025-02-19 00:00:00+00:00
[2025-02-18T04:44:42.975+0000] {processor.py:208} INFO - Processing /opt/airflow/dags/my-first-dag.py took 0.124 seconds
[2025-02-18T04:45:13.387+0000] {processor.py:186} INFO - Started process (PID=1484) to work on /opt/airflow/dags/my-first-dag.py
[2025-02-18T04:45:13.389+0000] {processor.py:914} INFO - Processing file /opt/airflow/dags/my-first-dag.py for tasks to queue
[2025-02-18T04:45:13.395+0000] {logging_mixin.py:190} INFO - [2025-02-18T04:45:13.394+0000] {dagbag.py:588} INFO - Filling up the DagBag from /opt/airflow/dags/my-first-dag.py
[2025-02-18T04:45:13.413+0000] {processor.py:925} INFO - DAG(s) 'my_first_dag' retrieved from /opt/airflow/dags/my-first-dag.py
[2025-02-18T04:45:13.455+0000] {logging_mixin.py:190} INFO - [2025-02-18T04:45:13.454+0000] {dag.py:3239} INFO - Sync 1 DAGs
[2025-02-18T04:45:13.470+0000] {logging_mixin.py:190} INFO - [2025-02-18T04:45:13.470+0000] {dag.py:4180} INFO - Setting next_dagrun for my_first_dag to 2025-02-18 00:00:00+00:00, run_after=2025-02-19 00:00:00+00:00
[2025-02-18T04:45:13.479+0000] {processor.py:208} INFO - Processing /opt/airflow/dags/my-first-dag.py took 0.108 seconds
[2025-02-18T04:45:43.877+0000] {processor.py:186} INFO - Started process (PID=1489) to work on /opt/airflow/dags/my-first-dag.py
[2025-02-18T04:45:43.880+0000] {processor.py:914} INFO - Processing file /opt/airflow/dags/my-first-dag.py for tasks to queue
[2025-02-18T04:45:43.883+0000] {logging_mixin.py:190} INFO - [2025-02-18T04:45:43.883+0000] {dagbag.py:588} INFO - Filling up the DagBag from /opt/airflow/dags/my-first-dag.py
[2025-02-18T04:45:43.900+0000] {processor.py:925} INFO - DAG(s) 'my_first_dag' retrieved from /opt/airflow/dags/my-first-dag.py
[2025-02-18T04:45:43.943+0000] {logging_mixin.py:190} INFO - [2025-02-18T04:45:43.942+0000] {dag.py:3239} INFO - Sync 1 DAGs
[2025-02-18T04:45:43.958+0000] {logging_mixin.py:190} INFO - [2025-02-18T04:45:43.958+0000] {dag.py:4180} INFO - Setting next_dagrun for my_first_dag to 2025-02-18 00:00:00+00:00, run_after=2025-02-19 00:00:00+00:00
[2025-02-18T04:45:43.967+0000] {processor.py:208} INFO - Processing /opt/airflow/dags/my-first-dag.py took 0.100 seconds
[2025-02-18T04:46:14.451+0000] {processor.py:186} INFO - Started process (PID=1494) to work on /opt/airflow/dags/my-first-dag.py
[2025-02-18T04:46:14.454+0000] {processor.py:914} INFO - Processing file /opt/airflow/dags/my-first-dag.py for tasks to queue
[2025-02-18T04:46:14.459+0000] {logging_mixin.py:190} INFO - [2025-02-18T04:46:14.459+0000] {dagbag.py:588} INFO - Filling up the DagBag from /opt/airflow/dags/my-first-dag.py
[2025-02-18T04:46:14.488+0000] {processor.py:925} INFO - DAG(s) 'my_first_dag' retrieved from /opt/airflow/dags/my-first-dag.py
[2025-02-18T04:46:14.528+0000] {logging_mixin.py:190} INFO - [2025-02-18T04:46:14.528+0000] {dag.py:3239} INFO - Sync 1 DAGs
[2025-02-18T04:46:14.546+0000] {logging_mixin.py:190} INFO - [2025-02-18T04:46:14.546+0000] {dag.py:4180} INFO - Setting next_dagrun for my_first_dag to 2025-02-18 00:00:00+00:00, run_after=2025-02-19 00:00:00+00:00
[2025-02-18T04:46:14.557+0000] {processor.py:208} INFO - Processing /opt/airflow/dags/my-first-dag.py took 0.125 seconds
[2025-02-18T04:46:44.935+0000] {processor.py:186} INFO - Started process (PID=1499) to work on /opt/airflow/dags/my-first-dag.py
[2025-02-18T04:46:44.936+0000] {processor.py:914} INFO - Processing file /opt/airflow/dags/my-first-dag.py for tasks to queue
[2025-02-18T04:46:44.940+0000] {logging_mixin.py:190} INFO - [2025-02-18T04:46:44.940+0000] {dagbag.py:588} INFO - Filling up the DagBag from /opt/airflow/dags/my-first-dag.py
[2025-02-18T04:46:44.958+0000] {processor.py:925} INFO - DAG(s) 'my_first_dag' retrieved from /opt/airflow/dags/my-first-dag.py
[2025-02-18T04:46:45.000+0000] {logging_mixin.py:190} INFO - [2025-02-18T04:46:45.000+0000] {dag.py:3239} INFO - Sync 1 DAGs
[2025-02-18T04:46:45.019+0000] {logging_mixin.py:190} INFO - [2025-02-18T04:46:45.019+0000] {dag.py:4180} INFO - Setting next_dagrun for my_first_dag to 2025-02-18 00:00:00+00:00, run_after=2025-02-19 00:00:00+00:00
[2025-02-18T04:46:45.034+0000] {processor.py:208} INFO - Processing /opt/airflow/dags/my-first-dag.py took 0.108 seconds
[2025-02-18T04:47:15.342+0000] {processor.py:186} INFO - Started process (PID=1504) to work on /opt/airflow/dags/my-first-dag.py
[2025-02-18T04:47:15.345+0000] {processor.py:914} INFO - Processing file /opt/airflow/dags/my-first-dag.py for tasks to queue
[2025-02-18T04:47:15.351+0000] {logging_mixin.py:190} INFO - [2025-02-18T04:47:15.351+0000] {dagbag.py:588} INFO - Filling up the DagBag from /opt/airflow/dags/my-first-dag.py
[2025-02-18T04:47:15.368+0000] {processor.py:925} INFO - DAG(s) 'my_first_dag' retrieved from /opt/airflow/dags/my-first-dag.py
[2025-02-18T04:47:15.404+0000] {logging_mixin.py:190} INFO - [2025-02-18T04:47:15.404+0000] {dag.py:3239} INFO - Sync 1 DAGs
[2025-02-18T04:47:15.423+0000] {logging_mixin.py:190} INFO - [2025-02-18T04:47:15.423+0000] {dag.py:4180} INFO - Setting next_dagrun for my_first_dag to 2025-02-18 00:00:00+00:00, run_after=2025-02-19 00:00:00+00:00
[2025-02-18T04:47:15.431+0000] {processor.py:208} INFO - Processing /opt/airflow/dags/my-first-dag.py took 0.107 seconds
[2025-02-18T04:47:45.828+0000] {processor.py:186} INFO - Started process (PID=1509) to work on /opt/airflow/dags/my-first-dag.py
[2025-02-18T04:47:45.830+0000] {processor.py:914} INFO - Processing file /opt/airflow/dags/my-first-dag.py for tasks to queue
[2025-02-18T04:47:45.835+0000] {logging_mixin.py:190} INFO - [2025-02-18T04:47:45.834+0000] {dagbag.py:588} INFO - Filling up the DagBag from /opt/airflow/dags/my-first-dag.py
[2025-02-18T04:47:45.853+0000] {processor.py:925} INFO - DAG(s) 'my_first_dag' retrieved from /opt/airflow/dags/my-first-dag.py
[2025-02-18T04:47:45.881+0000] {logging_mixin.py:190} INFO - [2025-02-18T04:47:45.881+0000] {dag.py:3239} INFO - Sync 1 DAGs
[2025-02-18T04:47:45.898+0000] {logging_mixin.py:190} INFO - [2025-02-18T04:47:45.898+0000] {dag.py:4180} INFO - Setting next_dagrun for my_first_dag to 2025-02-18 00:00:00+00:00, run_after=2025-02-19 00:00:00+00:00
[2025-02-18T04:47:45.906+0000] {processor.py:208} INFO - Processing /opt/airflow/dags/my-first-dag.py took 0.091 seconds
[2025-02-18T04:48:16.315+0000] {processor.py:186} INFO - Started process (PID=1514) to work on /opt/airflow/dags/my-first-dag.py
[2025-02-18T04:48:16.317+0000] {processor.py:914} INFO - Processing file /opt/airflow/dags/my-first-dag.py for tasks to queue
[2025-02-18T04:48:16.321+0000] {logging_mixin.py:190} INFO - [2025-02-18T04:48:16.321+0000] {dagbag.py:588} INFO - Filling up the DagBag from /opt/airflow/dags/my-first-dag.py
[2025-02-18T04:48:16.338+0000] {processor.py:925} INFO - DAG(s) 'my_first_dag' retrieved from /opt/airflow/dags/my-first-dag.py
[2025-02-18T04:48:16.374+0000] {logging_mixin.py:190} INFO - [2025-02-18T04:48:16.374+0000] {dag.py:3239} INFO - Sync 1 DAGs
[2025-02-18T04:48:16.391+0000] {logging_mixin.py:190} INFO - [2025-02-18T04:48:16.391+0000] {dag.py:4180} INFO - Setting next_dagrun for my_first_dag to 2025-02-18 00:00:00+00:00, run_after=2025-02-19 00:00:00+00:00
[2025-02-18T04:48:16.399+0000] {processor.py:208} INFO - Processing /opt/airflow/dags/my-first-dag.py took 0.108 seconds
[2025-02-18T04:48:46.794+0000] {processor.py:186} INFO - Started process (PID=1519) to work on /opt/airflow/dags/my-first-dag.py
[2025-02-18T04:48:46.797+0000] {processor.py:914} INFO - Processing file /opt/airflow/dags/my-first-dag.py for tasks to queue
[2025-02-18T04:48:46.801+0000] {logging_mixin.py:190} INFO - [2025-02-18T04:48:46.800+0000] {dagbag.py:588} INFO - Filling up the DagBag from /opt/airflow/dags/my-first-dag.py
[2025-02-18T04:48:46.820+0000] {processor.py:925} INFO - DAG(s) 'my_first_dag' retrieved from /opt/airflow/dags/my-first-dag.py
[2025-02-18T04:48:46.860+0000] {logging_mixin.py:190} INFO - [2025-02-18T04:48:46.860+0000] {dag.py:3239} INFO - Sync 1 DAGs
[2025-02-18T04:48:46.877+0000] {logging_mixin.py:190} INFO - [2025-02-18T04:48:46.877+0000] {dag.py:4180} INFO - Setting next_dagrun for my_first_dag to 2025-02-18 00:00:00+00:00, run_after=2025-02-19 00:00:00+00:00
[2025-02-18T04:48:46.886+0000] {processor.py:208} INFO - Processing /opt/airflow/dags/my-first-dag.py took 0.103 seconds
[2025-02-18T04:49:17.177+0000] {processor.py:186} INFO - Started process (PID=1524) to work on /opt/airflow/dags/my-first-dag.py
[2025-02-18T04:49:17.178+0000] {processor.py:914} INFO - Processing file /opt/airflow/dags/my-first-dag.py for tasks to queue
[2025-02-18T04:49:17.183+0000] {logging_mixin.py:190} INFO - [2025-02-18T04:49:17.183+0000] {dagbag.py:588} INFO - Filling up the DagBag from /opt/airflow/dags/my-first-dag.py
[2025-02-18T04:49:17.201+0000] {processor.py:925} INFO - DAG(s) 'my_first_dag' retrieved from /opt/airflow/dags/my-first-dag.py
[2025-02-18T04:49:17.245+0000] {logging_mixin.py:190} INFO - [2025-02-18T04:49:17.245+0000] {dag.py:3239} INFO - Sync 1 DAGs
[2025-02-18T04:49:17.272+0000] {logging_mixin.py:190} INFO - [2025-02-18T04:49:17.272+0000] {dag.py:4180} INFO - Setting next_dagrun for my_first_dag to 2025-02-18 00:00:00+00:00, run_after=2025-02-19 00:00:00+00:00
[2025-02-18T04:49:17.282+0000] {processor.py:208} INFO - Processing /opt/airflow/dags/my-first-dag.py took 0.116 seconds
[2025-02-18T04:49:47.744+0000] {processor.py:186} INFO - Started process (PID=1529) to work on /opt/airflow/dags/my-first-dag.py
[2025-02-18T04:49:47.746+0000] {processor.py:914} INFO - Processing file /opt/airflow/dags/my-first-dag.py for tasks to queue
[2025-02-18T04:49:47.750+0000] {logging_mixin.py:190} INFO - [2025-02-18T04:49:47.749+0000] {dagbag.py:588} INFO - Filling up the DagBag from /opt/airflow/dags/my-first-dag.py
[2025-02-18T04:49:47.770+0000] {processor.py:925} INFO - DAG(s) 'my_first_dag' retrieved from /opt/airflow/dags/my-first-dag.py
[2025-02-18T04:49:47.806+0000] {logging_mixin.py:190} INFO - [2025-02-18T04:49:47.806+0000] {dag.py:3239} INFO - Sync 1 DAGs
[2025-02-18T04:49:47.824+0000] {logging_mixin.py:190} INFO - [2025-02-18T04:49:47.824+0000] {dag.py:4180} INFO - Setting next_dagrun for my_first_dag to 2025-02-18 00:00:00+00:00, run_after=2025-02-19 00:00:00+00:00
[2025-02-18T04:49:47.835+0000] {processor.py:208} INFO - Processing /opt/airflow/dags/my-first-dag.py took 0.109 seconds
[2025-02-18T04:50:18.183+0000] {processor.py:186} INFO - Started process (PID=1534) to work on /opt/airflow/dags/my-first-dag.py
[2025-02-18T04:50:18.184+0000] {processor.py:914} INFO - Processing file /opt/airflow/dags/my-first-dag.py for tasks to queue
[2025-02-18T04:50:18.190+0000] {logging_mixin.py:190} INFO - [2025-02-18T04:50:18.189+0000] {dagbag.py:588} INFO - Filling up the DagBag from /opt/airflow/dags/my-first-dag.py
[2025-02-18T04:50:18.210+0000] {processor.py:925} INFO - DAG(s) 'my_first_dag' retrieved from /opt/airflow/dags/my-first-dag.py
[2025-02-18T04:50:18.245+0000] {logging_mixin.py:190} INFO - [2025-02-18T04:50:18.245+0000] {dag.py:3239} INFO - Sync 1 DAGs
[2025-02-18T04:50:18.262+0000] {logging_mixin.py:190} INFO - [2025-02-18T04:50:18.262+0000] {dag.py:4180} INFO - Setting next_dagrun for my_first_dag to 2025-02-18 00:00:00+00:00, run_after=2025-02-19 00:00:00+00:00
[2025-02-18T04:50:18.272+0000] {processor.py:208} INFO - Processing /opt/airflow/dags/my-first-dag.py took 0.106 seconds
[2025-02-18T04:50:48.596+0000] {processor.py:186} INFO - Started process (PID=1539) to work on /opt/airflow/dags/my-first-dag.py
[2025-02-18T04:50:48.598+0000] {processor.py:914} INFO - Processing file /opt/airflow/dags/my-first-dag.py for tasks to queue
[2025-02-18T04:50:48.601+0000] {logging_mixin.py:190} INFO - [2025-02-18T04:50:48.601+0000] {dagbag.py:588} INFO - Filling up the DagBag from /opt/airflow/dags/my-first-dag.py
[2025-02-18T04:50:48.621+0000] {processor.py:925} INFO - DAG(s) 'my_first_dag' retrieved from /opt/airflow/dags/my-first-dag.py
[2025-02-18T04:50:48.664+0000] {logging_mixin.py:190} INFO - [2025-02-18T04:50:48.664+0000] {dag.py:3239} INFO - Sync 1 DAGs
[2025-02-18T04:50:48.682+0000] {logging_mixin.py:190} INFO - [2025-02-18T04:50:48.681+0000] {dag.py:4180} INFO - Setting next_dagrun for my_first_dag to 2025-02-18 00:00:00+00:00, run_after=2025-02-19 00:00:00+00:00
[2025-02-18T04:50:48.693+0000] {processor.py:208} INFO - Processing /opt/airflow/dags/my-first-dag.py took 0.106 seconds
[2025-02-18T04:51:19.153+0000] {processor.py:186} INFO - Started process (PID=1544) to work on /opt/airflow/dags/my-first-dag.py
[2025-02-18T04:51:19.155+0000] {processor.py:914} INFO - Processing file /opt/airflow/dags/my-first-dag.py for tasks to queue
[2025-02-18T04:51:19.158+0000] {logging_mixin.py:190} INFO - [2025-02-18T04:51:19.158+0000] {dagbag.py:588} INFO - Filling up the DagBag from /opt/airflow/dags/my-first-dag.py
[2025-02-18T04:51:19.177+0000] {processor.py:925} INFO - DAG(s) 'my_first_dag' retrieved from /opt/airflow/dags/my-first-dag.py
[2025-02-18T04:51:19.207+0000] {logging_mixin.py:190} INFO - [2025-02-18T04:51:19.207+0000] {dag.py:3239} INFO - Sync 1 DAGs
[2025-02-18T04:51:19.223+0000] {logging_mixin.py:190} INFO - [2025-02-18T04:51:19.223+0000] {dag.py:4180} INFO - Setting next_dagrun for my_first_dag to 2025-02-18 00:00:00+00:00, run_after=2025-02-19 00:00:00+00:00
[2025-02-18T04:51:19.232+0000] {processor.py:208} INFO - Processing /opt/airflow/dags/my-first-dag.py took 0.093 seconds
[2025-02-18T04:51:49.724+0000] {processor.py:186} INFO - Started process (PID=1549) to work on /opt/airflow/dags/my-first-dag.py
[2025-02-18T04:51:49.727+0000] {processor.py:914} INFO - Processing file /opt/airflow/dags/my-first-dag.py for tasks to queue
[2025-02-18T04:51:49.731+0000] {logging_mixin.py:190} INFO - [2025-02-18T04:51:49.730+0000] {dagbag.py:588} INFO - Filling up the DagBag from /opt/airflow/dags/my-first-dag.py
[2025-02-18T04:51:49.751+0000] {processor.py:925} INFO - DAG(s) 'my_first_dag' retrieved from /opt/airflow/dags/my-first-dag.py
[2025-02-18T04:51:49.782+0000] {logging_mixin.py:190} INFO - [2025-02-18T04:51:49.782+0000] {dag.py:3239} INFO - Sync 1 DAGs
[2025-02-18T04:51:49.801+0000] {logging_mixin.py:190} INFO - [2025-02-18T04:51:49.801+0000] {dag.py:4180} INFO - Setting next_dagrun for my_first_dag to 2025-02-18 00:00:00+00:00, run_after=2025-02-19 00:00:00+00:00
[2025-02-18T04:51:49.810+0000] {processor.py:208} INFO - Processing /opt/airflow/dags/my-first-dag.py took 0.099 seconds
[2025-02-18T04:52:20.196+0000] {processor.py:186} INFO - Started process (PID=1554) to work on /opt/airflow/dags/my-first-dag.py
[2025-02-18T04:52:20.199+0000] {processor.py:914} INFO - Processing file /opt/airflow/dags/my-first-dag.py for tasks to queue
[2025-02-18T04:52:20.204+0000] {logging_mixin.py:190} INFO - [2025-02-18T04:52:20.204+0000] {dagbag.py:588} INFO - Filling up the DagBag from /opt/airflow/dags/my-first-dag.py
[2025-02-18T04:52:20.224+0000] {processor.py:925} INFO - DAG(s) 'my_first_dag' retrieved from /opt/airflow/dags/my-first-dag.py
[2025-02-18T04:52:20.261+0000] {logging_mixin.py:190} INFO - [2025-02-18T04:52:20.261+0000] {dag.py:3239} INFO - Sync 1 DAGs
[2025-02-18T04:52:20.278+0000] {logging_mixin.py:190} INFO - [2025-02-18T04:52:20.278+0000] {dag.py:4180} INFO - Setting next_dagrun for my_first_dag to 2025-02-18 00:00:00+00:00, run_after=2025-02-19 00:00:00+00:00
[2025-02-18T04:52:20.287+0000] {processor.py:208} INFO - Processing /opt/airflow/dags/my-first-dag.py took 0.102 seconds
[2025-02-18T04:52:50.742+0000] {processor.py:186} INFO - Started process (PID=1559) to work on /opt/airflow/dags/my-first-dag.py
[2025-02-18T04:52:50.744+0000] {processor.py:914} INFO - Processing file /opt/airflow/dags/my-first-dag.py for tasks to queue
[2025-02-18T04:52:50.748+0000] {logging_mixin.py:190} INFO - [2025-02-18T04:52:50.747+0000] {dagbag.py:588} INFO - Filling up the DagBag from /opt/airflow/dags/my-first-dag.py
[2025-02-18T04:52:50.766+0000] {processor.py:925} INFO - DAG(s) 'my_first_dag' retrieved from /opt/airflow/dags/my-first-dag.py
[2025-02-18T04:52:50.794+0000] {logging_mixin.py:190} INFO - [2025-02-18T04:52:50.793+0000] {dag.py:3239} INFO - Sync 1 DAGs
[2025-02-18T04:52:50.811+0000] {logging_mixin.py:190} INFO - [2025-02-18T04:52:50.811+0000] {dag.py:4180} INFO - Setting next_dagrun for my_first_dag to 2025-02-18 00:00:00+00:00, run_after=2025-02-19 00:00:00+00:00
[2025-02-18T04:52:50.820+0000] {processor.py:208} INFO - Processing /opt/airflow/dags/my-first-dag.py took 0.089 seconds
[2025-02-18T04:53:21.221+0000] {processor.py:186} INFO - Started process (PID=1564) to work on /opt/airflow/dags/my-first-dag.py
[2025-02-18T04:53:21.222+0000] {processor.py:914} INFO - Processing file /opt/airflow/dags/my-first-dag.py for tasks to queue
[2025-02-18T04:53:21.226+0000] {logging_mixin.py:190} INFO - [2025-02-18T04:53:21.225+0000] {dagbag.py:588} INFO - Filling up the DagBag from /opt/airflow/dags/my-first-dag.py
[2025-02-18T04:53:21.246+0000] {processor.py:925} INFO - DAG(s) 'my_first_dag' retrieved from /opt/airflow/dags/my-first-dag.py
[2025-02-18T04:53:21.289+0000] {logging_mixin.py:190} INFO - [2025-02-18T04:53:21.289+0000] {dag.py:3239} INFO - Sync 1 DAGs
[2025-02-18T04:53:21.312+0000] {logging_mixin.py:190} INFO - [2025-02-18T04:53:21.312+0000] {dag.py:4180} INFO - Setting next_dagrun for my_first_dag to 2025-02-18 00:00:00+00:00, run_after=2025-02-19 00:00:00+00:00
[2025-02-18T04:53:21.325+0000] {processor.py:208} INFO - Processing /opt/airflow/dags/my-first-dag.py took 0.120 seconds
[2025-02-18T04:53:51.761+0000] {processor.py:186} INFO - Started process (PID=1569) to work on /opt/airflow/dags/my-first-dag.py
[2025-02-18T04:53:51.762+0000] {processor.py:914} INFO - Processing file /opt/airflow/dags/my-first-dag.py for tasks to queue
[2025-02-18T04:53:51.766+0000] {logging_mixin.py:190} INFO - [2025-02-18T04:53:51.765+0000] {dagbag.py:588} INFO - Filling up the DagBag from /opt/airflow/dags/my-first-dag.py
[2025-02-18T04:53:51.793+0000] {processor.py:925} INFO - DAG(s) 'my_first_dag' retrieved from /opt/airflow/dags/my-first-dag.py
[2025-02-18T04:53:51.827+0000] {logging_mixin.py:190} INFO - [2025-02-18T04:53:51.826+0000] {dag.py:3239} INFO - Sync 1 DAGs
[2025-02-18T04:53:51.849+0000] {logging_mixin.py:190} INFO - [2025-02-18T04:53:51.849+0000] {dag.py:4180} INFO - Setting next_dagrun for my_first_dag to 2025-02-18 00:00:00+00:00, run_after=2025-02-19 00:00:00+00:00
[2025-02-18T04:53:51.858+0000] {processor.py:208} INFO - Processing /opt/airflow/dags/my-first-dag.py took 0.113 seconds
[2025-02-18T04:54:22.332+0000] {processor.py:186} INFO - Started process (PID=1574) to work on /opt/airflow/dags/my-first-dag.py
[2025-02-18T04:54:22.334+0000] {processor.py:914} INFO - Processing file /opt/airflow/dags/my-first-dag.py for tasks to queue
[2025-02-18T04:54:22.340+0000] {logging_mixin.py:190} INFO - [2025-02-18T04:54:22.339+0000] {dagbag.py:588} INFO - Filling up the DagBag from /opt/airflow/dags/my-first-dag.py
[2025-02-18T04:54:22.355+0000] {processor.py:925} INFO - DAG(s) 'my_first_dag' retrieved from /opt/airflow/dags/my-first-dag.py
[2025-02-18T04:54:22.396+0000] {logging_mixin.py:190} INFO - [2025-02-18T04:54:22.396+0000] {dag.py:3239} INFO - Sync 1 DAGs
[2025-02-18T04:54:22.410+0000] {logging_mixin.py:190} INFO - [2025-02-18T04:54:22.410+0000] {dag.py:4180} INFO - Setting next_dagrun for my_first_dag to 2025-02-18 00:00:00+00:00, run_after=2025-02-19 00:00:00+00:00
[2025-02-18T04:54:22.419+0000] {processor.py:208} INFO - Processing /opt/airflow/dags/my-first-dag.py took 0.100 seconds
[2025-02-18T04:54:52.830+0000] {processor.py:186} INFO - Started process (PID=1579) to work on /opt/airflow/dags/my-first-dag.py
[2025-02-18T04:54:52.833+0000] {processor.py:914} INFO - Processing file /opt/airflow/dags/my-first-dag.py for tasks to queue
[2025-02-18T04:54:52.842+0000] {logging_mixin.py:190} INFO - [2025-02-18T04:54:52.840+0000] {dagbag.py:588} INFO - Filling up the DagBag from /opt/airflow/dags/my-first-dag.py
[2025-02-18T04:54:52.863+0000] {processor.py:925} INFO - DAG(s) 'my_first_dag' retrieved from /opt/airflow/dags/my-first-dag.py
[2025-02-18T04:54:52.894+0000] {logging_mixin.py:190} INFO - [2025-02-18T04:54:52.894+0000] {dag.py:3239} INFO - Sync 1 DAGs
[2025-02-18T04:54:52.911+0000] {logging_mixin.py:190} INFO - [2025-02-18T04:54:52.911+0000] {dag.py:4180} INFO - Setting next_dagrun for my_first_dag to 2025-02-18 00:00:00+00:00, run_after=2025-02-19 00:00:00+00:00
[2025-02-18T04:54:52.919+0000] {processor.py:208} INFO - Processing /opt/airflow/dags/my-first-dag.py took 0.105 seconds
[2025-02-18T04:55:23.330+0000] {processor.py:186} INFO - Started process (PID=1584) to work on /opt/airflow/dags/my-first-dag.py
[2025-02-18T04:55:23.335+0000] {processor.py:914} INFO - Processing file /opt/airflow/dags/my-first-dag.py for tasks to queue
[2025-02-18T04:55:23.340+0000] {logging_mixin.py:190} INFO - [2025-02-18T04:55:23.339+0000] {dagbag.py:588} INFO - Filling up the DagBag from /opt/airflow/dags/my-first-dag.py
[2025-02-18T04:55:23.359+0000] {processor.py:925} INFO - DAG(s) 'my_first_dag' retrieved from /opt/airflow/dags/my-first-dag.py
[2025-02-18T04:55:23.390+0000] {logging_mixin.py:190} INFO - [2025-02-18T04:55:23.390+0000] {dag.py:3239} INFO - Sync 1 DAGs
[2025-02-18T04:55:23.409+0000] {logging_mixin.py:190} INFO - [2025-02-18T04:55:23.409+0000] {dag.py:4180} INFO - Setting next_dagrun for my_first_dag to 2025-02-18 00:00:00+00:00, run_after=2025-02-19 00:00:00+00:00
[2025-02-18T04:55:23.419+0000] {processor.py:208} INFO - Processing /opt/airflow/dags/my-first-dag.py took 0.108 seconds
[2025-02-18T04:55:53.803+0000] {processor.py:186} INFO - Started process (PID=1589) to work on /opt/airflow/dags/my-first-dag.py
[2025-02-18T04:55:53.806+0000] {processor.py:914} INFO - Processing file /opt/airflow/dags/my-first-dag.py for tasks to queue
[2025-02-18T04:55:53.812+0000] {logging_mixin.py:190} INFO - [2025-02-18T04:55:53.810+0000] {dagbag.py:588} INFO - Filling up the DagBag from /opt/airflow/dags/my-first-dag.py
[2025-02-18T04:55:53.824+0000] {processor.py:925} INFO - DAG(s) 'my_first_dag' retrieved from /opt/airflow/dags/my-first-dag.py
[2025-02-18T04:55:53.856+0000] {logging_mixin.py:190} INFO - [2025-02-18T04:55:53.856+0000] {dag.py:3239} INFO - Sync 1 DAGs
[2025-02-18T04:55:53.872+0000] {logging_mixin.py:190} INFO - [2025-02-18T04:55:53.871+0000] {dag.py:4180} INFO - Setting next_dagrun for my_first_dag to 2025-02-18 00:00:00+00:00, run_after=2025-02-19 00:00:00+00:00
[2025-02-18T04:55:53.880+0000] {processor.py:208} INFO - Processing /opt/airflow/dags/my-first-dag.py took 0.089 seconds
[2025-02-18T04:56:24.341+0000] {processor.py:186} INFO - Started process (PID=1594) to work on /opt/airflow/dags/my-first-dag.py
[2025-02-18T04:56:24.344+0000] {processor.py:914} INFO - Processing file /opt/airflow/dags/my-first-dag.py for tasks to queue
[2025-02-18T04:56:24.348+0000] {logging_mixin.py:190} INFO - [2025-02-18T04:56:24.348+0000] {dagbag.py:588} INFO - Filling up the DagBag from /opt/airflow/dags/my-first-dag.py
[2025-02-18T04:56:24.368+0000] {processor.py:925} INFO - DAG(s) 'my_first_dag' retrieved from /opt/airflow/dags/my-first-dag.py
[2025-02-18T04:56:24.413+0000] {logging_mixin.py:190} INFO - [2025-02-18T04:56:24.412+0000] {dag.py:3239} INFO - Sync 1 DAGs
[2025-02-18T04:56:24.436+0000] {logging_mixin.py:190} INFO - [2025-02-18T04:56:24.436+0000] {dag.py:4180} INFO - Setting next_dagrun for my_first_dag to 2025-02-18 00:00:00+00:00, run_after=2025-02-19 00:00:00+00:00
[2025-02-18T04:56:24.447+0000] {processor.py:208} INFO - Processing /opt/airflow/dags/my-first-dag.py took 0.123 seconds
[2025-02-18T04:56:54.892+0000] {processor.py:186} INFO - Started process (PID=1599) to work on /opt/airflow/dags/my-first-dag.py
[2025-02-18T04:56:54.895+0000] {processor.py:914} INFO - Processing file /opt/airflow/dags/my-first-dag.py for tasks to queue
[2025-02-18T04:56:54.899+0000] {logging_mixin.py:190} INFO - [2025-02-18T04:56:54.898+0000] {dagbag.py:588} INFO - Filling up the DagBag from /opt/airflow/dags/my-first-dag.py
[2025-02-18T04:56:54.917+0000] {processor.py:925} INFO - DAG(s) 'my_first_dag' retrieved from /opt/airflow/dags/my-first-dag.py
[2025-02-18T04:56:54.944+0000] {logging_mixin.py:190} INFO - [2025-02-18T04:56:54.944+0000] {dag.py:3239} INFO - Sync 1 DAGs
[2025-02-18T04:56:54.960+0000] {logging_mixin.py:190} INFO - [2025-02-18T04:56:54.960+0000] {dag.py:4180} INFO - Setting next_dagrun for my_first_dag to 2025-02-18 00:00:00+00:00, run_after=2025-02-19 00:00:00+00:00
[2025-02-18T04:56:54.969+0000] {processor.py:208} INFO - Processing /opt/airflow/dags/my-first-dag.py took 0.092 seconds
[2025-02-18T04:57:25.433+0000] {processor.py:186} INFO - Started process (PID=1604) to work on /opt/airflow/dags/my-first-dag.py
[2025-02-18T04:57:25.439+0000] {processor.py:914} INFO - Processing file /opt/airflow/dags/my-first-dag.py for tasks to queue
[2025-02-18T04:57:25.441+0000] {logging_mixin.py:190} INFO - [2025-02-18T04:57:25.441+0000] {dagbag.py:588} INFO - Filling up the DagBag from /opt/airflow/dags/my-first-dag.py
[2025-02-18T04:57:25.456+0000] {processor.py:925} INFO - DAG(s) 'my_first_dag' retrieved from /opt/airflow/dags/my-first-dag.py
[2025-02-18T04:57:25.492+0000] {logging_mixin.py:190} INFO - [2025-02-18T04:57:25.492+0000] {dag.py:3239} INFO - Sync 1 DAGs
[2025-02-18T04:57:25.509+0000] {logging_mixin.py:190} INFO - [2025-02-18T04:57:25.509+0000] {dag.py:4180} INFO - Setting next_dagrun for my_first_dag to 2025-02-18 00:00:00+00:00, run_after=2025-02-19 00:00:00+00:00
[2025-02-18T04:57:25.519+0000] {processor.py:208} INFO - Processing /opt/airflow/dags/my-first-dag.py took 0.092 seconds
[2025-02-18T04:57:55.959+0000] {processor.py:186} INFO - Started process (PID=1609) to work on /opt/airflow/dags/my-first-dag.py
[2025-02-18T04:57:55.961+0000] {processor.py:914} INFO - Processing file /opt/airflow/dags/my-first-dag.py for tasks to queue
[2025-02-18T04:57:55.965+0000] {logging_mixin.py:190} INFO - [2025-02-18T04:57:55.964+0000] {dagbag.py:588} INFO - Filling up the DagBag from /opt/airflow/dags/my-first-dag.py
[2025-02-18T04:57:55.975+0000] {processor.py:925} INFO - DAG(s) 'my_first_dag' retrieved from /opt/airflow/dags/my-first-dag.py
[2025-02-18T04:57:55.993+0000] {logging_mixin.py:190} INFO - [2025-02-18T04:57:55.993+0000] {dag.py:3239} INFO - Sync 1 DAGs
[2025-02-18T04:57:56.003+0000] {logging_mixin.py:190} INFO - [2025-02-18T04:57:56.003+0000] {dag.py:4180} INFO - Setting next_dagrun for my_first_dag to 2025-02-18 00:00:00+00:00, run_after=2025-02-19 00:00:00+00:00
[2025-02-18T04:57:56.009+0000] {processor.py:208} INFO - Processing /opt/airflow/dags/my-first-dag.py took 0.061 seconds
[2025-02-18T04:58:26.441+0000] {processor.py:186} INFO - Started process (PID=1614) to work on /opt/airflow/dags/my-first-dag.py
[2025-02-18T04:58:26.443+0000] {processor.py:914} INFO - Processing file /opt/airflow/dags/my-first-dag.py for tasks to queue
[2025-02-18T04:58:26.447+0000] {logging_mixin.py:190} INFO - [2025-02-18T04:58:26.446+0000] {dagbag.py:588} INFO - Filling up the DagBag from /opt/airflow/dags/my-first-dag.py
[2025-02-18T04:58:26.465+0000] {processor.py:925} INFO - DAG(s) 'my_first_dag' retrieved from /opt/airflow/dags/my-first-dag.py
[2025-02-18T04:58:26.491+0000] {logging_mixin.py:190} INFO - [2025-02-18T04:58:26.490+0000] {dag.py:3239} INFO - Sync 1 DAGs
[2025-02-18T04:58:26.508+0000] {logging_mixin.py:190} INFO - [2025-02-18T04:58:26.508+0000] {dag.py:4180} INFO - Setting next_dagrun for my_first_dag to 2025-02-18 00:00:00+00:00, run_after=2025-02-19 00:00:00+00:00
[2025-02-18T04:58:26.517+0000] {processor.py:208} INFO - Processing /opt/airflow/dags/my-first-dag.py took 0.086 seconds
[2025-02-18T04:58:56.906+0000] {processor.py:186} INFO - Started process (PID=1619) to work on /opt/airflow/dags/my-first-dag.py
[2025-02-18T04:58:56.908+0000] {processor.py:914} INFO - Processing file /opt/airflow/dags/my-first-dag.py for tasks to queue
[2025-02-18T04:58:56.912+0000] {logging_mixin.py:190} INFO - [2025-02-18T04:58:56.911+0000] {dagbag.py:588} INFO - Filling up the DagBag from /opt/airflow/dags/my-first-dag.py
[2025-02-18T04:58:56.937+0000] {processor.py:925} INFO - DAG(s) 'my_first_dag' retrieved from /opt/airflow/dags/my-first-dag.py
[2025-02-18T04:58:56.962+0000] {logging_mixin.py:190} INFO - [2025-02-18T04:58:56.961+0000] {dag.py:3239} INFO - Sync 1 DAGs
[2025-02-18T04:58:56.981+0000] {logging_mixin.py:190} INFO - [2025-02-18T04:58:56.980+0000] {dag.py:4180} INFO - Setting next_dagrun for my_first_dag to 2025-02-18 00:00:00+00:00, run_after=2025-02-19 00:00:00+00:00
[2025-02-18T04:58:56.989+0000] {processor.py:208} INFO - Processing /opt/airflow/dags/my-first-dag.py took 0.097 seconds
[2025-02-18T04:59:27.512+0000] {processor.py:186} INFO - Started process (PID=1624) to work on /opt/airflow/dags/my-first-dag.py
[2025-02-18T04:59:27.514+0000] {processor.py:914} INFO - Processing file /opt/airflow/dags/my-first-dag.py for tasks to queue
[2025-02-18T04:59:27.517+0000] {logging_mixin.py:190} INFO - [2025-02-18T04:59:27.517+0000] {dagbag.py:588} INFO - Filling up the DagBag from /opt/airflow/dags/my-first-dag.py
[2025-02-18T04:59:27.533+0000] {processor.py:925} INFO - DAG(s) 'my_first_dag' retrieved from /opt/airflow/dags/my-first-dag.py
[2025-02-18T04:59:27.562+0000] {logging_mixin.py:190} INFO - [2025-02-18T04:59:27.562+0000] {dag.py:3239} INFO - Sync 1 DAGs
[2025-02-18T04:59:27.580+0000] {logging_mixin.py:190} INFO - [2025-02-18T04:59:27.580+0000] {dag.py:4180} INFO - Setting next_dagrun for my_first_dag to 2025-02-18 00:00:00+00:00, run_after=2025-02-19 00:00:00+00:00
[2025-02-18T04:59:27.589+0000] {processor.py:208} INFO - Processing /opt/airflow/dags/my-first-dag.py took 0.099 seconds
[2025-02-18T04:59:58.026+0000] {processor.py:186} INFO - Started process (PID=1629) to work on /opt/airflow/dags/my-first-dag.py
[2025-02-18T04:59:58.028+0000] {processor.py:914} INFO - Processing file /opt/airflow/dags/my-first-dag.py for tasks to queue
[2025-02-18T04:59:58.033+0000] {logging_mixin.py:190} INFO - [2025-02-18T04:59:58.032+0000] {dagbag.py:588} INFO - Filling up the DagBag from /opt/airflow/dags/my-first-dag.py
[2025-02-18T04:59:58.048+0000] {processor.py:925} INFO - DAG(s) 'my_first_dag' retrieved from /opt/airflow/dags/my-first-dag.py
[2025-02-18T04:59:58.064+0000] {logging_mixin.py:190} INFO - [2025-02-18T04:59:58.063+0000] {dag.py:3239} INFO - Sync 1 DAGs
[2025-02-18T04:59:58.074+0000] {logging_mixin.py:190} INFO - [2025-02-18T04:59:58.074+0000] {dag.py:4180} INFO - Setting next_dagrun for my_first_dag to 2025-02-18 00:00:00+00:00, run_after=2025-02-19 00:00:00+00:00
[2025-02-18T04:59:58.080+0000] {processor.py:208} INFO - Processing /opt/airflow/dags/my-first-dag.py took 0.064 seconds
[2025-02-18T05:00:28.458+0000] {processor.py:186} INFO - Started process (PID=1634) to work on /opt/airflow/dags/my-first-dag.py
[2025-02-18T05:00:28.460+0000] {processor.py:914} INFO - Processing file /opt/airflow/dags/my-first-dag.py for tasks to queue
[2025-02-18T05:00:28.463+0000] {logging_mixin.py:190} INFO - [2025-02-18T05:00:28.463+0000] {dagbag.py:588} INFO - Filling up the DagBag from /opt/airflow/dags/my-first-dag.py
[2025-02-18T05:00:28.473+0000] {processor.py:925} INFO - DAG(s) 'my_first_dag' retrieved from /opt/airflow/dags/my-first-dag.py
[2025-02-18T05:00:28.500+0000] {logging_mixin.py:190} INFO - [2025-02-18T05:00:28.500+0000] {dag.py:3239} INFO - Sync 1 DAGs
[2025-02-18T05:00:28.518+0000] {logging_mixin.py:190} INFO - [2025-02-18T05:00:28.518+0000] {dag.py:4180} INFO - Setting next_dagrun for my_first_dag to 2025-02-18 00:00:00+00:00, run_after=2025-02-19 00:00:00+00:00
[2025-02-18T05:00:28.527+0000] {processor.py:208} INFO - Processing /opt/airflow/dags/my-first-dag.py took 0.077 seconds
[2025-02-18T05:00:58.950+0000] {processor.py:186} INFO - Started process (PID=1639) to work on /opt/airflow/dags/my-first-dag.py
[2025-02-18T05:00:58.952+0000] {processor.py:914} INFO - Processing file /opt/airflow/dags/my-first-dag.py for tasks to queue
[2025-02-18T05:00:58.958+0000] {logging_mixin.py:190} INFO - [2025-02-18T05:00:58.957+0000] {dagbag.py:588} INFO - Filling up the DagBag from /opt/airflow/dags/my-first-dag.py
[2025-02-18T05:00:58.977+0000] {processor.py:925} INFO - DAG(s) 'my_first_dag' retrieved from /opt/airflow/dags/my-first-dag.py
[2025-02-18T05:00:59.002+0000] {logging_mixin.py:190} INFO - [2025-02-18T05:00:59.002+0000] {dag.py:3239} INFO - Sync 1 DAGs
[2025-02-18T05:00:59.014+0000] {logging_mixin.py:190} INFO - [2025-02-18T05:00:59.013+0000] {dag.py:4180} INFO - Setting next_dagrun for my_first_dag to 2025-02-18 00:00:00+00:00, run_after=2025-02-19 00:00:00+00:00
[2025-02-18T05:00:59.021+0000] {processor.py:208} INFO - Processing /opt/airflow/dags/my-first-dag.py took 0.082 seconds
[2025-02-18T05:01:29.436+0000] {processor.py:186} INFO - Started process (PID=1644) to work on /opt/airflow/dags/my-first-dag.py
[2025-02-18T05:01:29.440+0000] {processor.py:914} INFO - Processing file /opt/airflow/dags/my-first-dag.py for tasks to queue
[2025-02-18T05:01:29.444+0000] {logging_mixin.py:190} INFO - [2025-02-18T05:01:29.444+0000] {dagbag.py:588} INFO - Filling up the DagBag from /opt/airflow/dags/my-first-dag.py
[2025-02-18T05:01:29.463+0000] {processor.py:925} INFO - DAG(s) 'my_first_dag' retrieved from /opt/airflow/dags/my-first-dag.py
[2025-02-18T05:01:29.499+0000] {logging_mixin.py:190} INFO - [2025-02-18T05:01:29.499+0000] {dag.py:3239} INFO - Sync 1 DAGs
[2025-02-18T05:01:29.518+0000] {logging_mixin.py:190} INFO - [2025-02-18T05:01:29.518+0000] {dag.py:4180} INFO - Setting next_dagrun for my_first_dag to 2025-02-18 00:00:00+00:00, run_after=2025-02-19 00:00:00+00:00
[2025-02-18T05:01:29.527+0000] {processor.py:208} INFO - Processing /opt/airflow/dags/my-first-dag.py took 0.110 seconds
[2025-02-18T05:01:59.874+0000] {processor.py:186} INFO - Started process (PID=1649) to work on /opt/airflow/dags/my-first-dag.py
[2025-02-18T05:01:59.878+0000] {processor.py:914} INFO - Processing file /opt/airflow/dags/my-first-dag.py for tasks to queue
[2025-02-18T05:01:59.886+0000] {logging_mixin.py:190} INFO - [2025-02-18T05:01:59.883+0000] {dagbag.py:588} INFO - Filling up the DagBag from /opt/airflow/dags/my-first-dag.py
[2025-02-18T05:01:59.907+0000] {processor.py:925} INFO - DAG(s) 'my_first_dag' retrieved from /opt/airflow/dags/my-first-dag.py
[2025-02-18T05:01:59.943+0000] {logging_mixin.py:190} INFO - [2025-02-18T05:01:59.943+0000] {dag.py:3239} INFO - Sync 1 DAGs
[2025-02-18T05:01:59.963+0000] {logging_mixin.py:190} INFO - [2025-02-18T05:01:59.963+0000] {dag.py:4180} INFO - Setting next_dagrun for my_first_dag to 2025-02-18 00:00:00+00:00, run_after=2025-02-19 00:00:00+00:00
[2025-02-18T05:01:59.972+0000] {processor.py:208} INFO - Processing /opt/airflow/dags/my-first-dag.py took 0.120 seconds
[2025-02-18T05:02:30.437+0000] {processor.py:186} INFO - Started process (PID=1654) to work on /opt/airflow/dags/my-first-dag.py
[2025-02-18T05:02:30.439+0000] {processor.py:914} INFO - Processing file /opt/airflow/dags/my-first-dag.py for tasks to queue
[2025-02-18T05:02:30.443+0000] {logging_mixin.py:190} INFO - [2025-02-18T05:02:30.443+0000] {dagbag.py:588} INFO - Filling up the DagBag from /opt/airflow/dags/my-first-dag.py
[2025-02-18T05:02:30.461+0000] {processor.py:925} INFO - DAG(s) 'my_first_dag' retrieved from /opt/airflow/dags/my-first-dag.py
[2025-02-18T05:02:30.485+0000] {logging_mixin.py:190} INFO - [2025-02-18T05:02:30.485+0000] {dag.py:3239} INFO - Sync 1 DAGs
[2025-02-18T05:02:30.500+0000] {logging_mixin.py:190} INFO - [2025-02-18T05:02:30.500+0000] {dag.py:4180} INFO - Setting next_dagrun for my_first_dag to 2025-02-18 00:00:00+00:00, run_after=2025-02-19 00:00:00+00:00
[2025-02-18T05:02:30.509+0000] {processor.py:208} INFO - Processing /opt/airflow/dags/my-first-dag.py took 0.083 seconds
[2025-02-18T05:03:00.986+0000] {processor.py:186} INFO - Started process (PID=1659) to work on /opt/airflow/dags/my-first-dag.py
[2025-02-18T05:03:00.989+0000] {processor.py:914} INFO - Processing file /opt/airflow/dags/my-first-dag.py for tasks to queue
[2025-02-18T05:03:00.994+0000] {logging_mixin.py:190} INFO - [2025-02-18T05:03:00.993+0000] {dagbag.py:588} INFO - Filling up the DagBag from /opt/airflow/dags/my-first-dag.py
[2025-02-18T05:03:01.016+0000] {processor.py:925} INFO - DAG(s) 'my_first_dag' retrieved from /opt/airflow/dags/my-first-dag.py
[2025-02-18T05:03:01.051+0000] {logging_mixin.py:190} INFO - [2025-02-18T05:03:01.051+0000] {dag.py:3239} INFO - Sync 1 DAGs
[2025-02-18T05:03:01.070+0000] {logging_mixin.py:190} INFO - [2025-02-18T05:03:01.070+0000] {dag.py:4180} INFO - Setting next_dagrun for my_first_dag to 2025-02-18 00:00:00+00:00, run_after=2025-02-19 00:00:00+00:00
[2025-02-18T05:03:01.082+0000] {processor.py:208} INFO - Processing /opt/airflow/dags/my-first-dag.py took 0.108 seconds
[2025-02-18T05:03:31.486+0000] {processor.py:186} INFO - Started process (PID=1664) to work on /opt/airflow/dags/my-first-dag.py
[2025-02-18T05:03:31.488+0000] {processor.py:914} INFO - Processing file /opt/airflow/dags/my-first-dag.py for tasks to queue
[2025-02-18T05:03:31.492+0000] {logging_mixin.py:190} INFO - [2025-02-18T05:03:31.491+0000] {dagbag.py:588} INFO - Filling up the DagBag from /opt/airflow/dags/my-first-dag.py
[2025-02-18T05:03:31.511+0000] {processor.py:925} INFO - DAG(s) 'my_first_dag' retrieved from /opt/airflow/dags/my-first-dag.py
[2025-02-18T05:03:31.544+0000] {logging_mixin.py:190} INFO - [2025-02-18T05:03:31.544+0000] {dag.py:3239} INFO - Sync 1 DAGs
[2025-02-18T05:03:31.565+0000] {logging_mixin.py:190} INFO - [2025-02-18T05:03:31.565+0000] {dag.py:4180} INFO - Setting next_dagrun for my_first_dag to 2025-02-18 00:00:00+00:00, run_after=2025-02-19 00:00:00+00:00
[2025-02-18T05:03:31.574+0000] {processor.py:208} INFO - Processing /opt/airflow/dags/my-first-dag.py took 0.100 seconds
[2025-02-18T05:04:01.954+0000] {processor.py:186} INFO - Started process (PID=1669) to work on /opt/airflow/dags/my-first-dag.py
[2025-02-18T05:04:01.963+0000] {processor.py:914} INFO - Processing file /opt/airflow/dags/my-first-dag.py for tasks to queue
[2025-02-18T05:04:01.969+0000] {logging_mixin.py:190} INFO - [2025-02-18T05:04:01.968+0000] {dagbag.py:588} INFO - Filling up the DagBag from /opt/airflow/dags/my-first-dag.py
[2025-02-18T05:04:01.987+0000] {processor.py:925} INFO - DAG(s) 'my_first_dag' retrieved from /opt/airflow/dags/my-first-dag.py
[2025-02-18T05:04:02.023+0000] {logging_mixin.py:190} INFO - [2025-02-18T05:04:02.023+0000] {dag.py:3239} INFO - Sync 1 DAGs
[2025-02-18T05:04:02.039+0000] {logging_mixin.py:190} INFO - [2025-02-18T05:04:02.039+0000] {dag.py:4180} INFO - Setting next_dagrun for my_first_dag to 2025-02-18 00:00:00+00:00, run_after=2025-02-19 00:00:00+00:00
[2025-02-18T05:04:02.048+0000] {processor.py:208} INFO - Processing /opt/airflow/dags/my-first-dag.py took 0.109 seconds
[2025-02-18T05:04:32.402+0000] {processor.py:186} INFO - Started process (PID=1674) to work on /opt/airflow/dags/my-first-dag.py
[2025-02-18T05:04:32.404+0000] {processor.py:914} INFO - Processing file /opt/airflow/dags/my-first-dag.py for tasks to queue
[2025-02-18T05:04:32.408+0000] {logging_mixin.py:190} INFO - [2025-02-18T05:04:32.408+0000] {dagbag.py:588} INFO - Filling up the DagBag from /opt/airflow/dags/my-first-dag.py
[2025-02-18T05:04:32.424+0000] {processor.py:925} INFO - DAG(s) 'my_first_dag' retrieved from /opt/airflow/dags/my-first-dag.py
[2025-02-18T05:04:32.446+0000] {logging_mixin.py:190} INFO - [2025-02-18T05:04:32.446+0000] {dag.py:3239} INFO - Sync 1 DAGs
[2025-02-18T05:04:32.460+0000] {logging_mixin.py:190} INFO - [2025-02-18T05:04:32.459+0000] {dag.py:4180} INFO - Setting next_dagrun for my_first_dag to 2025-02-18 00:00:00+00:00, run_after=2025-02-19 00:00:00+00:00
[2025-02-18T05:04:32.467+0000] {processor.py:208} INFO - Processing /opt/airflow/dags/my-first-dag.py took 0.075 seconds
[2025-02-18T05:05:02.904+0000] {processor.py:186} INFO - Started process (PID=1679) to work on /opt/airflow/dags/my-first-dag.py
[2025-02-18T05:05:02.908+0000] {processor.py:914} INFO - Processing file /opt/airflow/dags/my-first-dag.py for tasks to queue
[2025-02-18T05:05:02.912+0000] {logging_mixin.py:190} INFO - [2025-02-18T05:05:02.911+0000] {dagbag.py:588} INFO - Filling up the DagBag from /opt/airflow/dags/my-first-dag.py
[2025-02-18T05:05:02.929+0000] {processor.py:925} INFO - DAG(s) 'my_first_dag' retrieved from /opt/airflow/dags/my-first-dag.py
[2025-02-18T05:05:02.964+0000] {logging_mixin.py:190} INFO - [2025-02-18T05:05:02.964+0000] {dag.py:3239} INFO - Sync 1 DAGs
[2025-02-18T05:05:02.981+0000] {logging_mixin.py:190} INFO - [2025-02-18T05:05:02.981+0000] {dag.py:4180} INFO - Setting next_dagrun for my_first_dag to 2025-02-18 00:00:00+00:00, run_after=2025-02-19 00:00:00+00:00
[2025-02-18T05:05:02.990+0000] {processor.py:208} INFO - Processing /opt/airflow/dags/my-first-dag.py took 0.100 seconds
[2025-02-18T05:05:33.475+0000] {processor.py:186} INFO - Started process (PID=1684) to work on /opt/airflow/dags/my-first-dag.py
[2025-02-18T05:05:33.477+0000] {processor.py:914} INFO - Processing file /opt/airflow/dags/my-first-dag.py for tasks to queue
[2025-02-18T05:05:33.480+0000] {logging_mixin.py:190} INFO - [2025-02-18T05:05:33.480+0000] {dagbag.py:588} INFO - Filling up the DagBag from /opt/airflow/dags/my-first-dag.py
[2025-02-18T05:05:33.497+0000] {processor.py:925} INFO - DAG(s) 'my_first_dag' retrieved from /opt/airflow/dags/my-first-dag.py
[2025-02-18T05:05:33.531+0000] {logging_mixin.py:190} INFO - [2025-02-18T05:05:33.531+0000] {dag.py:3239} INFO - Sync 1 DAGs
[2025-02-18T05:05:33.545+0000] {logging_mixin.py:190} INFO - [2025-02-18T05:05:33.545+0000] {dag.py:4180} INFO - Setting next_dagrun for my_first_dag to 2025-02-18 00:00:00+00:00, run_after=2025-02-19 00:00:00+00:00
[2025-02-18T05:05:33.556+0000] {processor.py:208} INFO - Processing /opt/airflow/dags/my-first-dag.py took 0.091 seconds
[2025-02-18T05:06:03.859+0000] {processor.py:186} INFO - Started process (PID=1689) to work on /opt/airflow/dags/my-first-dag.py
[2025-02-18T05:06:03.862+0000] {processor.py:914} INFO - Processing file /opt/airflow/dags/my-first-dag.py for tasks to queue
[2025-02-18T05:06:03.865+0000] {logging_mixin.py:190} INFO - [2025-02-18T05:06:03.865+0000] {dagbag.py:588} INFO - Filling up the DagBag from /opt/airflow/dags/my-first-dag.py
[2025-02-18T05:06:03.884+0000] {processor.py:925} INFO - DAG(s) 'my_first_dag' retrieved from /opt/airflow/dags/my-first-dag.py
[2025-02-18T05:06:03.918+0000] {logging_mixin.py:190} INFO - [2025-02-18T05:06:03.918+0000] {dag.py:3239} INFO - Sync 1 DAGs
[2025-02-18T05:06:03.937+0000] {logging_mixin.py:190} INFO - [2025-02-18T05:06:03.937+0000] {dag.py:4180} INFO - Setting next_dagrun for my_first_dag to 2025-02-18 00:00:00+00:00, run_after=2025-02-19 00:00:00+00:00
[2025-02-18T05:06:03.948+0000] {processor.py:208} INFO - Processing /opt/airflow/dags/my-first-dag.py took 0.099 seconds
[2025-02-18T05:06:34.408+0000] {processor.py:186} INFO - Started process (PID=1694) to work on /opt/airflow/dags/my-first-dag.py
[2025-02-18T05:06:34.411+0000] {processor.py:914} INFO - Processing file /opt/airflow/dags/my-first-dag.py for tasks to queue
[2025-02-18T05:06:34.418+0000] {logging_mixin.py:190} INFO - [2025-02-18T05:06:34.418+0000] {dagbag.py:588} INFO - Filling up the DagBag from /opt/airflow/dags/my-first-dag.py
[2025-02-18T05:06:34.448+0000] {processor.py:925} INFO - DAG(s) 'my_first_dag' retrieved from /opt/airflow/dags/my-first-dag.py
[2025-02-18T05:06:34.496+0000] {logging_mixin.py:190} INFO - [2025-02-18T05:06:34.496+0000] {dag.py:3239} INFO - Sync 1 DAGs
[2025-02-18T05:06:34.667+0000] {logging_mixin.py:190} INFO - [2025-02-18T05:06:34.666+0000] {dag.py:4180} INFO - Setting next_dagrun for my_first_dag to 2025-02-18 00:00:00+00:00, run_after=2025-02-19 00:00:00+00:00
[2025-02-18T05:06:34.686+0000] {processor.py:208} INFO - Processing /opt/airflow/dags/my-first-dag.py took 0.293 seconds
[2025-02-18T05:07:04.801+0000] {processor.py:186} INFO - Started process (PID=1699) to work on /opt/airflow/dags/my-first-dag.py
[2025-02-18T05:07:04.803+0000] {processor.py:914} INFO - Processing file /opt/airflow/dags/my-first-dag.py for tasks to queue
[2025-02-18T05:07:04.807+0000] {logging_mixin.py:190} INFO - [2025-02-18T05:07:04.807+0000] {dagbag.py:588} INFO - Filling up the DagBag from /opt/airflow/dags/my-first-dag.py
[2025-02-18T05:07:04.827+0000] {processor.py:925} INFO - DAG(s) 'my_first_dag' retrieved from /opt/airflow/dags/my-first-dag.py
[2025-02-18T05:07:04.859+0000] {logging_mixin.py:190} INFO - [2025-02-18T05:07:04.859+0000] {dag.py:3239} INFO - Sync 1 DAGs
[2025-02-18T05:07:04.875+0000] {logging_mixin.py:190} INFO - [2025-02-18T05:07:04.875+0000] {dag.py:4180} INFO - Setting next_dagrun for my_first_dag to 2025-02-18 00:00:00+00:00, run_after=2025-02-19 00:00:00+00:00
[2025-02-18T05:07:04.885+0000] {processor.py:208} INFO - Processing /opt/airflow/dags/my-first-dag.py took 0.097 seconds
[2025-02-18T05:07:35.165+0000] {processor.py:186} INFO - Started process (PID=1704) to work on /opt/airflow/dags/my-first-dag.py
[2025-02-18T05:07:35.167+0000] {processor.py:914} INFO - Processing file /opt/airflow/dags/my-first-dag.py for tasks to queue
[2025-02-18T05:07:35.171+0000] {logging_mixin.py:190} INFO - [2025-02-18T05:07:35.170+0000] {dagbag.py:588} INFO - Filling up the DagBag from /opt/airflow/dags/my-first-dag.py
[2025-02-18T05:07:35.186+0000] {processor.py:925} INFO - DAG(s) 'my_first_dag' retrieved from /opt/airflow/dags/my-first-dag.py
[2025-02-18T05:07:35.219+0000] {logging_mixin.py:190} INFO - [2025-02-18T05:07:35.219+0000] {dag.py:3239} INFO - Sync 1 DAGs
[2025-02-18T05:07:35.236+0000] {logging_mixin.py:190} INFO - [2025-02-18T05:07:35.236+0000] {dag.py:4180} INFO - Setting next_dagrun for my_first_dag to 2025-02-18 00:00:00+00:00, run_after=2025-02-19 00:00:00+00:00
[2025-02-18T05:07:35.243+0000] {processor.py:208} INFO - Processing /opt/airflow/dags/my-first-dag.py took 0.099 seconds
[2025-02-18T05:08:05.640+0000] {processor.py:186} INFO - Started process (PID=1709) to work on /opt/airflow/dags/my-first-dag.py
[2025-02-18T05:08:05.642+0000] {processor.py:914} INFO - Processing file /opt/airflow/dags/my-first-dag.py for tasks to queue
[2025-02-18T05:08:05.646+0000] {logging_mixin.py:190} INFO - [2025-02-18T05:08:05.645+0000] {dagbag.py:588} INFO - Filling up the DagBag from /opt/airflow/dags/my-first-dag.py
[2025-02-18T05:08:05.663+0000] {processor.py:925} INFO - DAG(s) 'my_first_dag' retrieved from /opt/airflow/dags/my-first-dag.py
[2025-02-18T05:08:05.699+0000] {logging_mixin.py:190} INFO - [2025-02-18T05:08:05.699+0000] {dag.py:3239} INFO - Sync 1 DAGs
[2025-02-18T05:08:05.714+0000] {logging_mixin.py:190} INFO - [2025-02-18T05:08:05.713+0000] {dag.py:4180} INFO - Setting next_dagrun for my_first_dag to 2025-02-18 00:00:00+00:00, run_after=2025-02-19 00:00:00+00:00
[2025-02-18T05:08:05.722+0000] {processor.py:208} INFO - Processing /opt/airflow/dags/my-first-dag.py took 0.095 seconds
