[2025-02-18T04:31:36.331+0000] {local_task_job_runner.py:123} INFO - ::group::Pre task execution logs
[2025-02-18T04:31:36.343+0000] {taskinstance.py:2614} INFO - Dependencies all met for dep_context=non-requeueable deps ti=<TaskInstance: my_first_dag.hello_task scheduled__2024-05-26T00:00:00+00:00 [queued]>
[2025-02-18T04:31:36.348+0000] {taskinstance.py:2614} INFO - Dependencies all met for dep_context=requeueable deps ti=<TaskInstance: my_first_dag.hello_task scheduled__2024-05-26T00:00:00+00:00 [queued]>
[2025-02-18T04:31:36.349+0000] {taskinstance.py:2867} INFO - Starting attempt 1 of 2
[2025-02-18T04:31:36.360+0000] {taskinstance.py:2890} INFO - Executing <Task(PythonOperator): hello_task> on 2024-05-26 00:00:00+00:00
[2025-02-18T04:31:36.368+0000] {logging_mixin.py:190} WARNING - /home/***/.local/lib/python3.12/site-packages/***/task/task_runner/standard_task_runner.py:70 DeprecationWarning: This process (pid=540) is multi-threaded, use of fork() may lead to deadlocks in the child.
[2025-02-18T04:31:36.368+0000] {standard_task_runner.py:104} INFO - Running: ['***', 'tasks', 'run', 'my_first_dag', 'hello_task', 'scheduled__2024-05-26T00:00:00+00:00', '--job-id', '101', '--raw', '--subdir', 'DAGS_FOLDER/my-first-dag.py', '--cfg-path', '/tmp/tmpe3y65vl3']
[2025-02-18T04:31:36.370+0000] {standard_task_runner.py:72} INFO - Started process 548 to run task
[2025-02-18T04:31:36.371+0000] {standard_task_runner.py:105} INFO - Job 101: Subtask hello_task
[2025-02-18T04:31:36.397+0000] {logging_mixin.py:190} WARNING - /home/***/.local/lib/python3.12/site-packages/***/settings.py:209 DeprecationWarning: The sql_alchemy_conn option in [core] has been moved to the sql_alchemy_conn option in [database] - the old setting has been used, but please update your config.
[2025-02-18T04:31:36.443+0000] {task_command.py:467} INFO - Running <TaskInstance: my_first_dag.hello_task scheduled__2024-05-26T00:00:00+00:00 [running]> on host 3420485c558b
[2025-02-18T04:31:36.445+0000] {logging_mixin.py:190} WARNING - /home/***/.local/lib/python3.12/site-packages/***/settings.py:470 DeprecationWarning: The sql_alchemy_conn option in [core] has been moved to the sql_alchemy_conn option in [database] - the old setting has been used, but please update your config.
[2025-02-18T04:31:36.522+0000] {taskinstance.py:3134} INFO - Exporting env vars: AIRFLOW_CTX_DAG_OWNER='***' AIRFLOW_CTX_DAG_ID='my_first_dag' AIRFLOW_CTX_TASK_ID='hello_task' AIRFLOW_CTX_EXECUTION_DATE='2024-05-26T00:00:00+00:00' AIRFLOW_CTX_TRY_NUMBER='1' AIRFLOW_CTX_DAG_RUN_ID='scheduled__2024-05-26T00:00:00+00:00'
[2025-02-18T04:31:36.525+0000] {taskinstance.py:732} INFO - ::endgroup::
[2025-02-18T04:31:36.536+0000] {logging_mixin.py:190} INFO - Hello, Airflow!
[2025-02-18T04:31:36.542+0000] {python.py:240} INFO - Done. Returned value was: None
[2025-02-18T04:31:36.554+0000] {taskinstance.py:341} INFO - ::group::Post task execution logs
[2025-02-18T04:31:36.558+0000] {taskinstance.py:353} INFO - Marking task as SUCCESS. dag_id=my_first_dag, task_id=hello_task, run_id=scheduled__2024-05-26T00:00:00+00:00, execution_date=20240526T000000, start_date=20250218T043136, end_date=20250218T043136
[2025-02-18T04:31:36.600+0000] {local_task_job_runner.py:266} INFO - Task exited with return code 0
[2025-02-18T04:31:36.616+0000] {taskinstance.py:3901} INFO - 0 downstream tasks scheduled from follow-on schedule check
[2025-02-18T04:31:36.620+0000] {local_task_job_runner.py:245} INFO - ::endgroup::
[2025-02-18T16:34:33.146+0000] {local_task_job_runner.py:123} INFO - ::group::Pre task execution logs
[2025-02-18T16:34:33.170+0000] {taskinstance.py:2614} INFO - Dependencies all met for dep_context=non-requeueable deps ti=<TaskInstance: my_first_dag.hello_task scheduled__2024-05-26T00:00:00+00:00 [queued]>
[2025-02-18T16:34:33.177+0000] {taskinstance.py:2614} INFO - Dependencies all met for dep_context=requeueable deps ti=<TaskInstance: my_first_dag.hello_task scheduled__2024-05-26T00:00:00+00:00 [queued]>
[2025-02-18T16:34:33.178+0000] {taskinstance.py:2867} INFO - Starting attempt 1 of 2
[2025-02-18T16:34:33.202+0000] {taskinstance.py:2890} INFO - Executing <Task(PythonOperator): hello_task> on 2024-05-26 00:00:00+00:00
[2025-02-18T16:34:33.209+0000] {logging_mixin.py:190} WARNING - /home/***/.local/lib/python3.12/site-packages/***/task/task_runner/standard_task_runner.py:70 DeprecationWarning: This process (pid=1827) is multi-threaded, use of fork() may lead to deadlocks in the child.
[2025-02-18T16:34:33.210+0000] {standard_task_runner.py:72} INFO - Started process 1832 to run task
[2025-02-18T16:34:33.211+0000] {standard_task_runner.py:104} INFO - Running: ['***', 'tasks', 'run', 'my_first_dag', 'hello_task', 'scheduled__2024-05-26T00:00:00+00:00', '--job-id', '468', '--raw', '--subdir', 'DAGS_FOLDER/my-first-dag.py', '--cfg-path', '/tmp/tmpf9lkqc3e']
[2025-02-18T16:34:33.216+0000] {standard_task_runner.py:105} INFO - Job 468: Subtask hello_task
[2025-02-18T16:34:33.241+0000] {logging_mixin.py:190} WARNING - /home/***/.local/lib/python3.12/site-packages/***/settings.py:209 DeprecationWarning: The sql_alchemy_conn option in [core] has been moved to the sql_alchemy_conn option in [database] - the old setting has been used, but please update your config.
[2025-02-18T16:34:33.289+0000] {task_command.py:467} INFO - Running <TaskInstance: my_first_dag.hello_task scheduled__2024-05-26T00:00:00+00:00 [running]> on host 8720d9c228eb
[2025-02-18T16:34:33.293+0000] {logging_mixin.py:190} WARNING - /home/***/.local/lib/python3.12/site-packages/***/settings.py:470 DeprecationWarning: The sql_alchemy_conn option in [core] has been moved to the sql_alchemy_conn option in [database] - the old setting has been used, but please update your config.
[2025-02-18T16:34:33.523+0000] {taskinstance.py:3134} INFO - Exporting env vars: AIRFLOW_CTX_DAG_OWNER='***' AIRFLOW_CTX_DAG_ID='my_first_dag' AIRFLOW_CTX_TASK_ID='hello_task' AIRFLOW_CTX_EXECUTION_DATE='2024-05-26T00:00:00+00:00' AIRFLOW_CTX_TRY_NUMBER='1' AIRFLOW_CTX_DAG_RUN_ID='scheduled__2024-05-26T00:00:00+00:00'
[2025-02-18T16:34:33.533+0000] {taskinstance.py:732} INFO - ::endgroup::
[2025-02-18T16:34:33.553+0000] {logging_mixin.py:190} INFO - Hello, Airflow!
[2025-02-18T16:34:33.554+0000] {python.py:240} INFO - Done. Returned value was: None
[2025-02-18T16:34:33.577+0000] {taskinstance.py:341} INFO - ::group::Post task execution logs
[2025-02-18T16:34:33.577+0000] {taskinstance.py:353} INFO - Marking task as SUCCESS. dag_id=my_first_dag, task_id=hello_task, run_id=scheduled__2024-05-26T00:00:00+00:00, execution_date=20240526T000000, start_date=20250218T163433, end_date=20250218T163433
[2025-02-18T16:34:33.703+0000] {local_task_job_runner.py:266} INFO - Task exited with return code 0
[2025-02-18T16:34:33.747+0000] {local_task_job_runner.py:245} INFO - ::endgroup::
