[2025-02-18T04:30:54.297+0000] {local_task_job_runner.py:123} INFO - ::group::Pre task execution logs
[2025-02-18T04:30:54.363+0000] {taskinstance.py:2614} INFO - Dependencies all met for dep_context=non-requeueable deps ti=<TaskInstance: my_first_dag.hello_task scheduled__2024-02-22T00:00:00+00:00 [queued]>
[2025-02-18T04:30:54.522+0000] {taskinstance.py:2614} INFO - Dependencies all met for dep_context=requeueable deps ti=<TaskInstance: my_first_dag.hello_task scheduled__2024-02-22T00:00:00+00:00 [queued]>
[2025-02-18T04:30:54.527+0000] {taskinstance.py:2867} INFO - Starting attempt 1 of 2
[2025-02-18T04:30:54.573+0000] {taskinstance.py:2890} INFO - Executing <Task(PythonOperator): hello_task> on 2024-02-22 00:00:00+00:00
[2025-02-18T04:30:54.612+0000] {logging_mixin.py:190} WARNING - /home/***/.local/lib/python3.12/site-packages/***/task/task_runner/standard_task_runner.py:70 DeprecationWarning: This process (pid=250) is multi-threaded, use of fork() may lead to deadlocks in the child.
[2025-02-18T04:30:54.618+0000] {standard_task_runner.py:72} INFO - Started process 264 to run task
[2025-02-18T04:30:54.614+0000] {standard_task_runner.py:104} INFO - Running: ['***', 'tasks', 'run', 'my_first_dag', 'hello_task', 'scheduled__2024-02-22T00:00:00+00:00', '--job-id', '7', '--raw', '--subdir', 'DAGS_FOLDER/my-first-dag.py', '--cfg-path', '/tmp/tmptmeaywrr']
[2025-02-18T04:30:54.639+0000] {standard_task_runner.py:105} INFO - Job 7: Subtask hello_task
[2025-02-18T04:30:54.721+0000] {logging_mixin.py:190} WARNING - /home/***/.local/lib/python3.12/site-packages/***/settings.py:209 DeprecationWarning: The sql_alchemy_conn option in [core] has been moved to the sql_alchemy_conn option in [database] - the old setting has been used, but please update your config.
[2025-02-18T04:30:54.979+0000] {task_command.py:467} INFO - Running <TaskInstance: my_first_dag.hello_task scheduled__2024-02-22T00:00:00+00:00 [running]> on host 3420485c558b
[2025-02-18T04:30:54.981+0000] {logging_mixin.py:190} WARNING - /home/***/.local/lib/python3.12/site-packages/***/settings.py:470 DeprecationWarning: The sql_alchemy_conn option in [core] has been moved to the sql_alchemy_conn option in [database] - the old setting has been used, but please update your config.
[2025-02-18T04:30:55.346+0000] {taskinstance.py:3134} INFO - Exporting env vars: AIRFLOW_CTX_DAG_OWNER='***' AIRFLOW_CTX_DAG_ID='my_first_dag' AIRFLOW_CTX_TASK_ID='hello_task' AIRFLOW_CTX_EXECUTION_DATE='2024-02-22T00:00:00+00:00' AIRFLOW_CTX_TRY_NUMBER='1' AIRFLOW_CTX_DAG_RUN_ID='scheduled__2024-02-22T00:00:00+00:00'
[2025-02-18T04:30:55.349+0000] {taskinstance.py:732} INFO - ::endgroup::
[2025-02-18T04:30:55.455+0000] {logging_mixin.py:190} INFO - Hello, Airflow!
[2025-02-18T04:30:55.457+0000] {python.py:240} INFO - Done. Returned value was: None
[2025-02-18T04:30:55.494+0000] {taskinstance.py:341} INFO - ::group::Post task execution logs
[2025-02-18T04:30:55.506+0000] {taskinstance.py:353} INFO - Marking task as SUCCESS. dag_id=my_first_dag, task_id=hello_task, run_id=scheduled__2024-02-22T00:00:00+00:00, execution_date=20240222T000000, start_date=20250218T043054, end_date=20250218T043055
[2025-02-18T04:30:55.714+0000] {local_task_job_runner.py:266} INFO - Task exited with return code 0
[2025-02-18T04:30:55.895+0000] {local_task_job_runner.py:245} INFO - ::endgroup::
[2025-02-18T16:33:57.906+0000] {local_task_job_runner.py:123} INFO - ::group::Pre task execution logs
[2025-02-18T16:33:57.949+0000] {taskinstance.py:2614} INFO - Dependencies all met for dep_context=non-requeueable deps ti=<TaskInstance: my_first_dag.hello_task scheduled__2024-02-22T00:00:00+00:00 [queued]>
[2025-02-18T16:33:57.972+0000] {taskinstance.py:2614} INFO - Dependencies all met for dep_context=requeueable deps ti=<TaskInstance: my_first_dag.hello_task scheduled__2024-02-22T00:00:00+00:00 [queued]>
[2025-02-18T16:33:57.980+0000] {taskinstance.py:2867} INFO - Starting attempt 1 of 2
[2025-02-18T16:33:58.045+0000] {taskinstance.py:2890} INFO - Executing <Task(PythonOperator): hello_task> on 2024-02-22 00:00:00+00:00
[2025-02-18T16:33:58.068+0000] {logging_mixin.py:190} WARNING - /home/***/.local/lib/python3.12/site-packages/***/task/task_runner/standard_task_runner.py:70 DeprecationWarning: This process (pid=1532) is multi-threaded, use of fork() may lead to deadlocks in the child.
[2025-02-18T16:33:58.099+0000] {standard_task_runner.py:72} INFO - Started process 1540 to run task
[2025-02-18T16:33:58.062+0000] {standard_task_runner.py:104} INFO - Running: ['***', 'tasks', 'run', 'my_first_dag', 'hello_task', 'scheduled__2024-02-22T00:00:00+00:00', '--job-id', '376', '--raw', '--subdir', 'DAGS_FOLDER/my-first-dag.py', '--cfg-path', '/tmp/tmpn9xe2np3']
[2025-02-18T16:33:58.104+0000] {standard_task_runner.py:105} INFO - Job 376: Subtask hello_task
[2025-02-18T16:33:58.185+0000] {logging_mixin.py:190} WARNING - /home/***/.local/lib/python3.12/site-packages/***/settings.py:209 DeprecationWarning: The sql_alchemy_conn option in [core] has been moved to the sql_alchemy_conn option in [database] - the old setting has been used, but please update your config.
[2025-02-18T16:33:58.422+0000] {task_command.py:467} INFO - Running <TaskInstance: my_first_dag.hello_task scheduled__2024-02-22T00:00:00+00:00 [running]> on host 8720d9c228eb
[2025-02-18T16:33:58.438+0000] {logging_mixin.py:190} WARNING - /home/***/.local/lib/python3.12/site-packages/***/settings.py:470 DeprecationWarning: The sql_alchemy_conn option in [core] has been moved to the sql_alchemy_conn option in [database] - the old setting has been used, but please update your config.
[2025-02-18T16:33:58.991+0000] {taskinstance.py:3134} INFO - Exporting env vars: AIRFLOW_CTX_DAG_OWNER='***' AIRFLOW_CTX_DAG_ID='my_first_dag' AIRFLOW_CTX_TASK_ID='hello_task' AIRFLOW_CTX_EXECUTION_DATE='2024-02-22T00:00:00+00:00' AIRFLOW_CTX_TRY_NUMBER='1' AIRFLOW_CTX_DAG_RUN_ID='scheduled__2024-02-22T00:00:00+00:00'
[2025-02-18T16:33:58.998+0000] {taskinstance.py:732} INFO - ::endgroup::
[2025-02-18T16:33:59.065+0000] {logging_mixin.py:190} INFO - Hello, Airflow!
[2025-02-18T16:33:59.068+0000] {python.py:240} INFO - Done. Returned value was: None
[2025-02-18T16:33:59.161+0000] {taskinstance.py:341} INFO - ::group::Post task execution logs
[2025-02-18T16:33:59.166+0000] {taskinstance.py:353} INFO - Marking task as SUCCESS. dag_id=my_first_dag, task_id=hello_task, run_id=scheduled__2024-02-22T00:00:00+00:00, execution_date=20240222T000000, start_date=20250218T163357, end_date=20250218T163359
[2025-02-18T16:33:59.634+0000] {local_task_job_runner.py:266} INFO - Task exited with return code 0
[2025-02-18T16:33:59.734+0000] {local_task_job_runner.py:245} INFO - ::endgroup::
