[2025-02-18T04:31:38.918+0000] {local_task_job_runner.py:123} INFO - ::group::Pre task execution logs
[2025-02-18T04:31:38.927+0000] {taskinstance.py:2614} INFO - Dependencies all met for dep_context=non-requeueable deps ti=<TaskInstance: my_first_dag.hello_task scheduled__2024-06-09T00:00:00+00:00 [queued]>
[2025-02-18T04:31:38.931+0000] {taskinstance.py:2614} INFO - Dependencies all met for dep_context=requeueable deps ti=<TaskInstance: my_first_dag.hello_task scheduled__2024-06-09T00:00:00+00:00 [queued]>
[2025-02-18T04:31:38.932+0000] {taskinstance.py:2867} INFO - Starting attempt 1 of 2
[2025-02-18T04:31:38.938+0000] {taskinstance.py:2890} INFO - Executing <Task(PythonOperator): hello_task> on 2024-06-09 00:00:00+00:00
[2025-02-18T04:31:38.942+0000] {logging_mixin.py:190} WARNING - /home/***/.local/lib/python3.12/site-packages/***/task/task_runner/standard_task_runner.py:70 DeprecationWarning: This process (pid=585) is multi-threaded, use of fork() may lead to deadlocks in the child.
[2025-02-18T04:31:38.942+0000] {standard_task_runner.py:72} INFO - Started process 588 to run task
[2025-02-18T04:31:38.942+0000] {standard_task_runner.py:104} INFO - Running: ['***', 'tasks', 'run', 'my_first_dag', 'hello_task', 'scheduled__2024-06-09T00:00:00+00:00', '--job-id', '115', '--raw', '--subdir', 'DAGS_FOLDER/my-first-dag.py', '--cfg-path', '/tmp/tmp2h1yqbs6']
[2025-02-18T04:31:38.944+0000] {standard_task_runner.py:105} INFO - Job 115: Subtask hello_task
[2025-02-18T04:31:38.953+0000] {logging_mixin.py:190} WARNING - /home/***/.local/lib/python3.12/site-packages/***/settings.py:209 DeprecationWarning: The sql_alchemy_conn option in [core] has been moved to the sql_alchemy_conn option in [database] - the old setting has been used, but please update your config.
[2025-02-18T04:31:38.974+0000] {task_command.py:467} INFO - Running <TaskInstance: my_first_dag.hello_task scheduled__2024-06-09T00:00:00+00:00 [running]> on host 3420485c558b
[2025-02-18T04:31:38.975+0000] {logging_mixin.py:190} WARNING - /home/***/.local/lib/python3.12/site-packages/***/settings.py:470 DeprecationWarning: The sql_alchemy_conn option in [core] has been moved to the sql_alchemy_conn option in [database] - the old setting has been used, but please update your config.
[2025-02-18T04:31:39.010+0000] {taskinstance.py:3134} INFO - Exporting env vars: AIRFLOW_CTX_DAG_OWNER='***' AIRFLOW_CTX_DAG_ID='my_first_dag' AIRFLOW_CTX_TASK_ID='hello_task' AIRFLOW_CTX_EXECUTION_DATE='2024-06-09T00:00:00+00:00' AIRFLOW_CTX_TRY_NUMBER='1' AIRFLOW_CTX_DAG_RUN_ID='scheduled__2024-06-09T00:00:00+00:00'
[2025-02-18T04:31:39.011+0000] {taskinstance.py:732} INFO - ::endgroup::
[2025-02-18T04:31:39.017+0000] {logging_mixin.py:190} INFO - Hello, Airflow!
[2025-02-18T04:31:39.017+0000] {python.py:240} INFO - Done. Returned value was: None
[2025-02-18T04:31:39.022+0000] {taskinstance.py:341} INFO - ::group::Post task execution logs
[2025-02-18T04:31:39.022+0000] {taskinstance.py:353} INFO - Marking task as SUCCESS. dag_id=my_first_dag, task_id=hello_task, run_id=scheduled__2024-06-09T00:00:00+00:00, execution_date=20240609T000000, start_date=20250218T043138, end_date=20250218T043139
[2025-02-18T04:31:39.041+0000] {local_task_job_runner.py:266} INFO - Task exited with return code 0
[2025-02-18T04:31:39.048+0000] {taskinstance.py:3901} INFO - 0 downstream tasks scheduled from follow-on schedule check
[2025-02-18T04:31:39.049+0000] {local_task_job_runner.py:245} INFO - ::endgroup::
[2025-02-18T16:34:36.450+0000] {local_task_job_runner.py:123} INFO - ::group::Pre task execution logs
[2025-02-18T16:34:36.479+0000] {taskinstance.py:2614} INFO - Dependencies all met for dep_context=non-requeueable deps ti=<TaskInstance: my_first_dag.hello_task scheduled__2024-06-09T00:00:00+00:00 [queued]>
[2025-02-18T16:34:36.490+0000] {taskinstance.py:2614} INFO - Dependencies all met for dep_context=requeueable deps ti=<TaskInstance: my_first_dag.hello_task scheduled__2024-06-09T00:00:00+00:00 [queued]>
[2025-02-18T16:34:36.504+0000] {taskinstance.py:2867} INFO - Starting attempt 1 of 2
[2025-02-18T16:34:36.528+0000] {taskinstance.py:2890} INFO - Executing <Task(PythonOperator): hello_task> on 2024-06-09 00:00:00+00:00
[2025-02-18T16:34:36.542+0000] {logging_mixin.py:190} WARNING - /home/***/.local/lib/python3.12/site-packages/***/task/task_runner/standard_task_runner.py:70 DeprecationWarning: This process (pid=1863) is multi-threaded, use of fork() may lead to deadlocks in the child.
[2025-02-18T16:34:36.553+0000] {standard_task_runner.py:72} INFO - Started process 1875 to run task
[2025-02-18T16:34:36.542+0000] {standard_task_runner.py:104} INFO - Running: ['***', 'tasks', 'run', 'my_first_dag', 'hello_task', 'scheduled__2024-06-09T00:00:00+00:00', '--job-id', '483', '--raw', '--subdir', 'DAGS_FOLDER/my-first-dag.py', '--cfg-path', '/tmp/tmpea9qoasc']
[2025-02-18T16:34:36.558+0000] {standard_task_runner.py:105} INFO - Job 483: Subtask hello_task
[2025-02-18T16:34:36.586+0000] {logging_mixin.py:190} WARNING - /home/***/.local/lib/python3.12/site-packages/***/settings.py:209 DeprecationWarning: The sql_alchemy_conn option in [core] has been moved to the sql_alchemy_conn option in [database] - the old setting has been used, but please update your config.
[2025-02-18T16:34:36.688+0000] {task_command.py:467} INFO - Running <TaskInstance: my_first_dag.hello_task scheduled__2024-06-09T00:00:00+00:00 [running]> on host 8720d9c228eb
[2025-02-18T16:34:36.696+0000] {logging_mixin.py:190} WARNING - /home/***/.local/lib/python3.12/site-packages/***/settings.py:470 DeprecationWarning: The sql_alchemy_conn option in [core] has been moved to the sql_alchemy_conn option in [database] - the old setting has been used, but please update your config.
[2025-02-18T16:34:36.852+0000] {taskinstance.py:3134} INFO - Exporting env vars: AIRFLOW_CTX_DAG_OWNER='***' AIRFLOW_CTX_DAG_ID='my_first_dag' AIRFLOW_CTX_TASK_ID='hello_task' AIRFLOW_CTX_EXECUTION_DATE='2024-06-09T00:00:00+00:00' AIRFLOW_CTX_TRY_NUMBER='1' AIRFLOW_CTX_DAG_RUN_ID='scheduled__2024-06-09T00:00:00+00:00'
[2025-02-18T16:34:36.873+0000] {taskinstance.py:732} INFO - ::endgroup::
[2025-02-18T16:34:36.961+0000] {logging_mixin.py:190} INFO - Hello, Airflow!
[2025-02-18T16:34:36.964+0000] {python.py:240} INFO - Done. Returned value was: None
[2025-02-18T16:34:36.982+0000] {taskinstance.py:341} INFO - ::group::Post task execution logs
[2025-02-18T16:34:36.984+0000] {taskinstance.py:353} INFO - Marking task as SUCCESS. dag_id=my_first_dag, task_id=hello_task, run_id=scheduled__2024-06-09T00:00:00+00:00, execution_date=20240609T000000, start_date=20250218T163436, end_date=20250218T163436
[2025-02-18T16:34:37.052+0000] {local_task_job_runner.py:266} INFO - Task exited with return code 0
[2025-02-18T16:34:37.087+0000] {taskinstance.py:3901} INFO - 0 downstream tasks scheduled from follow-on schedule check
[2025-02-18T16:34:37.091+0000] {local_task_job_runner.py:245} INFO - ::endgroup::
