[2025-02-18T04:32:27.499+0000] {local_task_job_runner.py:123} INFO - ::group::Pre task execution logs
[2025-02-18T04:32:27.510+0000] {taskinstance.py:2614} INFO - Dependencies all met for dep_context=non-requeueable deps ti=<TaskInstance: my_first_dag.hello_task scheduled__2024-11-26T00:00:00+00:00 [queued]>
[2025-02-18T04:32:27.518+0000] {taskinstance.py:2614} INFO - Dependencies all met for dep_context=requeueable deps ti=<TaskInstance: my_first_dag.hello_task scheduled__2024-11-26T00:00:00+00:00 [queued]>
[2025-02-18T04:32:27.518+0000] {taskinstance.py:2867} INFO - Starting attempt 1 of 2
[2025-02-18T04:32:27.529+0000] {taskinstance.py:2890} INFO - Executing <Task(PythonOperator): hello_task> on 2024-11-26 00:00:00+00:00
[2025-02-18T04:32:27.535+0000] {logging_mixin.py:190} WARNING - /home/***/.local/lib/python3.12/site-packages/***/task/task_runner/standard_task_runner.py:70 DeprecationWarning: This process (pid=1107) is multi-threaded, use of fork() may lead to deadlocks in the child.
[2025-02-18T04:32:27.536+0000] {standard_task_runner.py:104} INFO - Running: ['***', 'tasks', 'run', 'my_first_dag', 'hello_task', 'scheduled__2024-11-26T00:00:00+00:00', '--job-id', '285', '--raw', '--subdir', 'DAGS_FOLDER/my-first-dag.py', '--cfg-path', '/tmp/tmpxzv23y7l']
[2025-02-18T04:32:27.538+0000] {standard_task_runner.py:72} INFO - Started process 1111 to run task
[2025-02-18T04:32:27.539+0000] {standard_task_runner.py:105} INFO - Job 285: Subtask hello_task
[2025-02-18T04:32:27.558+0000] {logging_mixin.py:190} WARNING - /home/***/.local/lib/python3.12/site-packages/***/settings.py:209 DeprecationWarning: The sql_alchemy_conn option in [core] has been moved to the sql_alchemy_conn option in [database] - the old setting has been used, but please update your config.
[2025-02-18T04:32:27.618+0000] {task_command.py:467} INFO - Running <TaskInstance: my_first_dag.hello_task scheduled__2024-11-26T00:00:00+00:00 [running]> on host 3420485c558b
[2025-02-18T04:32:27.620+0000] {logging_mixin.py:190} WARNING - /home/***/.local/lib/python3.12/site-packages/***/settings.py:470 DeprecationWarning: The sql_alchemy_conn option in [core] has been moved to the sql_alchemy_conn option in [database] - the old setting has been used, but please update your config.
[2025-02-18T04:32:27.739+0000] {taskinstance.py:3134} INFO - Exporting env vars: AIRFLOW_CTX_DAG_OWNER='***' AIRFLOW_CTX_DAG_ID='my_first_dag' AIRFLOW_CTX_TASK_ID='hello_task' AIRFLOW_CTX_EXECUTION_DATE='2024-11-26T00:00:00+00:00' AIRFLOW_CTX_TRY_NUMBER='1' AIRFLOW_CTX_DAG_RUN_ID='scheduled__2024-11-26T00:00:00+00:00'
[2025-02-18T04:32:27.742+0000] {taskinstance.py:732} INFO - ::endgroup::
[2025-02-18T04:32:27.767+0000] {logging_mixin.py:190} INFO - Hello, Airflow!
[2025-02-18T04:32:27.771+0000] {python.py:240} INFO - Done. Returned value was: None
[2025-02-18T04:32:27.789+0000] {taskinstance.py:341} INFO - ::group::Post task execution logs
[2025-02-18T04:32:27.792+0000] {taskinstance.py:353} INFO - Marking task as SUCCESS. dag_id=my_first_dag, task_id=hello_task, run_id=scheduled__2024-11-26T00:00:00+00:00, execution_date=20241126T000000, start_date=20250218T043227, end_date=20250218T043227
[2025-02-18T04:32:27.850+0000] {local_task_job_runner.py:266} INFO - Task exited with return code 0
[2025-02-18T04:32:27.885+0000] {local_task_job_runner.py:245} INFO - ::endgroup::
