[2025-02-18T04:31:34.588+0000] {local_task_job_runner.py:123} INFO - ::group::Pre task execution logs
[2025-02-18T04:31:34.613+0000] {taskinstance.py:2614} INFO - Dependencies all met for dep_context=non-requeueable deps ti=<TaskInstance: my_first_dag.hello_task scheduled__2024-05-15T00:00:00+00:00 [queued]>
[2025-02-18T04:31:34.622+0000] {taskinstance.py:2614} INFO - Dependencies all met for dep_context=requeueable deps ti=<TaskInstance: my_first_dag.hello_task scheduled__2024-05-15T00:00:00+00:00 [queued]>
[2025-02-18T04:31:34.623+0000] {taskinstance.py:2867} INFO - Starting attempt 1 of 2
[2025-02-18T04:31:34.638+0000] {taskinstance.py:2890} INFO - Executing <Task(PythonOperator): hello_task> on 2024-05-15 00:00:00+00:00
[2025-02-18T04:31:34.642+0000] {logging_mixin.py:190} WARNING - /home/***/.local/lib/python3.12/site-packages/***/task/task_runner/standard_task_runner.py:70 DeprecationWarning: This process (pid=508) is multi-threaded, use of fork() may lead to deadlocks in the child.
[2025-02-18T04:31:34.647+0000] {standard_task_runner.py:72} INFO - Started process 515 to run task
[2025-02-18T04:31:34.644+0000] {standard_task_runner.py:104} INFO - Running: ['***', 'tasks', 'run', 'my_first_dag', 'hello_task', 'scheduled__2024-05-15T00:00:00+00:00', '--job-id', '90', '--raw', '--subdir', 'DAGS_FOLDER/my-first-dag.py', '--cfg-path', '/tmp/tmp7iuajlsl']
[2025-02-18T04:31:34.648+0000] {standard_task_runner.py:105} INFO - Job 90: Subtask hello_task
[2025-02-18T04:31:34.663+0000] {logging_mixin.py:190} WARNING - /home/***/.local/lib/python3.12/site-packages/***/settings.py:209 DeprecationWarning: The sql_alchemy_conn option in [core] has been moved to the sql_alchemy_conn option in [database] - the old setting has been used, but please update your config.
[2025-02-18T04:31:34.690+0000] {task_command.py:467} INFO - Running <TaskInstance: my_first_dag.hello_task scheduled__2024-05-15T00:00:00+00:00 [running]> on host 3420485c558b
[2025-02-18T04:31:34.691+0000] {logging_mixin.py:190} WARNING - /home/***/.local/lib/python3.12/site-packages/***/settings.py:470 DeprecationWarning: The sql_alchemy_conn option in [core] has been moved to the sql_alchemy_conn option in [database] - the old setting has been used, but please update your config.
[2025-02-18T04:31:34.760+0000] {taskinstance.py:3134} INFO - Exporting env vars: AIRFLOW_CTX_DAG_OWNER='***' AIRFLOW_CTX_DAG_ID='my_first_dag' AIRFLOW_CTX_TASK_ID='hello_task' AIRFLOW_CTX_EXECUTION_DATE='2024-05-15T00:00:00+00:00' AIRFLOW_CTX_TRY_NUMBER='1' AIRFLOW_CTX_DAG_RUN_ID='scheduled__2024-05-15T00:00:00+00:00'
[2025-02-18T04:31:34.763+0000] {taskinstance.py:732} INFO - ::endgroup::
[2025-02-18T04:31:34.775+0000] {logging_mixin.py:190} INFO - Hello, Airflow!
[2025-02-18T04:31:34.776+0000] {python.py:240} INFO - Done. Returned value was: None
[2025-02-18T04:31:34.788+0000] {taskinstance.py:341} INFO - ::group::Post task execution logs
[2025-02-18T04:31:34.791+0000] {taskinstance.py:353} INFO - Marking task as SUCCESS. dag_id=my_first_dag, task_id=hello_task, run_id=scheduled__2024-05-15T00:00:00+00:00, execution_date=20240515T000000, start_date=20250218T043134, end_date=20250218T043134
[2025-02-18T04:31:34.835+0000] {local_task_job_runner.py:266} INFO - Task exited with return code 0
[2025-02-18T04:31:34.860+0000] {taskinstance.py:3901} INFO - 0 downstream tasks scheduled from follow-on schedule check
[2025-02-18T04:31:34.865+0000] {local_task_job_runner.py:245} INFO - ::endgroup::
[2025-02-18T16:34:30.180+0000] {local_task_job_runner.py:123} INFO - ::group::Pre task execution logs
[2025-02-18T16:34:30.199+0000] {taskinstance.py:2614} INFO - Dependencies all met for dep_context=non-requeueable deps ti=<TaskInstance: my_first_dag.hello_task scheduled__2024-05-15T00:00:00+00:00 [queued]>
[2025-02-18T16:34:30.213+0000] {taskinstance.py:2614} INFO - Dependencies all met for dep_context=requeueable deps ti=<TaskInstance: my_first_dag.hello_task scheduled__2024-05-15T00:00:00+00:00 [queued]>
[2025-02-18T16:34:30.214+0000] {taskinstance.py:2867} INFO - Starting attempt 1 of 2
[2025-02-18T16:34:30.248+0000] {taskinstance.py:2890} INFO - Executing <Task(PythonOperator): hello_task> on 2024-05-15 00:00:00+00:00
[2025-02-18T16:34:30.263+0000] {standard_task_runner.py:104} INFO - Running: ['***', 'tasks', 'run', 'my_first_dag', 'hello_task', 'scheduled__2024-05-15T00:00:00+00:00', '--job-id', '458', '--raw', '--subdir', 'DAGS_FOLDER/my-first-dag.py', '--cfg-path', '/tmp/tmpsif0z_7q']
[2025-02-18T16:34:30.267+0000] {standard_task_runner.py:105} INFO - Job 458: Subtask hello_task
[2025-02-18T16:34:30.264+0000] {logging_mixin.py:190} WARNING - /home/***/.local/lib/python3.12/site-packages/***/task/task_runner/standard_task_runner.py:70 DeprecationWarning: This process (pid=1796) is multi-threaded, use of fork() may lead to deadlocks in the child.
[2025-02-18T16:34:30.272+0000] {standard_task_runner.py:72} INFO - Started process 1802 to run task
[2025-02-18T16:34:30.296+0000] {logging_mixin.py:190} WARNING - /home/***/.local/lib/python3.12/site-packages/***/settings.py:209 DeprecationWarning: The sql_alchemy_conn option in [core] has been moved to the sql_alchemy_conn option in [database] - the old setting has been used, but please update your config.
[2025-02-18T16:34:30.350+0000] {task_command.py:467} INFO - Running <TaskInstance: my_first_dag.hello_task scheduled__2024-05-15T00:00:00+00:00 [running]> on host 8720d9c228eb
[2025-02-18T16:34:30.353+0000] {logging_mixin.py:190} WARNING - /home/***/.local/lib/python3.12/site-packages/***/settings.py:470 DeprecationWarning: The sql_alchemy_conn option in [core] has been moved to the sql_alchemy_conn option in [database] - the old setting has been used, but please update your config.
[2025-02-18T16:34:30.449+0000] {taskinstance.py:3134} INFO - Exporting env vars: AIRFLOW_CTX_DAG_OWNER='***' AIRFLOW_CTX_DAG_ID='my_first_dag' AIRFLOW_CTX_TASK_ID='hello_task' AIRFLOW_CTX_EXECUTION_DATE='2024-05-15T00:00:00+00:00' AIRFLOW_CTX_TRY_NUMBER='1' AIRFLOW_CTX_DAG_RUN_ID='scheduled__2024-05-15T00:00:00+00:00'
[2025-02-18T16:34:30.452+0000] {taskinstance.py:732} INFO - ::endgroup::
[2025-02-18T16:34:30.471+0000] {logging_mixin.py:190} INFO - Hello, Airflow!
[2025-02-18T16:34:30.471+0000] {python.py:240} INFO - Done. Returned value was: None
[2025-02-18T16:34:30.481+0000] {taskinstance.py:341} INFO - ::group::Post task execution logs
[2025-02-18T16:34:30.483+0000] {taskinstance.py:353} INFO - Marking task as SUCCESS. dag_id=my_first_dag, task_id=hello_task, run_id=scheduled__2024-05-15T00:00:00+00:00, execution_date=20240515T000000, start_date=20250218T163430, end_date=20250218T163430
[2025-02-18T16:34:30.553+0000] {local_task_job_runner.py:266} INFO - Task exited with return code 0
[2025-02-18T16:34:30.584+0000] {local_task_job_runner.py:245} INFO - ::endgroup::
