[2025-02-18T04:31:20.300+0000] {local_task_job_runner.py:123} INFO - ::group::Pre task execution logs
[2025-02-18T04:31:20.307+0000] {taskinstance.py:2614} INFO - Dependencies all met for dep_context=non-requeueable deps ti=<TaskInstance: my_first_dag.hello_task scheduled__2024-04-24T00:00:00+00:00 [queued]>
[2025-02-18T04:31:20.309+0000] {taskinstance.py:2614} INFO - Dependencies all met for dep_context=requeueable deps ti=<TaskInstance: my_first_dag.hello_task scheduled__2024-04-24T00:00:00+00:00 [queued]>
[2025-02-18T04:31:20.310+0000] {taskinstance.py:2867} INFO - Starting attempt 1 of 2
[2025-02-18T04:31:20.314+0000] {taskinstance.py:2890} INFO - Executing <Task(PythonOperator): hello_task> on 2024-04-24 00:00:00+00:00
[2025-02-18T04:31:20.317+0000] {logging_mixin.py:190} WARNING - /home/***/.local/lib/python3.12/site-packages/***/task/task_runner/standard_task_runner.py:70 DeprecationWarning: This process (pid=449) is multi-threaded, use of fork() may lead to deadlocks in the child.
[2025-02-18T04:31:20.318+0000] {standard_task_runner.py:72} INFO - Started process 450 to run task
[2025-02-18T04:31:20.317+0000] {standard_task_runner.py:104} INFO - Running: ['***', 'tasks', 'run', 'my_first_dag', 'hello_task', 'scheduled__2024-04-24T00:00:00+00:00', '--job-id', '69', '--raw', '--subdir', 'DAGS_FOLDER/my-first-dag.py', '--cfg-path', '/tmp/tmpn6gq4am5']
[2025-02-18T04:31:20.319+0000] {standard_task_runner.py:105} INFO - Job 69: Subtask hello_task
[2025-02-18T04:31:20.325+0000] {logging_mixin.py:190} WARNING - /home/***/.local/lib/python3.12/site-packages/***/settings.py:209 DeprecationWarning: The sql_alchemy_conn option in [core] has been moved to the sql_alchemy_conn option in [database] - the old setting has been used, but please update your config.
[2025-02-18T04:31:20.339+0000] {task_command.py:467} INFO - Running <TaskInstance: my_first_dag.hello_task scheduled__2024-04-24T00:00:00+00:00 [running]> on host 3420485c558b
[2025-02-18T04:31:20.340+0000] {logging_mixin.py:190} WARNING - /home/***/.local/lib/python3.12/site-packages/***/settings.py:470 DeprecationWarning: The sql_alchemy_conn option in [core] has been moved to the sql_alchemy_conn option in [database] - the old setting has been used, but please update your config.
[2025-02-18T04:31:20.372+0000] {taskinstance.py:3134} INFO - Exporting env vars: AIRFLOW_CTX_DAG_OWNER='***' AIRFLOW_CTX_DAG_ID='my_first_dag' AIRFLOW_CTX_TASK_ID='hello_task' AIRFLOW_CTX_EXECUTION_DATE='2024-04-24T00:00:00+00:00' AIRFLOW_CTX_TRY_NUMBER='1' AIRFLOW_CTX_DAG_RUN_ID='scheduled__2024-04-24T00:00:00+00:00'
[2025-02-18T04:31:20.372+0000] {taskinstance.py:732} INFO - ::endgroup::
[2025-02-18T04:31:20.378+0000] {logging_mixin.py:190} INFO - Hello, Airflow!
[2025-02-18T04:31:20.378+0000] {python.py:240} INFO - Done. Returned value was: None
[2025-02-18T04:31:20.382+0000] {taskinstance.py:341} INFO - ::group::Post task execution logs
[2025-02-18T04:31:20.382+0000] {taskinstance.py:353} INFO - Marking task as SUCCESS. dag_id=my_first_dag, task_id=hello_task, run_id=scheduled__2024-04-24T00:00:00+00:00, execution_date=20240424T000000, start_date=20250218T043120, end_date=20250218T043120
[2025-02-18T04:31:20.419+0000] {local_task_job_runner.py:266} INFO - Task exited with return code 0
[2025-02-18T04:31:20.426+0000] {taskinstance.py:3901} INFO - 0 downstream tasks scheduled from follow-on schedule check
[2025-02-18T04:31:20.427+0000] {local_task_job_runner.py:245} INFO - ::endgroup::
[2025-02-18T16:34:17.648+0000] {local_task_job_runner.py:123} INFO - ::group::Pre task execution logs
[2025-02-18T16:34:17.672+0000] {taskinstance.py:2614} INFO - Dependencies all met for dep_context=non-requeueable deps ti=<TaskInstance: my_first_dag.hello_task scheduled__2024-04-24T00:00:00+00:00 [queued]>
[2025-02-18T16:34:17.683+0000] {taskinstance.py:2614} INFO - Dependencies all met for dep_context=requeueable deps ti=<TaskInstance: my_first_dag.hello_task scheduled__2024-04-24T00:00:00+00:00 [queued]>
[2025-02-18T16:34:17.684+0000] {taskinstance.py:2867} INFO - Starting attempt 1 of 2
[2025-02-18T16:34:17.713+0000] {taskinstance.py:2890} INFO - Executing <Task(PythonOperator): hello_task> on 2024-04-24 00:00:00+00:00
[2025-02-18T16:34:17.721+0000] {logging_mixin.py:190} WARNING - /home/***/.local/lib/python3.12/site-packages/***/task/task_runner/standard_task_runner.py:70 DeprecationWarning: This process (pid=1729) is multi-threaded, use of fork() may lead to deadlocks in the child.
[2025-02-18T16:34:17.722+0000] {standard_task_runner.py:104} INFO - Running: ['***', 'tasks', 'run', 'my_first_dag', 'hello_task', 'scheduled__2024-04-24T00:00:00+00:00', '--job-id', '437', '--raw', '--subdir', 'DAGS_FOLDER/my-first-dag.py', '--cfg-path', '/tmp/tmp0hiakvpf']
[2025-02-18T16:34:17.779+0000] {standard_task_runner.py:72} INFO - Started process 1734 to run task
[2025-02-18T16:34:17.780+0000] {standard_task_runner.py:105} INFO - Job 437: Subtask hello_task
[2025-02-18T16:34:17.817+0000] {logging_mixin.py:190} WARNING - /home/***/.local/lib/python3.12/site-packages/***/settings.py:209 DeprecationWarning: The sql_alchemy_conn option in [core] has been moved to the sql_alchemy_conn option in [database] - the old setting has been used, but please update your config.
[2025-02-18T16:34:17.853+0000] {task_command.py:467} INFO - Running <TaskInstance: my_first_dag.hello_task scheduled__2024-04-24T00:00:00+00:00 [running]> on host 8720d9c228eb
[2025-02-18T16:34:17.856+0000] {logging_mixin.py:190} WARNING - /home/***/.local/lib/python3.12/site-packages/***/settings.py:470 DeprecationWarning: The sql_alchemy_conn option in [core] has been moved to the sql_alchemy_conn option in [database] - the old setting has been used, but please update your config.
[2025-02-18T16:34:17.939+0000] {taskinstance.py:3134} INFO - Exporting env vars: AIRFLOW_CTX_DAG_OWNER='***' AIRFLOW_CTX_DAG_ID='my_first_dag' AIRFLOW_CTX_TASK_ID='hello_task' AIRFLOW_CTX_EXECUTION_DATE='2024-04-24T00:00:00+00:00' AIRFLOW_CTX_TRY_NUMBER='1' AIRFLOW_CTX_DAG_RUN_ID='scheduled__2024-04-24T00:00:00+00:00'
[2025-02-18T16:34:17.940+0000] {taskinstance.py:732} INFO - ::endgroup::
[2025-02-18T16:34:17.951+0000] {logging_mixin.py:190} INFO - Hello, Airflow!
[2025-02-18T16:34:17.952+0000] {python.py:240} INFO - Done. Returned value was: None
[2025-02-18T16:34:17.964+0000] {taskinstance.py:341} INFO - ::group::Post task execution logs
[2025-02-18T16:34:17.965+0000] {taskinstance.py:353} INFO - Marking task as SUCCESS. dag_id=my_first_dag, task_id=hello_task, run_id=scheduled__2024-04-24T00:00:00+00:00, execution_date=20240424T000000, start_date=20250218T163417, end_date=20250218T163417
[2025-02-18T16:34:18.051+0000] {local_task_job_runner.py:266} INFO - Task exited with return code 0
[2025-02-18T16:34:18.073+0000] {taskinstance.py:3901} INFO - 0 downstream tasks scheduled from follow-on schedule check
[2025-02-18T16:34:18.074+0000] {local_task_job_runner.py:245} INFO - ::endgroup::
