[2025-02-18T04:30:54.108+0000] {local_task_job_runner.py:123} INFO - ::group::Pre task execution logs
[2025-02-18T04:30:54.170+0000] {taskinstance.py:2614} INFO - Dependencies all met for dep_context=non-requeueable deps ti=<TaskInstance: my_first_dag.hello_task scheduled__2024-02-20T00:00:00+00:00 [queued]>
[2025-02-18T04:30:54.186+0000] {taskinstance.py:2614} INFO - Dependencies all met for dep_context=requeueable deps ti=<TaskInstance: my_first_dag.hello_task scheduled__2024-02-20T00:00:00+00:00 [queued]>
[2025-02-18T04:30:54.187+0000] {taskinstance.py:2867} INFO - Starting attempt 1 of 2
[2025-02-18T04:30:54.229+0000] {taskinstance.py:2890} INFO - Executing <Task(PythonOperator): hello_task> on 2024-02-20 00:00:00+00:00
[2025-02-18T04:30:54.252+0000] {logging_mixin.py:190} WARNING - /home/***/.local/lib/python3.12/site-packages/***/task/task_runner/standard_task_runner.py:70 DeprecationWarning: This process (pid=248) is multi-threaded, use of fork() may lead to deadlocks in the child.
[2025-02-18T04:30:54.266+0000] {standard_task_runner.py:72} INFO - Started process 255 to run task
[2025-02-18T04:30:54.247+0000] {standard_task_runner.py:104} INFO - Running: ['***', 'tasks', 'run', 'my_first_dag', 'hello_task', 'scheduled__2024-02-20T00:00:00+00:00', '--job-id', '5', '--raw', '--subdir', 'DAGS_FOLDER/my-first-dag.py', '--cfg-path', '/tmp/tmpr1vdo66i']
[2025-02-18T04:30:54.274+0000] {standard_task_runner.py:105} INFO - Job 5: Subtask hello_task
[2025-02-18T04:30:54.367+0000] {logging_mixin.py:190} WARNING - /home/***/.local/lib/python3.12/site-packages/***/settings.py:209 DeprecationWarning: The sql_alchemy_conn option in [core] has been moved to the sql_alchemy_conn option in [database] - the old setting has been used, but please update your config.
[2025-02-18T04:30:54.672+0000] {task_command.py:467} INFO - Running <TaskInstance: my_first_dag.hello_task scheduled__2024-02-20T00:00:00+00:00 [running]> on host 3420485c558b
[2025-02-18T04:30:54.687+0000] {logging_mixin.py:190} WARNING - /home/***/.local/lib/python3.12/site-packages/***/settings.py:470 DeprecationWarning: The sql_alchemy_conn option in [core] has been moved to the sql_alchemy_conn option in [database] - the old setting has been used, but please update your config.
[2025-02-18T04:30:55.145+0000] {taskinstance.py:3134} INFO - Exporting env vars: AIRFLOW_CTX_DAG_OWNER='***' AIRFLOW_CTX_DAG_ID='my_first_dag' AIRFLOW_CTX_TASK_ID='hello_task' AIRFLOW_CTX_EXECUTION_DATE='2024-02-20T00:00:00+00:00' AIRFLOW_CTX_TRY_NUMBER='1' AIRFLOW_CTX_DAG_RUN_ID='scheduled__2024-02-20T00:00:00+00:00'
[2025-02-18T04:30:55.152+0000] {taskinstance.py:732} INFO - ::endgroup::
[2025-02-18T04:30:55.233+0000] {logging_mixin.py:190} INFO - Hello, Airflow!
[2025-02-18T04:30:55.235+0000] {python.py:240} INFO - Done. Returned value was: None
[2025-02-18T04:30:55.291+0000] {taskinstance.py:341} INFO - ::group::Post task execution logs
[2025-02-18T04:30:55.294+0000] {taskinstance.py:353} INFO - Marking task as SUCCESS. dag_id=my_first_dag, task_id=hello_task, run_id=scheduled__2024-02-20T00:00:00+00:00, execution_date=20240220T000000, start_date=20250218T043054, end_date=20250218T043055
[2025-02-18T04:30:55.562+0000] {local_task_job_runner.py:266} INFO - Task exited with return code 0
[2025-02-18T04:30:55.668+0000] {taskinstance.py:3901} INFO - 0 downstream tasks scheduled from follow-on schedule check
[2025-02-18T04:30:55.679+0000] {local_task_job_runner.py:245} INFO - ::endgroup::
[2025-02-18T16:33:57.913+0000] {local_task_job_runner.py:123} INFO - ::group::Pre task execution logs
[2025-02-18T16:33:57.948+0000] {taskinstance.py:2614} INFO - Dependencies all met for dep_context=non-requeueable deps ti=<TaskInstance: my_first_dag.hello_task scheduled__2024-02-20T00:00:00+00:00 [queued]>
[2025-02-18T16:33:57.995+0000] {taskinstance.py:2614} INFO - Dependencies all met for dep_context=requeueable deps ti=<TaskInstance: my_first_dag.hello_task scheduled__2024-02-20T00:00:00+00:00 [queued]>
[2025-02-18T16:33:57.997+0000] {taskinstance.py:2867} INFO - Starting attempt 1 of 2
[2025-02-18T16:33:58.039+0000] {taskinstance.py:2890} INFO - Executing <Task(PythonOperator): hello_task> on 2024-02-20 00:00:00+00:00
[2025-02-18T16:33:58.094+0000] {standard_task_runner.py:104} INFO - Running: ['***', 'tasks', 'run', 'my_first_dag', 'hello_task', 'scheduled__2024-02-20T00:00:00+00:00', '--job-id', '372', '--raw', '--subdir', 'DAGS_FOLDER/my-first-dag.py', '--cfg-path', '/tmp/tmpl3elyurj']
[2025-02-18T16:33:58.116+0000] {standard_task_runner.py:105} INFO - Job 372: Subtask hello_task
[2025-02-18T16:33:58.104+0000] {logging_mixin.py:190} WARNING - /home/***/.local/lib/python3.12/site-packages/***/task/task_runner/standard_task_runner.py:70 DeprecationWarning: This process (pid=1530) is multi-threaded, use of fork() may lead to deadlocks in the child.
[2025-02-18T16:33:58.121+0000] {standard_task_runner.py:72} INFO - Started process 1545 to run task
[2025-02-18T16:33:58.174+0000] {logging_mixin.py:190} WARNING - /home/***/.local/lib/python3.12/site-packages/***/settings.py:209 DeprecationWarning: The sql_alchemy_conn option in [core] has been moved to the sql_alchemy_conn option in [database] - the old setting has been used, but please update your config.
[2025-02-18T16:33:58.352+0000] {task_command.py:467} INFO - Running <TaskInstance: my_first_dag.hello_task scheduled__2024-02-20T00:00:00+00:00 [running]> on host 8720d9c228eb
[2025-02-18T16:33:58.364+0000] {logging_mixin.py:190} WARNING - /home/***/.local/lib/python3.12/site-packages/***/settings.py:470 DeprecationWarning: The sql_alchemy_conn option in [core] has been moved to the sql_alchemy_conn option in [database] - the old setting has been used, but please update your config.
[2025-02-18T16:33:58.948+0000] {taskinstance.py:3134} INFO - Exporting env vars: AIRFLOW_CTX_DAG_OWNER='***' AIRFLOW_CTX_DAG_ID='my_first_dag' AIRFLOW_CTX_TASK_ID='hello_task' AIRFLOW_CTX_EXECUTION_DATE='2024-02-20T00:00:00+00:00' AIRFLOW_CTX_TRY_NUMBER='1' AIRFLOW_CTX_DAG_RUN_ID='scheduled__2024-02-20T00:00:00+00:00'
[2025-02-18T16:33:58.957+0000] {taskinstance.py:732} INFO - ::endgroup::
[2025-02-18T16:33:59.068+0000] {logging_mixin.py:190} INFO - Hello, Airflow!
[2025-02-18T16:33:59.072+0000] {python.py:240} INFO - Done. Returned value was: None
[2025-02-18T16:33:59.121+0000] {taskinstance.py:341} INFO - ::group::Post task execution logs
[2025-02-18T16:33:59.126+0000] {taskinstance.py:353} INFO - Marking task as SUCCESS. dag_id=my_first_dag, task_id=hello_task, run_id=scheduled__2024-02-20T00:00:00+00:00, execution_date=20240220T000000, start_date=20250218T163357, end_date=20250218T163359
[2025-02-18T16:33:59.542+0000] {local_task_job_runner.py:266} INFO - Task exited with return code 0
[2025-02-18T16:33:59.688+0000] {local_task_job_runner.py:245} INFO - ::endgroup::
