[2025-02-18T04:32:47.829+0000] {local_task_job_runner.py:123} INFO - ::group::Pre task execution logs
[2025-02-18T04:32:47.845+0000] {taskinstance.py:2614} INFO - Dependencies all met for dep_context=non-requeueable deps ti=<TaskInstance: my_first_dag.hello_task scheduled__2025-01-26T00:00:00+00:00 [queued]>
[2025-02-18T04:32:47.850+0000] {taskinstance.py:2614} INFO - Dependencies all met for dep_context=requeueable deps ti=<TaskInstance: my_first_dag.hello_task scheduled__2025-01-26T00:00:00+00:00 [queued]>
[2025-02-18T04:32:47.851+0000] {taskinstance.py:2867} INFO - Starting attempt 1 of 2
[2025-02-18T04:32:47.870+0000] {taskinstance.py:2890} INFO - Executing <Task(PythonOperator): hello_task> on 2025-01-26 00:00:00+00:00
[2025-02-18T04:32:47.876+0000] {logging_mixin.py:190} WARNING - /home/***/.local/lib/python3.12/site-packages/***/task/task_runner/standard_task_runner.py:70 DeprecationWarning: This process (pid=1289) is multi-threaded, use of fork() may lead to deadlocks in the child.
[2025-02-18T04:32:47.879+0000] {standard_task_runner.py:72} INFO - Started process 1299 to run task
[2025-02-18T04:32:47.879+0000] {standard_task_runner.py:104} INFO - Running: ['***', 'tasks', 'run', 'my_first_dag', 'hello_task', 'scheduled__2025-01-26T00:00:00+00:00', '--job-id', '346', '--raw', '--subdir', 'DAGS_FOLDER/my-first-dag.py', '--cfg-path', '/tmp/tmpor3bdrqr']
[2025-02-18T04:32:47.882+0000] {standard_task_runner.py:105} INFO - Job 346: Subtask hello_task
[2025-02-18T04:32:47.904+0000] {logging_mixin.py:190} WARNING - /home/***/.local/lib/python3.12/site-packages/***/settings.py:209 DeprecationWarning: The sql_alchemy_conn option in [core] has been moved to the sql_alchemy_conn option in [database] - the old setting has been used, but please update your config.
[2025-02-18T04:32:47.943+0000] {task_command.py:467} INFO - Running <TaskInstance: my_first_dag.hello_task scheduled__2025-01-26T00:00:00+00:00 [running]> on host 3420485c558b
[2025-02-18T04:32:47.944+0000] {logging_mixin.py:190} WARNING - /home/***/.local/lib/python3.12/site-packages/***/settings.py:470 DeprecationWarning: The sql_alchemy_conn option in [core] has been moved to the sql_alchemy_conn option in [database] - the old setting has been used, but please update your config.
[2025-02-18T04:32:48.054+0000] {taskinstance.py:3134} INFO - Exporting env vars: AIRFLOW_CTX_DAG_OWNER='***' AIRFLOW_CTX_DAG_ID='my_first_dag' AIRFLOW_CTX_TASK_ID='hello_task' AIRFLOW_CTX_EXECUTION_DATE='2025-01-26T00:00:00+00:00' AIRFLOW_CTX_TRY_NUMBER='1' AIRFLOW_CTX_DAG_RUN_ID='scheduled__2025-01-26T00:00:00+00:00'
[2025-02-18T04:32:48.055+0000] {taskinstance.py:732} INFO - ::endgroup::
[2025-02-18T04:32:48.066+0000] {logging_mixin.py:190} INFO - Hello, Airflow!
[2025-02-18T04:32:48.068+0000] {python.py:240} INFO - Done. Returned value was: None
[2025-02-18T04:32:48.079+0000] {taskinstance.py:341} INFO - ::group::Post task execution logs
[2025-02-18T04:32:48.080+0000] {taskinstance.py:353} INFO - Marking task as SUCCESS. dag_id=my_first_dag, task_id=hello_task, run_id=scheduled__2025-01-26T00:00:00+00:00, execution_date=20250126T000000, start_date=20250218T043247, end_date=20250218T043248
[2025-02-18T04:32:48.145+0000] {local_task_job_runner.py:266} INFO - Task exited with return code 0
[2025-02-18T04:32:48.159+0000] {local_task_job_runner.py:245} INFO - ::endgroup::
