[2025-02-18T04:31:30.819+0000] {local_task_job_runner.py:123} INFO - ::group::Pre task execution logs
[2025-02-18T04:31:30.840+0000] {taskinstance.py:2614} INFO - Dependencies all met for dep_context=non-requeueable deps ti=<TaskInstance: my_first_dag.hello_task scheduled__2024-05-10T00:00:00+00:00 [queued]>
[2025-02-18T04:31:30.848+0000] {taskinstance.py:2614} INFO - Dependencies all met for dep_context=requeueable deps ti=<TaskInstance: my_first_dag.hello_task scheduled__2024-05-10T00:00:00+00:00 [queued]>
[2025-02-18T04:31:30.849+0000] {taskinstance.py:2867} INFO - Starting attempt 1 of 2
[2025-02-18T04:31:30.875+0000] {taskinstance.py:2890} INFO - Executing <Task(PythonOperator): hello_task> on 2024-05-10 00:00:00+00:00
[2025-02-18T04:31:30.880+0000] {logging_mixin.py:190} WARNING - /home/***/.local/lib/python3.12/site-packages/***/task/task_runner/standard_task_runner.py:70 DeprecationWarning: This process (pid=491) is multi-threaded, use of fork() may lead to deadlocks in the child.
[2025-02-18T04:31:30.881+0000] {standard_task_runner.py:72} INFO - Started process 500 to run task
[2025-02-18T04:31:30.881+0000] {standard_task_runner.py:104} INFO - Running: ['***', 'tasks', 'run', 'my_first_dag', 'hello_task', 'scheduled__2024-05-10T00:00:00+00:00', '--job-id', '85', '--raw', '--subdir', 'DAGS_FOLDER/my-first-dag.py', '--cfg-path', '/tmp/tmpne3xw8yu']
[2025-02-18T04:31:30.883+0000] {standard_task_runner.py:105} INFO - Job 85: Subtask hello_task
[2025-02-18T04:31:30.895+0000] {logging_mixin.py:190} WARNING - /home/***/.local/lib/python3.12/site-packages/***/settings.py:209 DeprecationWarning: The sql_alchemy_conn option in [core] has been moved to the sql_alchemy_conn option in [database] - the old setting has been used, but please update your config.
[2025-02-18T04:31:30.920+0000] {task_command.py:467} INFO - Running <TaskInstance: my_first_dag.hello_task scheduled__2024-05-10T00:00:00+00:00 [running]> on host 3420485c558b
[2025-02-18T04:31:30.921+0000] {logging_mixin.py:190} WARNING - /home/***/.local/lib/python3.12/site-packages/***/settings.py:470 DeprecationWarning: The sql_alchemy_conn option in [core] has been moved to the sql_alchemy_conn option in [database] - the old setting has been used, but please update your config.
[2025-02-18T04:31:30.976+0000] {taskinstance.py:3134} INFO - Exporting env vars: AIRFLOW_CTX_DAG_OWNER='***' AIRFLOW_CTX_DAG_ID='my_first_dag' AIRFLOW_CTX_TASK_ID='hello_task' AIRFLOW_CTX_EXECUTION_DATE='2024-05-10T00:00:00+00:00' AIRFLOW_CTX_TRY_NUMBER='1' AIRFLOW_CTX_DAG_RUN_ID='scheduled__2024-05-10T00:00:00+00:00'
[2025-02-18T04:31:30.977+0000] {taskinstance.py:732} INFO - ::endgroup::
[2025-02-18T04:31:30.984+0000] {logging_mixin.py:190} INFO - Hello, Airflow!
[2025-02-18T04:31:30.985+0000] {python.py:240} INFO - Done. Returned value was: None
[2025-02-18T04:31:30.992+0000] {taskinstance.py:341} INFO - ::group::Post task execution logs
[2025-02-18T04:31:30.993+0000] {taskinstance.py:353} INFO - Marking task as SUCCESS. dag_id=my_first_dag, task_id=hello_task, run_id=scheduled__2024-05-10T00:00:00+00:00, execution_date=20240510T000000, start_date=20250218T043130, end_date=20250218T043130
[2025-02-18T04:31:31.025+0000] {local_task_job_runner.py:266} INFO - Task exited with return code 0
[2025-02-18T04:31:31.035+0000] {taskinstance.py:3901} INFO - 0 downstream tasks scheduled from follow-on schedule check
[2025-02-18T04:31:31.036+0000] {local_task_job_runner.py:245} INFO - ::endgroup::
[2025-02-18T16:34:27.386+0000] {local_task_job_runner.py:123} INFO - ::group::Pre task execution logs
[2025-02-18T16:34:27.429+0000] {taskinstance.py:2614} INFO - Dependencies all met for dep_context=non-requeueable deps ti=<TaskInstance: my_first_dag.hello_task scheduled__2024-05-10T00:00:00+00:00 [queued]>
[2025-02-18T16:34:27.442+0000] {taskinstance.py:2614} INFO - Dependencies all met for dep_context=requeueable deps ti=<TaskInstance: my_first_dag.hello_task scheduled__2024-05-10T00:00:00+00:00 [queued]>
[2025-02-18T16:34:27.445+0000] {taskinstance.py:2867} INFO - Starting attempt 1 of 2
[2025-02-18T16:34:27.490+0000] {taskinstance.py:2890} INFO - Executing <Task(PythonOperator): hello_task> on 2024-05-10 00:00:00+00:00
[2025-02-18T16:34:27.513+0000] {standard_task_runner.py:104} INFO - Running: ['***', 'tasks', 'run', 'my_first_dag', 'hello_task', 'scheduled__2024-05-10T00:00:00+00:00', '--job-id', '453', '--raw', '--subdir', 'DAGS_FOLDER/my-first-dag.py', '--cfg-path', '/tmp/tmpe360j79s']
[2025-02-18T16:34:27.516+0000] {standard_task_runner.py:105} INFO - Job 453: Subtask hello_task
[2025-02-18T16:34:27.514+0000] {logging_mixin.py:190} WARNING - /home/***/.local/lib/python3.12/site-packages/***/task/task_runner/standard_task_runner.py:70 DeprecationWarning: This process (pid=1773) is multi-threaded, use of fork() may lead to deadlocks in the child.
[2025-02-18T16:34:27.523+0000] {standard_task_runner.py:72} INFO - Started process 1784 to run task
[2025-02-18T16:34:27.547+0000] {logging_mixin.py:190} WARNING - /home/***/.local/lib/python3.12/site-packages/***/settings.py:209 DeprecationWarning: The sql_alchemy_conn option in [core] has been moved to the sql_alchemy_conn option in [database] - the old setting has been used, but please update your config.
[2025-02-18T16:34:27.597+0000] {task_command.py:467} INFO - Running <TaskInstance: my_first_dag.hello_task scheduled__2024-05-10T00:00:00+00:00 [running]> on host 8720d9c228eb
[2025-02-18T16:34:27.600+0000] {logging_mixin.py:190} WARNING - /home/***/.local/lib/python3.12/site-packages/***/settings.py:470 DeprecationWarning: The sql_alchemy_conn option in [core] has been moved to the sql_alchemy_conn option in [database] - the old setting has been used, but please update your config.
[2025-02-18T16:34:27.693+0000] {taskinstance.py:3134} INFO - Exporting env vars: AIRFLOW_CTX_DAG_OWNER='***' AIRFLOW_CTX_DAG_ID='my_first_dag' AIRFLOW_CTX_TASK_ID='hello_task' AIRFLOW_CTX_EXECUTION_DATE='2024-05-10T00:00:00+00:00' AIRFLOW_CTX_TRY_NUMBER='1' AIRFLOW_CTX_DAG_RUN_ID='scheduled__2024-05-10T00:00:00+00:00'
[2025-02-18T16:34:27.707+0000] {taskinstance.py:732} INFO - ::endgroup::
[2025-02-18T16:34:27.729+0000] {logging_mixin.py:190} INFO - Hello, Airflow!
[2025-02-18T16:34:27.730+0000] {python.py:240} INFO - Done. Returned value was: None
[2025-02-18T16:34:27.755+0000] {taskinstance.py:341} INFO - ::group::Post task execution logs
[2025-02-18T16:34:27.756+0000] {taskinstance.py:353} INFO - Marking task as SUCCESS. dag_id=my_first_dag, task_id=hello_task, run_id=scheduled__2024-05-10T00:00:00+00:00, execution_date=20240510T000000, start_date=20250218T163427, end_date=20250218T163427
[2025-02-18T16:34:27.803+0000] {local_task_job_runner.py:266} INFO - Task exited with return code 0
[2025-02-18T16:34:27.819+0000] {taskinstance.py:3901} INFO - 0 downstream tasks scheduled from follow-on schedule check
[2025-02-18T16:34:27.820+0000] {local_task_job_runner.py:245} INFO - ::endgroup::
