[2025-02-18T04:31:03.379+0000] {local_task_job_runner.py:123} INFO - ::group::Pre task execution logs
[2025-02-18T04:31:03.406+0000] {taskinstance.py:2614} INFO - Dependencies all met for dep_context=non-requeueable deps ti=<TaskInstance: my_first_dag.hello_task scheduled__2024-03-15T00:00:00+00:00 [queued]>
[2025-02-18T04:31:03.419+0000] {taskinstance.py:2614} INFO - Dependencies all met for dep_context=requeueable deps ti=<TaskInstance: my_first_dag.hello_task scheduled__2024-03-15T00:00:00+00:00 [queued]>
[2025-02-18T04:31:03.420+0000] {taskinstance.py:2867} INFO - Starting attempt 1 of 2
[2025-02-18T04:31:03.430+0000] {taskinstance.py:2890} INFO - Executing <Task(PythonOperator): hello_task> on 2024-03-15 00:00:00+00:00
[2025-02-18T04:31:03.442+0000] {logging_mixin.py:190} WARNING - /home/***/.local/lib/python3.12/site-packages/***/task/task_runner/standard_task_runner.py:70 DeprecationWarning: This process (pid=324) is multi-threaded, use of fork() may lead to deadlocks in the child.
[2025-02-18T04:31:03.444+0000] {standard_task_runner.py:72} INFO - Started process 331 to run task
[2025-02-18T04:31:03.444+0000] {standard_task_runner.py:104} INFO - Running: ['***', 'tasks', 'run', 'my_first_dag', 'hello_task', 'scheduled__2024-03-15T00:00:00+00:00', '--job-id', '31', '--raw', '--subdir', 'DAGS_FOLDER/my-first-dag.py', '--cfg-path', '/tmp/tmpc40x4s8z']
[2025-02-18T04:31:03.448+0000] {standard_task_runner.py:105} INFO - Job 31: Subtask hello_task
[2025-02-18T04:31:03.481+0000] {logging_mixin.py:190} WARNING - /home/***/.local/lib/python3.12/site-packages/***/settings.py:209 DeprecationWarning: The sql_alchemy_conn option in [core] has been moved to the sql_alchemy_conn option in [database] - the old setting has been used, but please update your config.
[2025-02-18T04:31:03.530+0000] {task_command.py:467} INFO - Running <TaskInstance: my_first_dag.hello_task scheduled__2024-03-15T00:00:00+00:00 [running]> on host 3420485c558b
[2025-02-18T04:31:03.532+0000] {logging_mixin.py:190} WARNING - /home/***/.local/lib/python3.12/site-packages/***/settings.py:470 DeprecationWarning: The sql_alchemy_conn option in [core] has been moved to the sql_alchemy_conn option in [database] - the old setting has been used, but please update your config.
[2025-02-18T04:31:03.662+0000] {taskinstance.py:3134} INFO - Exporting env vars: AIRFLOW_CTX_DAG_OWNER='***' AIRFLOW_CTX_DAG_ID='my_first_dag' AIRFLOW_CTX_TASK_ID='hello_task' AIRFLOW_CTX_EXECUTION_DATE='2024-03-15T00:00:00+00:00' AIRFLOW_CTX_TRY_NUMBER='1' AIRFLOW_CTX_DAG_RUN_ID='scheduled__2024-03-15T00:00:00+00:00'
[2025-02-18T04:31:03.671+0000] {taskinstance.py:732} INFO - ::endgroup::
[2025-02-18T04:31:03.688+0000] {logging_mixin.py:190} INFO - Hello, Airflow!
[2025-02-18T04:31:03.692+0000] {python.py:240} INFO - Done. Returned value was: None
[2025-02-18T04:31:03.708+0000] {taskinstance.py:341} INFO - ::group::Post task execution logs
[2025-02-18T04:31:03.710+0000] {taskinstance.py:353} INFO - Marking task as SUCCESS. dag_id=my_first_dag, task_id=hello_task, run_id=scheduled__2024-03-15T00:00:00+00:00, execution_date=20240315T000000, start_date=20250218T043103, end_date=20250218T043103
[2025-02-18T04:31:03.798+0000] {local_task_job_runner.py:266} INFO - Task exited with return code 0
[2025-02-18T04:31:03.831+0000] {taskinstance.py:3901} INFO - 0 downstream tasks scheduled from follow-on schedule check
[2025-02-18T04:31:03.838+0000] {local_task_job_runner.py:245} INFO - ::endgroup::
[2025-02-18T16:34:05.643+0000] {local_task_job_runner.py:123} INFO - ::group::Pre task execution logs
[2025-02-18T16:34:05.660+0000] {taskinstance.py:2614} INFO - Dependencies all met for dep_context=non-requeueable deps ti=<TaskInstance: my_first_dag.hello_task scheduled__2024-03-15T00:00:00+00:00 [queued]>
[2025-02-18T16:34:05.666+0000] {taskinstance.py:2614} INFO - Dependencies all met for dep_context=requeueable deps ti=<TaskInstance: my_first_dag.hello_task scheduled__2024-03-15T00:00:00+00:00 [queued]>
[2025-02-18T16:34:05.667+0000] {taskinstance.py:2867} INFO - Starting attempt 1 of 2
[2025-02-18T16:34:05.686+0000] {taskinstance.py:2890} INFO - Executing <Task(PythonOperator): hello_task> on 2024-03-15 00:00:00+00:00
[2025-02-18T16:34:05.696+0000] {logging_mixin.py:190} WARNING - /home/***/.local/lib/python3.12/site-packages/***/task/task_runner/standard_task_runner.py:70 DeprecationWarning: This process (pid=1608) is multi-threaded, use of fork() may lead to deadlocks in the child.
[2025-02-18T16:34:05.698+0000] {standard_task_runner.py:72} INFO - Started process 1613 to run task
[2025-02-18T16:34:05.697+0000] {standard_task_runner.py:104} INFO - Running: ['***', 'tasks', 'run', 'my_first_dag', 'hello_task', 'scheduled__2024-03-15T00:00:00+00:00', '--job-id', '397', '--raw', '--subdir', 'DAGS_FOLDER/my-first-dag.py', '--cfg-path', '/tmp/tmpk0gbe70b']
[2025-02-18T16:34:05.706+0000] {standard_task_runner.py:105} INFO - Job 397: Subtask hello_task
[2025-02-18T16:34:05.730+0000] {logging_mixin.py:190} WARNING - /home/***/.local/lib/python3.12/site-packages/***/settings.py:209 DeprecationWarning: The sql_alchemy_conn option in [core] has been moved to the sql_alchemy_conn option in [database] - the old setting has been used, but please update your config.
[2025-02-18T16:34:05.796+0000] {task_command.py:467} INFO - Running <TaskInstance: my_first_dag.hello_task scheduled__2024-03-15T00:00:00+00:00 [running]> on host 8720d9c228eb
[2025-02-18T16:34:05.797+0000] {logging_mixin.py:190} WARNING - /home/***/.local/lib/python3.12/site-packages/***/settings.py:470 DeprecationWarning: The sql_alchemy_conn option in [core] has been moved to the sql_alchemy_conn option in [database] - the old setting has been used, but please update your config.
[2025-02-18T16:34:05.948+0000] {taskinstance.py:3134} INFO - Exporting env vars: AIRFLOW_CTX_DAG_OWNER='***' AIRFLOW_CTX_DAG_ID='my_first_dag' AIRFLOW_CTX_TASK_ID='hello_task' AIRFLOW_CTX_EXECUTION_DATE='2024-03-15T00:00:00+00:00' AIRFLOW_CTX_TRY_NUMBER='1' AIRFLOW_CTX_DAG_RUN_ID='scheduled__2024-03-15T00:00:00+00:00'
[2025-02-18T16:34:05.950+0000] {taskinstance.py:732} INFO - ::endgroup::
[2025-02-18T16:34:05.966+0000] {logging_mixin.py:190} INFO - Hello, Airflow!
[2025-02-18T16:34:05.984+0000] {python.py:240} INFO - Done. Returned value was: None
[2025-02-18T16:34:06.025+0000] {taskinstance.py:341} INFO - ::group::Post task execution logs
[2025-02-18T16:34:06.026+0000] {taskinstance.py:353} INFO - Marking task as SUCCESS. dag_id=my_first_dag, task_id=hello_task, run_id=scheduled__2024-03-15T00:00:00+00:00, execution_date=20240315T000000, start_date=20250218T163405, end_date=20250218T163406
[2025-02-18T16:34:06.111+0000] {local_task_job_runner.py:266} INFO - Task exited with return code 0
[2025-02-18T16:34:06.138+0000] {local_task_job_runner.py:245} INFO - ::endgroup::
