[2025-02-18T04:31:16.671+0000] {local_task_job_runner.py:123} INFO - ::group::Pre task execution logs
[2025-02-18T04:31:16.683+0000] {taskinstance.py:2614} INFO - Dependencies all met for dep_context=non-requeueable deps ti=<TaskInstance: my_first_dag.hello_task scheduled__2024-04-20T00:00:00+00:00 [queued]>
[2025-02-18T04:31:16.691+0000] {taskinstance.py:2614} INFO - Dependencies all met for dep_context=requeueable deps ti=<TaskInstance: my_first_dag.hello_task scheduled__2024-04-20T00:00:00+00:00 [queued]>
[2025-02-18T04:31:16.692+0000] {taskinstance.py:2867} INFO - Starting attempt 1 of 2
[2025-02-18T04:31:16.709+0000] {taskinstance.py:2890} INFO - Executing <Task(PythonOperator): hello_task> on 2024-04-20 00:00:00+00:00
[2025-02-18T04:31:16.721+0000] {logging_mixin.py:190} WARNING - /home/***/.local/lib/python3.12/site-packages/***/task/task_runner/standard_task_runner.py:70 DeprecationWarning: This process (pid=437) is multi-threaded, use of fork() may lead to deadlocks in the child.
[2025-02-18T04:31:16.725+0000] {standard_task_runner.py:72} INFO - Started process 438 to run task
[2025-02-18T04:31:16.720+0000] {standard_task_runner.py:104} INFO - Running: ['***', 'tasks', 'run', 'my_first_dag', 'hello_task', 'scheduled__2024-04-20T00:00:00+00:00', '--job-id', '65', '--raw', '--subdir', 'DAGS_FOLDER/my-first-dag.py', '--cfg-path', '/tmp/tmpsmfrwz53']
[2025-02-18T04:31:16.725+0000] {standard_task_runner.py:105} INFO - Job 65: Subtask hello_task
[2025-02-18T04:31:16.745+0000] {logging_mixin.py:190} WARNING - /home/***/.local/lib/python3.12/site-packages/***/settings.py:209 DeprecationWarning: The sql_alchemy_conn option in [core] has been moved to the sql_alchemy_conn option in [database] - the old setting has been used, but please update your config.
[2025-02-18T04:31:16.778+0000] {task_command.py:467} INFO - Running <TaskInstance: my_first_dag.hello_task scheduled__2024-04-20T00:00:00+00:00 [running]> on host 3420485c558b
[2025-02-18T04:31:16.779+0000] {logging_mixin.py:190} WARNING - /home/***/.local/lib/python3.12/site-packages/***/settings.py:470 DeprecationWarning: The sql_alchemy_conn option in [core] has been moved to the sql_alchemy_conn option in [database] - the old setting has been used, but please update your config.
[2025-02-18T04:31:16.830+0000] {taskinstance.py:3134} INFO - Exporting env vars: AIRFLOW_CTX_DAG_OWNER='***' AIRFLOW_CTX_DAG_ID='my_first_dag' AIRFLOW_CTX_TASK_ID='hello_task' AIRFLOW_CTX_EXECUTION_DATE='2024-04-20T00:00:00+00:00' AIRFLOW_CTX_TRY_NUMBER='1' AIRFLOW_CTX_DAG_RUN_ID='scheduled__2024-04-20T00:00:00+00:00'
[2025-02-18T04:31:16.831+0000] {taskinstance.py:732} INFO - ::endgroup::
[2025-02-18T04:31:16.843+0000] {logging_mixin.py:190} INFO - Hello, Airflow!
[2025-02-18T04:31:16.843+0000] {python.py:240} INFO - Done. Returned value was: None
[2025-02-18T04:31:16.849+0000] {taskinstance.py:341} INFO - ::group::Post task execution logs
[2025-02-18T04:31:16.849+0000] {taskinstance.py:353} INFO - Marking task as SUCCESS. dag_id=my_first_dag, task_id=hello_task, run_id=scheduled__2024-04-20T00:00:00+00:00, execution_date=20240420T000000, start_date=20250218T043116, end_date=20250218T043116
[2025-02-18T04:31:16.867+0000] {local_task_job_runner.py:266} INFO - Task exited with return code 0
[2025-02-18T04:31:16.884+0000] {taskinstance.py:3901} INFO - 0 downstream tasks scheduled from follow-on schedule check
[2025-02-18T04:31:16.885+0000] {local_task_job_runner.py:245} INFO - ::endgroup::
[2025-02-18T16:34:16.515+0000] {local_task_job_runner.py:123} INFO - ::group::Pre task execution logs
[2025-02-18T16:34:16.544+0000] {taskinstance.py:2614} INFO - Dependencies all met for dep_context=non-requeueable deps ti=<TaskInstance: my_first_dag.hello_task scheduled__2024-04-20T00:00:00+00:00 [queued]>
[2025-02-18T16:34:16.557+0000] {taskinstance.py:2614} INFO - Dependencies all met for dep_context=requeueable deps ti=<TaskInstance: my_first_dag.hello_task scheduled__2024-04-20T00:00:00+00:00 [queued]>
[2025-02-18T16:34:16.562+0000] {taskinstance.py:2867} INFO - Starting attempt 1 of 2
[2025-02-18T16:34:16.600+0000] {taskinstance.py:2890} INFO - Executing <Task(PythonOperator): hello_task> on 2024-04-20 00:00:00+00:00
[2025-02-18T16:34:16.641+0000] {logging_mixin.py:190} WARNING - /home/***/.local/lib/python3.12/site-packages/***/task/task_runner/standard_task_runner.py:70 DeprecationWarning: This process (pid=1716) is multi-threaded, use of fork() may lead to deadlocks in the child.
[2025-02-18T16:34:16.647+0000] {standard_task_runner.py:72} INFO - Started process 1725 to run task
[2025-02-18T16:34:16.637+0000] {standard_task_runner.py:104} INFO - Running: ['***', 'tasks', 'run', 'my_first_dag', 'hello_task', 'scheduled__2024-04-20T00:00:00+00:00', '--job-id', '433', '--raw', '--subdir', 'DAGS_FOLDER/my-first-dag.py', '--cfg-path', '/tmp/tmp3p6a7ipy']
[2025-02-18T16:34:16.658+0000] {standard_task_runner.py:105} INFO - Job 433: Subtask hello_task
[2025-02-18T16:34:16.810+0000] {logging_mixin.py:190} WARNING - /home/***/.local/lib/python3.12/site-packages/***/settings.py:209 DeprecationWarning: The sql_alchemy_conn option in [core] has been moved to the sql_alchemy_conn option in [database] - the old setting has been used, but please update your config.
[2025-02-18T16:34:16.995+0000] {task_command.py:467} INFO - Running <TaskInstance: my_first_dag.hello_task scheduled__2024-04-20T00:00:00+00:00 [running]> on host 8720d9c228eb
[2025-02-18T16:34:17.000+0000] {logging_mixin.py:190} WARNING - /home/***/.local/lib/python3.12/site-packages/***/settings.py:470 DeprecationWarning: The sql_alchemy_conn option in [core] has been moved to the sql_alchemy_conn option in [database] - the old setting has been used, but please update your config.
[2025-02-18T16:34:17.540+0000] {taskinstance.py:3134} INFO - Exporting env vars: AIRFLOW_CTX_DAG_OWNER='***' AIRFLOW_CTX_DAG_ID='my_first_dag' AIRFLOW_CTX_TASK_ID='hello_task' AIRFLOW_CTX_EXECUTION_DATE='2024-04-20T00:00:00+00:00' AIRFLOW_CTX_TRY_NUMBER='1' AIRFLOW_CTX_DAG_RUN_ID='scheduled__2024-04-20T00:00:00+00:00'
[2025-02-18T16:34:17.542+0000] {taskinstance.py:732} INFO - ::endgroup::
[2025-02-18T16:34:17.558+0000] {logging_mixin.py:190} INFO - Hello, Airflow!
[2025-02-18T16:34:17.559+0000] {python.py:240} INFO - Done. Returned value was: None
[2025-02-18T16:34:17.580+0000] {taskinstance.py:341} INFO - ::group::Post task execution logs
[2025-02-18T16:34:17.584+0000] {taskinstance.py:353} INFO - Marking task as SUCCESS. dag_id=my_first_dag, task_id=hello_task, run_id=scheduled__2024-04-20T00:00:00+00:00, execution_date=20240420T000000, start_date=20250218T163416, end_date=20250218T163417
[2025-02-18T16:34:17.666+0000] {local_task_job_runner.py:266} INFO - Task exited with return code 0
[2025-02-18T16:34:17.710+0000] {taskinstance.py:3901} INFO - 0 downstream tasks scheduled from follow-on schedule check
[2025-02-18T16:34:17.712+0000] {local_task_job_runner.py:245} INFO - ::endgroup::
