[2025-02-18T04:31:38.326+0000] {local_task_job_runner.py:123} INFO - ::group::Pre task execution logs
[2025-02-18T04:31:38.349+0000] {taskinstance.py:2614} INFO - Dependencies all met for dep_context=non-requeueable deps ti=<TaskInstance: my_first_dag.hello_task scheduled__2024-05-31T00:00:00+00:00 [queued]>
[2025-02-18T04:31:38.358+0000] {taskinstance.py:2614} INFO - Dependencies all met for dep_context=requeueable deps ti=<TaskInstance: my_first_dag.hello_task scheduled__2024-05-31T00:00:00+00:00 [queued]>
[2025-02-18T04:31:38.359+0000] {taskinstance.py:2867} INFO - Starting attempt 1 of 2
[2025-02-18T04:31:38.385+0000] {taskinstance.py:2890} INFO - Executing <Task(PythonOperator): hello_task> on 2024-05-31 00:00:00+00:00
[2025-02-18T04:31:38.394+0000] {logging_mixin.py:190} WARNING - /home/***/.local/lib/python3.12/site-packages/***/task/task_runner/standard_task_runner.py:70 DeprecationWarning: This process (pid=560) is multi-threaded, use of fork() may lead to deadlocks in the child.
[2025-02-18T04:31:38.401+0000] {standard_task_runner.py:72} INFO - Started process 566 to run task
[2025-02-18T04:31:38.399+0000] {standard_task_runner.py:104} INFO - Running: ['***', 'tasks', 'run', 'my_first_dag', 'hello_task', 'scheduled__2024-05-31T00:00:00+00:00', '--job-id', '106', '--raw', '--subdir', 'DAGS_FOLDER/my-first-dag.py', '--cfg-path', '/tmp/tmpe29y9erm']
[2025-02-18T04:31:38.402+0000] {standard_task_runner.py:105} INFO - Job 106: Subtask hello_task
[2025-02-18T04:31:38.417+0000] {logging_mixin.py:190} WARNING - /home/***/.local/lib/python3.12/site-packages/***/settings.py:209 DeprecationWarning: The sql_alchemy_conn option in [core] has been moved to the sql_alchemy_conn option in [database] - the old setting has been used, but please update your config.
[2025-02-18T04:31:38.455+0000] {task_command.py:467} INFO - Running <TaskInstance: my_first_dag.hello_task scheduled__2024-05-31T00:00:00+00:00 [running]> on host 3420485c558b
[2025-02-18T04:31:38.458+0000] {logging_mixin.py:190} WARNING - /home/***/.local/lib/python3.12/site-packages/***/settings.py:470 DeprecationWarning: The sql_alchemy_conn option in [core] has been moved to the sql_alchemy_conn option in [database] - the old setting has been used, but please update your config.
[2025-02-18T04:31:38.543+0000] {taskinstance.py:3134} INFO - Exporting env vars: AIRFLOW_CTX_DAG_OWNER='***' AIRFLOW_CTX_DAG_ID='my_first_dag' AIRFLOW_CTX_TASK_ID='hello_task' AIRFLOW_CTX_EXECUTION_DATE='2024-05-31T00:00:00+00:00' AIRFLOW_CTX_TRY_NUMBER='1' AIRFLOW_CTX_DAG_RUN_ID='scheduled__2024-05-31T00:00:00+00:00'
[2025-02-18T04:31:38.545+0000] {taskinstance.py:732} INFO - ::endgroup::
[2025-02-18T04:31:38.556+0000] {logging_mixin.py:190} INFO - Hello, Airflow!
[2025-02-18T04:31:38.565+0000] {python.py:240} INFO - Done. Returned value was: None
[2025-02-18T04:31:38.582+0000] {taskinstance.py:341} INFO - ::group::Post task execution logs
[2025-02-18T04:31:38.583+0000] {taskinstance.py:353} INFO - Marking task as SUCCESS. dag_id=my_first_dag, task_id=hello_task, run_id=scheduled__2024-05-31T00:00:00+00:00, execution_date=20240531T000000, start_date=20250218T043138, end_date=20250218T043138
[2025-02-18T04:31:38.672+0000] {local_task_job_runner.py:266} INFO - Task exited with return code 0
[2025-02-18T04:31:38.692+0000] {taskinstance.py:3901} INFO - 0 downstream tasks scheduled from follow-on schedule check
[2025-02-18T04:31:38.698+0000] {local_task_job_runner.py:245} INFO - ::endgroup::
[2025-02-18T16:34:33.656+0000] {local_task_job_runner.py:123} INFO - ::group::Pre task execution logs
[2025-02-18T16:34:33.702+0000] {taskinstance.py:2614} INFO - Dependencies all met for dep_context=non-requeueable deps ti=<TaskInstance: my_first_dag.hello_task scheduled__2024-05-31T00:00:00+00:00 [queued]>
[2025-02-18T16:34:33.721+0000] {taskinstance.py:2614} INFO - Dependencies all met for dep_context=requeueable deps ti=<TaskInstance: my_first_dag.hello_task scheduled__2024-05-31T00:00:00+00:00 [queued]>
[2025-02-18T16:34:33.727+0000] {taskinstance.py:2867} INFO - Starting attempt 1 of 2
[2025-02-18T16:34:33.819+0000] {taskinstance.py:2890} INFO - Executing <Task(PythonOperator): hello_task> on 2024-05-31 00:00:00+00:00
[2025-02-18T16:34:33.843+0000] {logging_mixin.py:190} WARNING - /home/***/.local/lib/python3.12/site-packages/***/task/task_runner/standard_task_runner.py:70 DeprecationWarning: This process (pid=1840) is multi-threaded, use of fork() may lead to deadlocks in the child.
[2025-02-18T16:34:33.845+0000] {standard_task_runner.py:72} INFO - Started process 1848 to run task
[2025-02-18T16:34:33.846+0000] {standard_task_runner.py:104} INFO - Running: ['***', 'tasks', 'run', 'my_first_dag', 'hello_task', 'scheduled__2024-05-31T00:00:00+00:00', '--job-id', '474', '--raw', '--subdir', 'DAGS_FOLDER/my-first-dag.py', '--cfg-path', '/tmp/tmp6v30qjoz']
[2025-02-18T16:34:33.853+0000] {standard_task_runner.py:105} INFO - Job 474: Subtask hello_task
[2025-02-18T16:34:33.887+0000] {logging_mixin.py:190} WARNING - /home/***/.local/lib/python3.12/site-packages/***/settings.py:209 DeprecationWarning: The sql_alchemy_conn option in [core] has been moved to the sql_alchemy_conn option in [database] - the old setting has been used, but please update your config.
[2025-02-18T16:34:33.965+0000] {task_command.py:467} INFO - Running <TaskInstance: my_first_dag.hello_task scheduled__2024-05-31T00:00:00+00:00 [running]> on host 8720d9c228eb
[2025-02-18T16:34:33.967+0000] {logging_mixin.py:190} WARNING - /home/***/.local/lib/python3.12/site-packages/***/settings.py:470 DeprecationWarning: The sql_alchemy_conn option in [core] has been moved to the sql_alchemy_conn option in [database] - the old setting has been used, but please update your config.
[2025-02-18T16:34:34.115+0000] {taskinstance.py:3134} INFO - Exporting env vars: AIRFLOW_CTX_DAG_OWNER='***' AIRFLOW_CTX_DAG_ID='my_first_dag' AIRFLOW_CTX_TASK_ID='hello_task' AIRFLOW_CTX_EXECUTION_DATE='2024-05-31T00:00:00+00:00' AIRFLOW_CTX_TRY_NUMBER='1' AIRFLOW_CTX_DAG_RUN_ID='scheduled__2024-05-31T00:00:00+00:00'
[2025-02-18T16:34:34.116+0000] {taskinstance.py:732} INFO - ::endgroup::
[2025-02-18T16:34:34.129+0000] {logging_mixin.py:190} INFO - Hello, Airflow!
[2025-02-18T16:34:34.133+0000] {python.py:240} INFO - Done. Returned value was: None
[2025-02-18T16:34:34.143+0000] {taskinstance.py:341} INFO - ::group::Post task execution logs
[2025-02-18T16:34:34.144+0000] {taskinstance.py:353} INFO - Marking task as SUCCESS. dag_id=my_first_dag, task_id=hello_task, run_id=scheduled__2024-05-31T00:00:00+00:00, execution_date=20240531T000000, start_date=20250218T163433, end_date=20250218T163434
[2025-02-18T16:34:34.187+0000] {local_task_job_runner.py:266} INFO - Task exited with return code 0
[2025-02-18T16:34:34.224+0000] {taskinstance.py:3901} INFO - 0 downstream tasks scheduled from follow-on schedule check
[2025-02-18T16:34:34.226+0000] {local_task_job_runner.py:245} INFO - ::endgroup::
