[2025-02-18T04:31:03.602+0000] {local_task_job_runner.py:123} INFO - ::group::Pre task execution logs
[2025-02-18T04:31:03.630+0000] {taskinstance.py:2614} INFO - Dependencies all met for dep_context=non-requeueable deps ti=<TaskInstance: my_first_dag.hello_task scheduled__2024-03-20T00:00:00+00:00 [queued]>
[2025-02-18T04:31:03.641+0000] {taskinstance.py:2614} INFO - Dependencies all met for dep_context=requeueable deps ti=<TaskInstance: my_first_dag.hello_task scheduled__2024-03-20T00:00:00+00:00 [queued]>
[2025-02-18T04:31:03.645+0000] {taskinstance.py:2867} INFO - Starting attempt 1 of 2
[2025-02-18T04:31:03.661+0000] {taskinstance.py:2890} INFO - Executing <Task(PythonOperator): hello_task> on 2024-03-20 00:00:00+00:00
[2025-02-18T04:31:03.669+0000] {logging_mixin.py:190} WARNING - /home/***/.local/lib/python3.12/site-packages/***/task/task_runner/standard_task_runner.py:70 DeprecationWarning: This process (pid=329) is multi-threaded, use of fork() may lead to deadlocks in the child.
[2025-02-18T04:31:03.670+0000] {standard_task_runner.py:72} INFO - Started process 343 to run task
[2025-02-18T04:31:03.670+0000] {standard_task_runner.py:104} INFO - Running: ['***', 'tasks', 'run', 'my_first_dag', 'hello_task', 'scheduled__2024-03-20T00:00:00+00:00', '--job-id', '34', '--raw', '--subdir', 'DAGS_FOLDER/my-first-dag.py', '--cfg-path', '/tmp/tmpcwpb13jz']
[2025-02-18T04:31:03.674+0000] {standard_task_runner.py:105} INFO - Job 34: Subtask hello_task
[2025-02-18T04:31:03.698+0000] {logging_mixin.py:190} WARNING - /home/***/.local/lib/python3.12/site-packages/***/settings.py:209 DeprecationWarning: The sql_alchemy_conn option in [core] has been moved to the sql_alchemy_conn option in [database] - the old setting has been used, but please update your config.
[2025-02-18T04:31:03.742+0000] {task_command.py:467} INFO - Running <TaskInstance: my_first_dag.hello_task scheduled__2024-03-20T00:00:00+00:00 [running]> on host 3420485c558b
[2025-02-18T04:31:03.744+0000] {logging_mixin.py:190} WARNING - /home/***/.local/lib/python3.12/site-packages/***/settings.py:470 DeprecationWarning: The sql_alchemy_conn option in [core] has been moved to the sql_alchemy_conn option in [database] - the old setting has been used, but please update your config.
[2025-02-18T04:31:03.821+0000] {taskinstance.py:3134} INFO - Exporting env vars: AIRFLOW_CTX_DAG_OWNER='***' AIRFLOW_CTX_DAG_ID='my_first_dag' AIRFLOW_CTX_TASK_ID='hello_task' AIRFLOW_CTX_EXECUTION_DATE='2024-03-20T00:00:00+00:00' AIRFLOW_CTX_TRY_NUMBER='1' AIRFLOW_CTX_DAG_RUN_ID='scheduled__2024-03-20T00:00:00+00:00'
[2025-02-18T04:31:03.822+0000] {taskinstance.py:732} INFO - ::endgroup::
[2025-02-18T04:31:03.840+0000] {logging_mixin.py:190} INFO - Hello, Airflow!
[2025-02-18T04:31:03.848+0000] {python.py:240} INFO - Done. Returned value was: None
[2025-02-18T04:31:03.872+0000] {taskinstance.py:341} INFO - ::group::Post task execution logs
[2025-02-18T04:31:03.874+0000] {taskinstance.py:353} INFO - Marking task as SUCCESS. dag_id=my_first_dag, task_id=hello_task, run_id=scheduled__2024-03-20T00:00:00+00:00, execution_date=20240320T000000, start_date=20250218T043103, end_date=20250218T043103
[2025-02-18T04:31:03.948+0000] {local_task_job_runner.py:266} INFO - Task exited with return code 0
[2025-02-18T04:31:03.965+0000] {taskinstance.py:3901} INFO - 0 downstream tasks scheduled from follow-on schedule check
[2025-02-18T04:31:03.975+0000] {local_task_job_runner.py:245} INFO - ::endgroup::
[2025-02-18T16:34:05.986+0000] {local_task_job_runner.py:123} INFO - ::group::Pre task execution logs
[2025-02-18T16:34:06.020+0000] {taskinstance.py:2614} INFO - Dependencies all met for dep_context=non-requeueable deps ti=<TaskInstance: my_first_dag.hello_task scheduled__2024-03-20T00:00:00+00:00 [queued]>
[2025-02-18T16:34:06.038+0000] {taskinstance.py:2614} INFO - Dependencies all met for dep_context=requeueable deps ti=<TaskInstance: my_first_dag.hello_task scheduled__2024-03-20T00:00:00+00:00 [queued]>
[2025-02-18T16:34:06.039+0000] {taskinstance.py:2867} INFO - Starting attempt 1 of 2
[2025-02-18T16:34:06.065+0000] {taskinstance.py:2890} INFO - Executing <Task(PythonOperator): hello_task> on 2024-03-20 00:00:00+00:00
[2025-02-18T16:34:06.073+0000] {logging_mixin.py:190} WARNING - /home/***/.local/lib/python3.12/site-packages/***/task/task_runner/standard_task_runner.py:70 DeprecationWarning: This process (pid=1616) is multi-threaded, use of fork() may lead to deadlocks in the child.
[2025-02-18T16:34:06.083+0000] {standard_task_runner.py:72} INFO - Started process 1627 to run task
[2025-02-18T16:34:06.083+0000] {standard_task_runner.py:104} INFO - Running: ['***', 'tasks', 'run', 'my_first_dag', 'hello_task', 'scheduled__2024-03-20T00:00:00+00:00', '--job-id', '402', '--raw', '--subdir', 'DAGS_FOLDER/my-first-dag.py', '--cfg-path', '/tmp/tmpvfd2g0k1']
[2025-02-18T16:34:06.088+0000] {standard_task_runner.py:105} INFO - Job 402: Subtask hello_task
[2025-02-18T16:34:06.119+0000] {logging_mixin.py:190} WARNING - /home/***/.local/lib/python3.12/site-packages/***/settings.py:209 DeprecationWarning: The sql_alchemy_conn option in [core] has been moved to the sql_alchemy_conn option in [database] - the old setting has been used, but please update your config.
[2025-02-18T16:34:06.171+0000] {task_command.py:467} INFO - Running <TaskInstance: my_first_dag.hello_task scheduled__2024-03-20T00:00:00+00:00 [running]> on host 8720d9c228eb
[2025-02-18T16:34:06.180+0000] {logging_mixin.py:190} WARNING - /home/***/.local/lib/python3.12/site-packages/***/settings.py:470 DeprecationWarning: The sql_alchemy_conn option in [core] has been moved to the sql_alchemy_conn option in [database] - the old setting has been used, but please update your config.
[2025-02-18T16:34:06.318+0000] {taskinstance.py:3134} INFO - Exporting env vars: AIRFLOW_CTX_DAG_OWNER='***' AIRFLOW_CTX_DAG_ID='my_first_dag' AIRFLOW_CTX_TASK_ID='hello_task' AIRFLOW_CTX_EXECUTION_DATE='2024-03-20T00:00:00+00:00' AIRFLOW_CTX_TRY_NUMBER='1' AIRFLOW_CTX_DAG_RUN_ID='scheduled__2024-03-20T00:00:00+00:00'
[2025-02-18T16:34:06.325+0000] {taskinstance.py:732} INFO - ::endgroup::
[2025-02-18T16:34:06.335+0000] {logging_mixin.py:190} INFO - Hello, Airflow!
[2025-02-18T16:34:06.336+0000] {python.py:240} INFO - Done. Returned value was: None
[2025-02-18T16:34:06.356+0000] {taskinstance.py:341} INFO - ::group::Post task execution logs
[2025-02-18T16:34:06.360+0000] {taskinstance.py:353} INFO - Marking task as SUCCESS. dag_id=my_first_dag, task_id=hello_task, run_id=scheduled__2024-03-20T00:00:00+00:00, execution_date=20240320T000000, start_date=20250218T163406, end_date=20250218T163406
[2025-02-18T16:34:06.400+0000] {local_task_job_runner.py:266} INFO - Task exited with return code 0
[2025-02-18T16:34:06.419+0000] {taskinstance.py:3901} INFO - 0 downstream tasks scheduled from follow-on schedule check
[2025-02-18T16:34:06.420+0000] {local_task_job_runner.py:245} INFO - ::endgroup::
