[2025-02-18T04:31:38.326+0000] {local_task_job_runner.py:123} INFO - ::group::Pre task execution logs
[2025-02-18T04:31:38.347+0000] {taskinstance.py:2614} INFO - Dependencies all met for dep_context=non-requeueable deps ti=<TaskInstance: my_first_dag.hello_task scheduled__2024-06-01T00:00:00+00:00 [queued]>
[2025-02-18T04:31:38.357+0000] {taskinstance.py:2614} INFO - Dependencies all met for dep_context=requeueable deps ti=<TaskInstance: my_first_dag.hello_task scheduled__2024-06-01T00:00:00+00:00 [queued]>
[2025-02-18T04:31:38.358+0000] {taskinstance.py:2867} INFO - Starting attempt 1 of 2
[2025-02-18T04:31:38.386+0000] {taskinstance.py:2890} INFO - Executing <Task(PythonOperator): hello_task> on 2024-06-01 00:00:00+00:00
[2025-02-18T04:31:38.397+0000] {logging_mixin.py:190} WARNING - /home/***/.local/lib/python3.12/site-packages/***/task/task_runner/standard_task_runner.py:70 DeprecationWarning: This process (pid=561) is multi-threaded, use of fork() may lead to deadlocks in the child.
[2025-02-18T04:31:38.393+0000] {standard_task_runner.py:104} INFO - Running: ['***', 'tasks', 'run', 'my_first_dag', 'hello_task', 'scheduled__2024-06-01T00:00:00+00:00', '--job-id', '107', '--raw', '--subdir', 'DAGS_FOLDER/my-first-dag.py', '--cfg-path', '/tmp/tmp5vs53l6m']
[2025-02-18T04:31:38.401+0000] {standard_task_runner.py:72} INFO - Started process 565 to run task
[2025-02-18T04:31:38.401+0000] {standard_task_runner.py:105} INFO - Job 107: Subtask hello_task
[2025-02-18T04:31:38.420+0000] {logging_mixin.py:190} WARNING - /home/***/.local/lib/python3.12/site-packages/***/settings.py:209 DeprecationWarning: The sql_alchemy_conn option in [core] has been moved to the sql_alchemy_conn option in [database] - the old setting has been used, but please update your config.
[2025-02-18T04:31:38.461+0000] {task_command.py:467} INFO - Running <TaskInstance: my_first_dag.hello_task scheduled__2024-06-01T00:00:00+00:00 [running]> on host 3420485c558b
[2025-02-18T04:31:38.465+0000] {logging_mixin.py:190} WARNING - /home/***/.local/lib/python3.12/site-packages/***/settings.py:470 DeprecationWarning: The sql_alchemy_conn option in [core] has been moved to the sql_alchemy_conn option in [database] - the old setting has been used, but please update your config.
[2025-02-18T04:31:38.538+0000] {taskinstance.py:3134} INFO - Exporting env vars: AIRFLOW_CTX_DAG_OWNER='***' AIRFLOW_CTX_DAG_ID='my_first_dag' AIRFLOW_CTX_TASK_ID='hello_task' AIRFLOW_CTX_EXECUTION_DATE='2024-06-01T00:00:00+00:00' AIRFLOW_CTX_TRY_NUMBER='1' AIRFLOW_CTX_DAG_RUN_ID='scheduled__2024-06-01T00:00:00+00:00'
[2025-02-18T04:31:38.541+0000] {taskinstance.py:732} INFO - ::endgroup::
[2025-02-18T04:31:38.559+0000] {logging_mixin.py:190} INFO - Hello, Airflow!
[2025-02-18T04:31:38.565+0000] {python.py:240} INFO - Done. Returned value was: None
[2025-02-18T04:31:38.596+0000] {taskinstance.py:341} INFO - ::group::Post task execution logs
[2025-02-18T04:31:38.597+0000] {taskinstance.py:353} INFO - Marking task as SUCCESS. dag_id=my_first_dag, task_id=hello_task, run_id=scheduled__2024-06-01T00:00:00+00:00, execution_date=20240601T000000, start_date=20250218T043138, end_date=20250218T043138
[2025-02-18T04:31:38.667+0000] {local_task_job_runner.py:266} INFO - Task exited with return code 0
[2025-02-18T04:31:38.687+0000] {taskinstance.py:3901} INFO - 0 downstream tasks scheduled from follow-on schedule check
[2025-02-18T04:31:38.689+0000] {local_task_job_runner.py:245} INFO - ::endgroup::
[2025-02-18T16:34:33.785+0000] {local_task_job_runner.py:123} INFO - ::group::Pre task execution logs
[2025-02-18T16:34:33.818+0000] {taskinstance.py:2614} INFO - Dependencies all met for dep_context=non-requeueable deps ti=<TaskInstance: my_first_dag.hello_task scheduled__2024-06-01T00:00:00+00:00 [queued]>
[2025-02-18T16:34:33.844+0000] {taskinstance.py:2614} INFO - Dependencies all met for dep_context=requeueable deps ti=<TaskInstance: my_first_dag.hello_task scheduled__2024-06-01T00:00:00+00:00 [queued]>
[2025-02-18T16:34:33.846+0000] {taskinstance.py:2867} INFO - Starting attempt 1 of 2
[2025-02-18T16:34:33.887+0000] {taskinstance.py:2890} INFO - Executing <Task(PythonOperator): hello_task> on 2024-06-01 00:00:00+00:00
[2025-02-18T16:34:33.923+0000] {standard_task_runner.py:104} INFO - Running: ['***', 'tasks', 'run', 'my_first_dag', 'hello_task', 'scheduled__2024-06-01T00:00:00+00:00', '--job-id', '475', '--raw', '--subdir', 'DAGS_FOLDER/my-first-dag.py', '--cfg-path', '/tmp/tmpkrewu9za']
[2025-02-18T16:34:33.928+0000] {standard_task_runner.py:105} INFO - Job 475: Subtask hello_task
[2025-02-18T16:34:33.914+0000] {logging_mixin.py:190} WARNING - /home/***/.local/lib/python3.12/site-packages/***/task/task_runner/standard_task_runner.py:70 DeprecationWarning: This process (pid=1842) is multi-threaded, use of fork() may lead to deadlocks in the child.
[2025-02-18T16:34:33.934+0000] {standard_task_runner.py:72} INFO - Started process 1851 to run task
[2025-02-18T16:34:33.952+0000] {logging_mixin.py:190} WARNING - /home/***/.local/lib/python3.12/site-packages/***/settings.py:209 DeprecationWarning: The sql_alchemy_conn option in [core] has been moved to the sql_alchemy_conn option in [database] - the old setting has been used, but please update your config.
[2025-02-18T16:34:34.014+0000] {task_command.py:467} INFO - Running <TaskInstance: my_first_dag.hello_task scheduled__2024-06-01T00:00:00+00:00 [running]> on host 8720d9c228eb
[2025-02-18T16:34:34.018+0000] {logging_mixin.py:190} WARNING - /home/***/.local/lib/python3.12/site-packages/***/settings.py:470 DeprecationWarning: The sql_alchemy_conn option in [core] has been moved to the sql_alchemy_conn option in [database] - the old setting has been used, but please update your config.
[2025-02-18T16:34:34.153+0000] {taskinstance.py:3134} INFO - Exporting env vars: AIRFLOW_CTX_DAG_OWNER='***' AIRFLOW_CTX_DAG_ID='my_first_dag' AIRFLOW_CTX_TASK_ID='hello_task' AIRFLOW_CTX_EXECUTION_DATE='2024-06-01T00:00:00+00:00' AIRFLOW_CTX_TRY_NUMBER='1' AIRFLOW_CTX_DAG_RUN_ID='scheduled__2024-06-01T00:00:00+00:00'
[2025-02-18T16:34:34.155+0000] {taskinstance.py:732} INFO - ::endgroup::
[2025-02-18T16:34:34.172+0000] {logging_mixin.py:190} INFO - Hello, Airflow!
[2025-02-18T16:34:34.177+0000] {python.py:240} INFO - Done. Returned value was: None
[2025-02-18T16:34:34.195+0000] {taskinstance.py:341} INFO - ::group::Post task execution logs
[2025-02-18T16:34:34.201+0000] {taskinstance.py:353} INFO - Marking task as SUCCESS. dag_id=my_first_dag, task_id=hello_task, run_id=scheduled__2024-06-01T00:00:00+00:00, execution_date=20240601T000000, start_date=20250218T163433, end_date=20250218T163434
[2025-02-18T16:34:34.254+0000] {local_task_job_runner.py:266} INFO - Task exited with return code 0
[2025-02-18T16:34:34.270+0000] {taskinstance.py:3901} INFO - 0 downstream tasks scheduled from follow-on schedule check
[2025-02-18T16:34:34.271+0000] {local_task_job_runner.py:245} INFO - ::endgroup::
