[2025-02-18T04:31:38.636+0000] {local_task_job_runner.py:123} INFO - ::group::Pre task execution logs
[2025-02-18T04:31:38.654+0000] {taskinstance.py:2614} INFO - Dependencies all met for dep_context=non-requeueable deps ti=<TaskInstance: my_first_dag.hello_task scheduled__2024-06-06T00:00:00+00:00 [queued]>
[2025-02-18T04:31:38.666+0000] {taskinstance.py:2614} INFO - Dependencies all met for dep_context=requeueable deps ti=<TaskInstance: my_first_dag.hello_task scheduled__2024-06-06T00:00:00+00:00 [queued]>
[2025-02-18T04:31:38.667+0000] {taskinstance.py:2867} INFO - Starting attempt 1 of 2
[2025-02-18T04:31:38.686+0000] {taskinstance.py:2890} INFO - Executing <Task(PythonOperator): hello_task> on 2024-06-06 00:00:00+00:00
[2025-02-18T04:31:38.693+0000] {standard_task_runner.py:104} INFO - Running: ['***', 'tasks', 'run', 'my_first_dag', 'hello_task', 'scheduled__2024-06-06T00:00:00+00:00', '--job-id', '112', '--raw', '--subdir', 'DAGS_FOLDER/my-first-dag.py', '--cfg-path', '/tmp/tmpga3vjq72']
[2025-02-18T04:31:38.696+0000] {standard_task_runner.py:105} INFO - Job 112: Subtask hello_task
[2025-02-18T04:31:38.694+0000] {logging_mixin.py:190} WARNING - /home/***/.local/lib/python3.12/site-packages/***/task/task_runner/standard_task_runner.py:70 DeprecationWarning: This process (pid=573) is multi-threaded, use of fork() may lead to deadlocks in the child.
[2025-02-18T04:31:38.697+0000] {standard_task_runner.py:72} INFO - Started process 581 to run task
[2025-02-18T04:31:38.711+0000] {logging_mixin.py:190} WARNING - /home/***/.local/lib/python3.12/site-packages/***/settings.py:209 DeprecationWarning: The sql_alchemy_conn option in [core] has been moved to the sql_alchemy_conn option in [database] - the old setting has been used, but please update your config.
[2025-02-18T04:31:38.761+0000] {task_command.py:467} INFO - Running <TaskInstance: my_first_dag.hello_task scheduled__2024-06-06T00:00:00+00:00 [running]> on host 3420485c558b
[2025-02-18T04:31:38.763+0000] {logging_mixin.py:190} WARNING - /home/***/.local/lib/python3.12/site-packages/***/settings.py:470 DeprecationWarning: The sql_alchemy_conn option in [core] has been moved to the sql_alchemy_conn option in [database] - the old setting has been used, but please update your config.
[2025-02-18T04:31:38.840+0000] {taskinstance.py:3134} INFO - Exporting env vars: AIRFLOW_CTX_DAG_OWNER='***' AIRFLOW_CTX_DAG_ID='my_first_dag' AIRFLOW_CTX_TASK_ID='hello_task' AIRFLOW_CTX_EXECUTION_DATE='2024-06-06T00:00:00+00:00' AIRFLOW_CTX_TRY_NUMBER='1' AIRFLOW_CTX_DAG_RUN_ID='scheduled__2024-06-06T00:00:00+00:00'
[2025-02-18T04:31:38.841+0000] {taskinstance.py:732} INFO - ::endgroup::
[2025-02-18T04:31:38.848+0000] {logging_mixin.py:190} INFO - Hello, Airflow!
[2025-02-18T04:31:38.852+0000] {python.py:240} INFO - Done. Returned value was: None
[2025-02-18T04:31:38.860+0000] {taskinstance.py:341} INFO - ::group::Post task execution logs
[2025-02-18T04:31:38.861+0000] {taskinstance.py:353} INFO - Marking task as SUCCESS. dag_id=my_first_dag, task_id=hello_task, run_id=scheduled__2024-06-06T00:00:00+00:00, execution_date=20240606T000000, start_date=20250218T043138, end_date=20250218T043138
[2025-02-18T04:31:38.932+0000] {local_task_job_runner.py:266} INFO - Task exited with return code 0
[2025-02-18T04:31:38.941+0000] {taskinstance.py:3901} INFO - 0 downstream tasks scheduled from follow-on schedule check
[2025-02-18T04:31:38.942+0000] {local_task_job_runner.py:245} INFO - ::endgroup::
[2025-02-18T16:34:36.157+0000] {local_task_job_runner.py:123} INFO - ::group::Pre task execution logs
[2025-02-18T16:34:36.176+0000] {taskinstance.py:2614} INFO - Dependencies all met for dep_context=non-requeueable deps ti=<TaskInstance: my_first_dag.hello_task scheduled__2024-06-06T00:00:00+00:00 [queued]>
[2025-02-18T16:34:36.186+0000] {taskinstance.py:2614} INFO - Dependencies all met for dep_context=requeueable deps ti=<TaskInstance: my_first_dag.hello_task scheduled__2024-06-06T00:00:00+00:00 [queued]>
[2025-02-18T16:34:36.187+0000] {taskinstance.py:2867} INFO - Starting attempt 1 of 2
[2025-02-18T16:34:36.205+0000] {taskinstance.py:2890} INFO - Executing <Task(PythonOperator): hello_task> on 2024-06-06 00:00:00+00:00
[2025-02-18T16:34:36.219+0000] {logging_mixin.py:190} WARNING - /home/***/.local/lib/python3.12/site-packages/***/task/task_runner/standard_task_runner.py:70 DeprecationWarning: This process (pid=1860) is multi-threaded, use of fork() may lead to deadlocks in the child.
[2025-02-18T16:34:36.226+0000] {standard_task_runner.py:72} INFO - Started process 1864 to run task
[2025-02-18T16:34:36.220+0000] {standard_task_runner.py:104} INFO - Running: ['***', 'tasks', 'run', 'my_first_dag', 'hello_task', 'scheduled__2024-06-06T00:00:00+00:00', '--job-id', '480', '--raw', '--subdir', 'DAGS_FOLDER/my-first-dag.py', '--cfg-path', '/tmp/tmp5gokbkv0']
[2025-02-18T16:34:36.236+0000] {standard_task_runner.py:105} INFO - Job 480: Subtask hello_task
[2025-02-18T16:34:36.259+0000] {logging_mixin.py:190} WARNING - /home/***/.local/lib/python3.12/site-packages/***/settings.py:209 DeprecationWarning: The sql_alchemy_conn option in [core] has been moved to the sql_alchemy_conn option in [database] - the old setting has been used, but please update your config.
[2025-02-18T16:34:36.323+0000] {task_command.py:467} INFO - Running <TaskInstance: my_first_dag.hello_task scheduled__2024-06-06T00:00:00+00:00 [running]> on host 8720d9c228eb
[2025-02-18T16:34:36.327+0000] {logging_mixin.py:190} WARNING - /home/***/.local/lib/python3.12/site-packages/***/settings.py:470 DeprecationWarning: The sql_alchemy_conn option in [core] has been moved to the sql_alchemy_conn option in [database] - the old setting has been used, but please update your config.
[2025-02-18T16:34:36.451+0000] {taskinstance.py:3134} INFO - Exporting env vars: AIRFLOW_CTX_DAG_OWNER='***' AIRFLOW_CTX_DAG_ID='my_first_dag' AIRFLOW_CTX_TASK_ID='hello_task' AIRFLOW_CTX_EXECUTION_DATE='2024-06-06T00:00:00+00:00' AIRFLOW_CTX_TRY_NUMBER='1' AIRFLOW_CTX_DAG_RUN_ID='scheduled__2024-06-06T00:00:00+00:00'
[2025-02-18T16:34:36.453+0000] {taskinstance.py:732} INFO - ::endgroup::
[2025-02-18T16:34:36.474+0000] {logging_mixin.py:190} INFO - Hello, Airflow!
[2025-02-18T16:34:36.477+0000] {python.py:240} INFO - Done. Returned value was: None
[2025-02-18T16:34:36.487+0000] {taskinstance.py:341} INFO - ::group::Post task execution logs
[2025-02-18T16:34:36.488+0000] {taskinstance.py:353} INFO - Marking task as SUCCESS. dag_id=my_first_dag, task_id=hello_task, run_id=scheduled__2024-06-06T00:00:00+00:00, execution_date=20240606T000000, start_date=20250218T163436, end_date=20250218T163436
[2025-02-18T16:34:36.585+0000] {local_task_job_runner.py:266} INFO - Task exited with return code 0
[2025-02-18T16:34:36.628+0000] {taskinstance.py:3901} INFO - 0 downstream tasks scheduled from follow-on schedule check
[2025-02-18T16:34:36.634+0000] {local_task_job_runner.py:245} INFO - ::endgroup::
