[2025-02-18T04:31:38.418+0000] {local_task_job_runner.py:123} INFO - ::group::Pre task execution logs
[2025-02-18T04:31:38.432+0000] {taskinstance.py:2614} INFO - Dependencies all met for dep_context=non-requeueable deps ti=<TaskInstance: my_first_dag.hello_task scheduled__2024-06-03T00:00:00+00:00 [queued]>
[2025-02-18T04:31:38.440+0000] {taskinstance.py:2614} INFO - Dependencies all met for dep_context=requeueable deps ti=<TaskInstance: my_first_dag.hello_task scheduled__2024-06-03T00:00:00+00:00 [queued]>
[2025-02-18T04:31:38.444+0000] {taskinstance.py:2867} INFO - Starting attempt 1 of 2
[2025-02-18T04:31:38.456+0000] {taskinstance.py:2890} INFO - Executing <Task(PythonOperator): hello_task> on 2024-06-03 00:00:00+00:00
[2025-02-18T04:31:38.468+0000] {standard_task_runner.py:104} INFO - Running: ['***', 'tasks', 'run', 'my_first_dag', 'hello_task', 'scheduled__2024-06-03T00:00:00+00:00', '--job-id', '109', '--raw', '--subdir', 'DAGS_FOLDER/my-first-dag.py', '--cfg-path', '/tmp/tmpmwc7paj0']
[2025-02-18T04:31:38.468+0000] {logging_mixin.py:190} WARNING - /home/***/.local/lib/python3.12/site-packages/***/task/task_runner/standard_task_runner.py:70 DeprecationWarning: This process (pid=563) is multi-threaded, use of fork() may lead to deadlocks in the child.
[2025-02-18T04:31:38.471+0000] {standard_task_runner.py:72} INFO - Started process 572 to run task
[2025-02-18T04:31:38.470+0000] {standard_task_runner.py:105} INFO - Job 109: Subtask hello_task
[2025-02-18T04:31:38.493+0000] {logging_mixin.py:190} WARNING - /home/***/.local/lib/python3.12/site-packages/***/settings.py:209 DeprecationWarning: The sql_alchemy_conn option in [core] has been moved to the sql_alchemy_conn option in [database] - the old setting has been used, but please update your config.
[2025-02-18T04:31:38.531+0000] {task_command.py:467} INFO - Running <TaskInstance: my_first_dag.hello_task scheduled__2024-06-03T00:00:00+00:00 [running]> on host 3420485c558b
[2025-02-18T04:31:38.534+0000] {logging_mixin.py:190} WARNING - /home/***/.local/lib/python3.12/site-packages/***/settings.py:470 DeprecationWarning: The sql_alchemy_conn option in [core] has been moved to the sql_alchemy_conn option in [database] - the old setting has been used, but please update your config.
[2025-02-18T04:31:38.622+0000] {taskinstance.py:3134} INFO - Exporting env vars: AIRFLOW_CTX_DAG_OWNER='***' AIRFLOW_CTX_DAG_ID='my_first_dag' AIRFLOW_CTX_TASK_ID='hello_task' AIRFLOW_CTX_EXECUTION_DATE='2024-06-03T00:00:00+00:00' AIRFLOW_CTX_TRY_NUMBER='1' AIRFLOW_CTX_DAG_RUN_ID='scheduled__2024-06-03T00:00:00+00:00'
[2025-02-18T04:31:38.624+0000] {taskinstance.py:732} INFO - ::endgroup::
[2025-02-18T04:31:38.633+0000] {logging_mixin.py:190} INFO - Hello, Airflow!
[2025-02-18T04:31:38.634+0000] {python.py:240} INFO - Done. Returned value was: None
[2025-02-18T04:31:38.641+0000] {taskinstance.py:341} INFO - ::group::Post task execution logs
[2025-02-18T04:31:38.643+0000] {taskinstance.py:353} INFO - Marking task as SUCCESS. dag_id=my_first_dag, task_id=hello_task, run_id=scheduled__2024-06-03T00:00:00+00:00, execution_date=20240603T000000, start_date=20250218T043138, end_date=20250218T043138
[2025-02-18T04:31:38.703+0000] {local_task_job_runner.py:266} INFO - Task exited with return code 0
[2025-02-18T04:31:38.719+0000] {taskinstance.py:3901} INFO - 0 downstream tasks scheduled from follow-on schedule check
[2025-02-18T04:31:38.721+0000] {local_task_job_runner.py:245} INFO - ::endgroup::
[2025-02-18T16:34:34.009+0000] {local_task_job_runner.py:123} INFO - ::group::Pre task execution logs
[2025-02-18T16:34:34.034+0000] {taskinstance.py:2614} INFO - Dependencies all met for dep_context=non-requeueable deps ti=<TaskInstance: my_first_dag.hello_task scheduled__2024-06-03T00:00:00+00:00 [queued]>
[2025-02-18T16:34:34.052+0000] {taskinstance.py:2614} INFO - Dependencies all met for dep_context=requeueable deps ti=<TaskInstance: my_first_dag.hello_task scheduled__2024-06-03T00:00:00+00:00 [queued]>
[2025-02-18T16:34:34.061+0000] {taskinstance.py:2867} INFO - Starting attempt 1 of 2
[2025-02-18T16:34:34.078+0000] {taskinstance.py:2890} INFO - Executing <Task(PythonOperator): hello_task> on 2024-06-03 00:00:00+00:00
[2025-02-18T16:34:34.088+0000] {logging_mixin.py:190} WARNING - /home/***/.local/lib/python3.12/site-packages/***/task/task_runner/standard_task_runner.py:70 DeprecationWarning: This process (pid=1847) is multi-threaded, use of fork() may lead to deadlocks in the child.
[2025-02-18T16:34:34.090+0000] {standard_task_runner.py:104} INFO - Running: ['***', 'tasks', 'run', 'my_first_dag', 'hello_task', 'scheduled__2024-06-03T00:00:00+00:00', '--job-id', '477', '--raw', '--subdir', 'DAGS_FOLDER/my-first-dag.py', '--cfg-path', '/tmp/tmphdoam09a']
[2025-02-18T16:34:34.105+0000] {standard_task_runner.py:105} INFO - Job 477: Subtask hello_task
[2025-02-18T16:34:34.095+0000] {standard_task_runner.py:72} INFO - Started process 1855 to run task
[2025-02-18T16:34:34.118+0000] {logging_mixin.py:190} WARNING - /home/***/.local/lib/python3.12/site-packages/***/settings.py:209 DeprecationWarning: The sql_alchemy_conn option in [core] has been moved to the sql_alchemy_conn option in [database] - the old setting has been used, but please update your config.
[2025-02-18T16:34:34.151+0000] {task_command.py:467} INFO - Running <TaskInstance: my_first_dag.hello_task scheduled__2024-06-03T00:00:00+00:00 [running]> on host 8720d9c228eb
[2025-02-18T16:34:34.153+0000] {logging_mixin.py:190} WARNING - /home/***/.local/lib/python3.12/site-packages/***/settings.py:470 DeprecationWarning: The sql_alchemy_conn option in [core] has been moved to the sql_alchemy_conn option in [database] - the old setting has been used, but please update your config.
[2025-02-18T16:34:34.263+0000] {taskinstance.py:3134} INFO - Exporting env vars: AIRFLOW_CTX_DAG_OWNER='***' AIRFLOW_CTX_DAG_ID='my_first_dag' AIRFLOW_CTX_TASK_ID='hello_task' AIRFLOW_CTX_EXECUTION_DATE='2024-06-03T00:00:00+00:00' AIRFLOW_CTX_TRY_NUMBER='1' AIRFLOW_CTX_DAG_RUN_ID='scheduled__2024-06-03T00:00:00+00:00'
[2025-02-18T16:34:34.264+0000] {taskinstance.py:732} INFO - ::endgroup::
[2025-02-18T16:34:34.274+0000] {logging_mixin.py:190} INFO - Hello, Airflow!
[2025-02-18T16:34:34.275+0000] {python.py:240} INFO - Done. Returned value was: None
[2025-02-18T16:34:34.282+0000] {taskinstance.py:341} INFO - ::group::Post task execution logs
[2025-02-18T16:34:34.282+0000] {taskinstance.py:353} INFO - Marking task as SUCCESS. dag_id=my_first_dag, task_id=hello_task, run_id=scheduled__2024-06-03T00:00:00+00:00, execution_date=20240603T000000, start_date=20250218T163434, end_date=20250218T163434
[2025-02-18T16:34:34.334+0000] {local_task_job_runner.py:266} INFO - Task exited with return code 0
[2025-02-18T16:34:34.356+0000] {taskinstance.py:3901} INFO - 0 downstream tasks scheduled from follow-on schedule check
[2025-02-18T16:34:34.358+0000] {local_task_job_runner.py:245} INFO - ::endgroup::
